23/04/2019 09:43:59 a.m. Se conecto con ip:127.0.0.1MT7014029204398#BFEBFBFF0001067A
23/04/2019 09:44:01 a.m. /INVISIBLE
23/04/2019 09:44:25 a.m. Utilizó un teleport hacia el mapa 208 (31,59)
23/04/2019 09:44:26 a.m. Utilizó un teleport hacia el mapa 1 (50,50)
23/04/2019 08:28:25 p.m. Se conecto con ip:127.0.0.1MT7014029204398#BFEBFBFF0001067A
23/04/2019 08:28:26 p.m. /INVISIBLE
23/04/2019 08:29:26 p.m. Se conecto con ip:127.0.0.1MT7014029204398#BFEBFBFF0001067A
23/04/2019 08:29:27 p.m. /INVISIBLE
23/04/2019 08:30:05 p.m. Se conecto con ip:127.0.0.1MT7014029204398#BFEBFBFF0001067A
23/04/2019 08:30:15 p.m. /INVISIBLE
23/04/2019 08:31:29 p.m. Se conecto con ip:127.0.0.1MT7014029204398#BFEBFBFF0001067A
23/04/2019 09:13:51 p.m. Se conecto con ip:127.0.0.1MT7014029204398#BFEBFBFF0001067A
23/04/2019 09:13:52 p.m. /INVISIBLE
23/04/2019 09:16:20 p.m. Se conecto con ip:127.0.0.1MT7014029204398#BFEBFBFF0001067A
23/04/2019 09:16:21 p.m. /INVISIBLE
25/04/2019 10:32:21 a.m. Se conecto con ip:127.0.0.1MT7014029204398#BFEBFBFF0001067A
25/04/2019 10:32:27 a.m. /INVISIBLE
25/04/2019 10:41:16 a.m. Se conecto con ip:127.0.0.1MT7014029204398#BFEBFBFF0001067A
25/04/2019 11:05:24 a.m. Se conecto con ip:127.0.0.1MT7014029204398#BFEBFBFF0001067A
25/04/2019 11:05:28 a.m. Se conecto con ip:127.0.0.1MT7014029204398#BFEBFBFF0001067A
25/04/2019 11:05:31 a.m. Se conecto con ip:127.0.0.1MT7014029204398#BFEBFBFF0001067A
25/04/2019 11:06:03 a.m. Se conecto con ip:127.0.0.1MT7014029204398#BFEBFBFF0001067A
25/04/2019 11:06:51 a.m. Se conecto con ip:127.0.0.1MT7014029204398#BFEBFBFF0001067A
25/04/2019 11:11:04 a.m. Se conecto con ip:127.0.0.1MT7014029204398#BFEBFBFF0001067A
25/04/2019 11:11:06 a.m. /INVISIBLE
25/04/2019 11:11:12 a.m. Utilizó un teleport hacia el mapa 208 (31,59)
25/04/2019 11:11:27 a.m. Mensaje Broadcast:Hola.
25/04/2019 11:12:53 a.m. Utilizó un teleport hacia el mapa 168 (50,56)
25/04/2019 11:16:28 a.m. Tiró cantidad:1 Objeto:Bastón nudoso
25/04/2019 11:16:32 a.m. /DEST
25/04/2019 11:16:35 a.m. /CI: 632 Cantidad : 1
25/04/2019 11:16:36 a.m. Agarro:1 Objeto:Túnica de los dioses
25/04/2019 11:16:47 a.m. Tiró cantidad:1 Objeto:Sombrero de Aprendiz
25/04/2019 11:16:49 a.m. Tiró cantidad:1 Objeto:Túnica de monje (H/E/EO-H/M)
25/04/2019 11:16:51 a.m. /DEST
25/04/2019 11:16:53 a.m. /DEST
25/04/2019 11:16:56 a.m. /CI: 631 Cantidad : 1
25/04/2019 11:16:57 a.m. Agarro:1 Objeto:Túnica Celestial
25/04/2019 11:17:18 a.m. Tiró cantidad:1 Objeto:Laúd mágico
25/04/2019 11:17:20 a.m. /DEST
25/04/2019 11:17:34 a.m. Tiró cantidad:1 Objeto:Botella agua
25/04/2019 11:17:39 a.m. Utilizó un teleport hacia el mapa 208 (31,59)
25/04/2019 11:17:43 a.m. Utilizó un teleport hacia el mapa 2 (53,8)
25/04/2019 11:17:50 a.m. Utilizó un teleport hacia el mapa 39 (91,29)
25/04/2019 11:26:06 a.m. Se conecto con ip:127.0.0.1MT7014029204398#BFEBFBFF0001067A
25/04/2019 11:26:16 a.m. /INVISIBLE
17/05/2019 10:45:58 a.m. Se conecto con ip:127.0.0.1MT7014029204398#BFEBFBFF0001067A
17/05/2019 10:46:12 a.m. Se conecto con ip:127.0.0.1MT7014029204398#BFEBFBFF0001067A
17/05/2019 10:46:22 a.m. Se conecto con ip:127.0.0.1MT7014029204398#BFEBFBFF0001067A
17/05/2019 10:46:35 a.m. Se conecto con ip:127.0.0.1MT7014029204398#BFEBFBFF0001067A
17/05/2019 10:46:36 a.m. /INVISIBLE
17/05/2019 10:47:46 a.m. Hora.
17/05/2019 10:49:38 a.m. Se conecto con ip:127.0.0.1MT7014029204398#BFEBFBFF0001067A
17/05/2019 10:49:39 a.m. /INVISIBLE
17/05/2019 10:49:41 a.m. /CT 1,50,50,0
17/05/2019 10:49:41 a.m. Utilizó un teleport hacia el mapa 1 (50,50)
17/05/2019 10:49:46 a.m. Utilizó un teleport hacia el mapa 208 (31,59)
17/05/2019 10:49:47 a.m. Utilizó un teleport hacia el mapa 59 (47,44)
17/05/2019 10:50:25 a.m. /CI: 483 Cantidad : 1
17/05/2019 10:50:26 a.m. Agarro:1 Objeto:Armadura de Dragón
17/05/2019 10:50:28 a.m. Tiró cantidad:1 Objeto:Armadura de Dragón
17/05/2019 10:50:29 a.m. /DEST
17/05/2019 10:50:32 a.m. /CI: 482 Cantidad : 1
17/05/2019 10:50:33 a.m. Agarro:1 Objeto:Armadura de Dragón
17/05/2019 10:50:39 a.m. /CI: 480 Cantidad : 1
17/05/2019 10:50:39 a.m. Agarro:1 Objeto:Flecha
17/05/2019 10:50:40 a.m. Tiró cantidad:1 Objeto:Flecha
17/05/2019 10:50:43 a.m. /CI: 483 Cantidad : 1
17/05/2019 10:50:43 a.m. Agarro:1 Objeto:Armadura de Dragón
17/05/2019 10:50:47 a.m. /CI: 484 Cantidad : 1
17/05/2019 10:50:49 a.m. Agarro:1 Objeto:Armadura de herrero
17/05/2019 10:50:53 a.m. /CI: 485 Cantidad : 1
17/05/2019 10:50:54 a.m. Agarro:1 Objeto:Armadura Legendaria
17/05/2019 10:50:56 a.m. Tiró cantidad:1 Objeto:Armadura Legendaria
17/05/2019 10:50:58 a.m. Tiró cantidad:1 Objeto:Armadura de Dragón
17/05/2019 10:51:04 a.m. Agarro:1 Objeto:Armadura Legendaria
17/05/2019 10:51:06 a.m. Agarro:1 Objeto:Armadura de Dragón
17/05/2019 10:51:15 a.m. /DEST
17/05/2019 10:51:49 a.m. /CI: 479 Cantidad : 1
17/05/2019 10:51:49 a.m. Agarro:1 Objeto:Arco compuesto
17/05/2019 10:51:51 a.m. Tiró cantidad:1 Objeto:Arco compuesto
17/05/2019 10:51:53 a.m. /DEST
17/05/2019 10:54:07 a.m. Utilizó un teleport hacia el mapa 208 (31,59)
17/05/2019 10:54:20 a.m. Utilizó un teleport hacia el mapa 28 (53,9)
17/05/2019 10:54:42 a.m. Utilizó un teleport hacia el mapa 23 (59,93)
17/05/2019 10:54:42 a.m. Utilizó un teleport hacia el mapa 28 (65,8)
17/05/2019 10:54:44 a.m. Utilizó un teleport hacia el mapa 208 (31,59)
17/05/2019 10:55:19 a.m. Utilizó un teleport hacia el mapa 183 (33,66)
17/05/2019 10:55:24 a.m. Utilizó un teleport hacia el mapa 77 (47,92)
17/05/2019 10:55:29 a.m. /CI: 931 Cantidad : 1
17/05/2019 10:55:49 a.m. /CI: 404 Cantidad : 1
17/05/2019 10:55:55 a.m. /CI: 403 Cantidad : 1
17/05/2019 10:55:56 a.m. Agarro:1 Objeto:Espada de plata
17/05/2019 10:56:03 a.m. /MOD SKILLS combate+con+armas 100 yo
17/05/2019 10:56:07 a.m. /DEST
23/06/2019 10:03:08 a.m. Se conecto con ip:127.0.0.1MT7014029204398#BFEBFBFF0001067A
23/06/2019 10:03:13 a.m. /INVISIBLE
23/06/2019 10:04:11 a.m. Se conecto con ip:127.0.0.1MT7014029204398#BFEBFBFF0001067A
23/06/2019 10:04:12 a.m. /INVISIBLE
23/06/2019 10:04:59 a.m. Mensaje Broadcast:Buenos dias les queria comunicar que a partir de mañana hasta el dia 26/06/2019 el servidor permanecera cerrado para testiar unas cosas.
23/06/2019 10:05:34 a.m. Mensaje Broadcast:Si le pueden pasar el dato a sus amigos, de parte del STAFF estamos mas que agradecidos, igualmente publicaremos una nota en la pagina oficial del AO.
23/06/2019 10:06:16 a.m. Utilizó un teleport hacia el mapa 208 (31,59)
23/06/2019 10:06:17 a.m. Utilizó un teleport hacia el mapa 208 (31,59)
23/06/2019 10:06:18 a.m. Utilizó un teleport hacia el mapa 208 (31,59)
23/06/2019 10:06:20 a.m. Utilizó un teleport hacia el mapa 168 (50,56)
23/06/2019 10:09:27 a.m. Se conecto con ip:127.0.0.1MT7014029204398#BFEBFBFF0001067A
24/06/2019 08:18:03 a.m. Se conecto con ip:127.0.0.1MT7014029204398#BFEBFBFF0001067A
24/06/2019 08:18:10 a.m. /INVISIBLE
24/06/2019 08:18:12 a.m. Tiró cantidad:1 Objeto:Túnica de los dioses
24/06/2019 08:18:15 a.m. Sumoneó a Banquero en mapa 205
24/06/2019 08:18:21 a.m. Tiró cantidad:1 Objeto:Espada de plata
24/06/2019 08:18:25 a.m. Agarro:1 Objeto:Espada de plata
24/06/2019 08:18:44 a.m. /CI: 632 Cantidad : 100
24/06/2019 08:18:44 a.m. Agarro:100 Objeto:Túnica de los dioses
24/06/2019 08:18:51 a.m. /CI: 631 Cantidad : 100
24/06/2019 08:18:52 a.m. Agarro:100 Objeto:Túnica Celestial
24/06/2019 08:19:13 a.m. /CI: 922 Cantidad : 100
24/06/2019 08:19:13 a.m. Agarro:100 Objeto:Flauta magica de los dioses
24/06/2019 08:19:16 a.m. Tiró cantidad:1 Objeto:Flauta magica de los dioses
24/06/2019 08:19:51 a.m. /CI: 491 Cantidad : 100
24/06/2019 08:19:51 a.m. Agarro:100 Objeto:Túnica Celestial
24/06/2019 08:19:53 a.m. Tiró cantidad:1 Objeto:Túnica Celestial
27/06/2019 05:38:11 p.m. Se conecto con ip:127.0.0.1MT7014029204398#BFEBFBFF0001067A
27/06/2019 05:38:14 p.m. /INVISIBLE
27/06/2019 05:38:17 p.m. /CI: 1041 Cantidad : 1
27/06/2019 05:38:17 p.m. Agarro:1 Objeto:Ira de Dios
27/06/2019 05:38:35 p.m. Utilizó un teleport hacia el mapa 2 (50,8)
27/06/2019 05:38:37 p.m. Utilizó un teleport hacia el mapa 39 (91,41)
27/06/2019 05:49:46 p.m. Se conecto con ip:127.0.0.1MT7014029204398#BFEBFBFF0001067A
27/06/2019 05:49:58 p.m. /INVISIBLE
27/06/2019 05:49:58 p.m. Utilizó un teleport hacia el mapa 113 (19,8)
27/06/2019 05:50:03 p.m. Numero enemigos en mapa 113
27/06/2019 05:50:19 p.m. Numero enemigos en mapa 113
27/06/2019 05:50:24 p.m. Utilizó un teleport hacia el mapa 114 (91,63)
27/06/2019 05:50:25 p.m. Utilizó un teleport hacia el mapa 113 (10,63)
27/06/2019 05:50:34 p.m. Numero enemigos en mapa 113
27/06/2019 05:50:46 p.m. Numero enemigos en mapa 113
27/06/2019 05:50:54 p.m. Numero enemigos en mapa 113
27/06/2019 05:51:15 p.m. Numero enemigos en mapa 113
27/06/2019 05:51:23 p.m. Numero enemigos en mapa 113
27/06/2019 05:51:37 p.m. Numero enemigos en mapa 113
27/06/2019 05:51:46 p.m. Numero enemigos en mapa 113
27/06/2019 05:52:20 p.m. Numero enemigos en mapa 24
27/06/2019 05:52:28 p.m. Utilizó un teleport hacia el mapa 23 (91,91)
27/06/2019 05:52:32 p.m. Utilizó un teleport hacia el mapa 24 (10,91)
27/06/2019 06:28:45 p.m. Se conecto con ip:127.0.0.1MT7014029204398#BFEBFBFF0001067A
27/06/2019 06:30:45 p.m. Se conecto con ip:127.0.0.1MT7014029204398#BFEBFBFF0001067A
27/06/2019 06:30:47 p.m. /INVISIBLE
27/06/2019 06:30:49 p.m. Numero enemigos en mapa 24
27/06/2019 06:31:28 p.m. Utilizó un teleport hacia el mapa 94 (36,8)
27/06/2019 06:31:29 p.m. Utilizó un teleport hacia el mapa 24 (33,93)
27/06/2019 06:31:34 p.m. Utilizó un teleport hacia el mapa 23 (91,90)
27/06/2019 06:31:35 p.m. Utilizó un teleport hacia el mapa 24 (10,89)
27/06/2019 06:33:36 p.m. Se conecto con ip:127.0.0.1MT7014029204398#BFEBFBFF0001067A
27/06/2019 06:33:38 p.m. /INVISIBLE
27/06/2019 06:33:49 p.m. Se conecto con ip:127.0.0.1MT7014029204398#BFEBFBFF0001067A
27/06/2019 06:33:59 p.m. Se conecto con ip:127.0.0.1MT7014029204398#BFEBFBFF0001067A
27/06/2019 06:34:02 p.m. /INVISIBLE
27/06/2019 06:34:28 p.m. Se conecto con ip:127.0.0.1MT7014029204398#BFEBFBFF0001067A
27/06/2019 06:34:29 p.m. /INVISIBLE
27/06/2019 06:35:17 p.m. Se conecto con ip:127.0.0.1MT7014029204398#BFEBFBFF0001067A
27/06/2019 06:35:18 p.m. /INVISIBLE
27/06/2019 06:35:35 p.m. Utilizó un teleport hacia el mapa 188 (8,36)
27/06/2019 06:36:16 p.m. Utilizó un teleport hacia el mapa 175 (50,50)
27/06/2019 06:37:19 p.m. /CI: 531 Cantidad : 100
27/06/2019 06:37:19 p.m. Agarro:100 Objeto:Descarga electrica
27/06/2019 06:37:21 p.m. Sumoneó a Banquero en mapa 205
27/06/2019 06:37:30 p.m. /CI: 530 Cantidad : 100
27/06/2019 06:37:31 p.m. Agarro:100 Objeto:Inmovilizar
27/06/2019 06:37:32 p.m. Tiró cantidad:99 Objeto:Inmovilizar
27/06/2019 06:37:33 p.m. Agarro:99 Objeto:Inmovilizar
27/06/2019 06:37:38 p.m. /CI: 528 Cantidad : 100
27/06/2019 06:37:39 p.m. Agarro:100 Objeto:Túnica de Gloria
27/06/2019 06:37:45 p.m. /CI: 527 Cantidad : 100
27/06/2019 06:37:48 p.m. Agarro:100 Objeto:Ropa de cuero (E/G-M)
27/06/2019 06:37:49 p.m. Tiró cantidad:100 Objeto:Ropa de cuero (E/G-M)
27/06/2019 06:38:02 p.m. /CI: 529 Cantidad : 100
27/06/2019 06:38:03 p.m. Agarro:100 Objeto:Armadura de cuero (H/E/EO-M)
27/06/2019 06:38:18 p.m. /DEST
27/06/2019 06:39:46 p.m. /MOD SKILLS tacticas+de+combate 100 yo
27/06/2019 06:40:08 p.m. Se conecto con ip:127.0.0.1MT7014029204398#BFEBFBFF0001067A
27/06/2019 06:41:29 p.m. /INVISIBLE
27/06/2019 06:42:24 p.m. /CI: 532 Cantidad : 100
27/06/2019 06:42:24 p.m. Agarro:100 Objeto:Apocalipsis
27/06/2019 06:42:30 p.m. Sumoneó a Sacerdote en mapa 205
27/06/2019 06:42:35 p.m. /MATA 
27/06/2019 06:42:42 p.m. Sumoneo Cofre JDH
27/06/2019 06:42:56 p.m. Agarro:1 Objeto:Daga + 4
27/06/2019 06:43:00 p.m. Agarro:15 Objeto:Poción amarilla
27/06/2019 06:43:00 p.m. Agarro:15 Objeto:Poción verde
27/06/2019 06:43:01 p.m. Agarro:153 Objeto:Poción azul
27/06/2019 06:43:01 p.m. Agarro:158 Objeto:Poción roja
27/06/2019 06:43:13 p.m. Utilizó un teleport hacia el mapa 208 (31,59)
27/06/2019 06:43:20 p.m. Utilizó un teleport hacia el mapa 76 (47,52)
27/06/2019 06:43:22 p.m. Utilizó un teleport hacia el mapa 115 (46,92)
27/06/2019 06:43:38 p.m. Agarro:1 Objeto:Vestimenta de Liche (QUEST)
27/06/2019 06:43:39 p.m. Tiró cantidad:1 Objeto:Vestimenta de Liche (QUEST)
27/06/2019 06:43:40 p.m. Agarro:1 Objeto:Vestimenta de Liche (QUEST)
27/06/2019 06:43:40 p.m. Tiró cantidad:1 Objeto:Vestimenta de Liche (QUEST)
27/06/2019 06:43:42 p.m. Agarro:1 Objeto:Vestimenta de Liche (QUEST)
27/06/2019 06:43:43 p.m. Tiró cantidad:1 Objeto:Vestimenta de Liche (QUEST)
27/06/2019 06:43:45 p.m. /DEST
27/06/2019 06:43:56 p.m. /DEST
27/06/2019 06:44:19 p.m. Agarro:1 Objeto:Vestimenta de Liche (QUEST)
27/06/2019 06:44:21 p.m. Utilizó un teleport hacia el mapa 76 (47,50)
27/06/2019 06:44:22 p.m. Utilizó un teleport hacia el mapa 208 (31,59)
27/06/2019 06:45:31 p.m. Utilizó un teleport hacia el mapa 185 (54,85)
27/06/2019 06:45:42 p.m. Utilizó un teleport hacia el mapa 177 (64,93)
27/06/2019 06:46:09 p.m. Utilizó un teleport hacia el mapa 53 (50,90)
27/06/2019 06:46:12 p.m. Utilizó un teleport hacia el mapa 7 (46,8)
27/06/2019 06:46:20 p.m. Utilizó un teleport hacia el mapa 208 (31,59)
27/06/2019 06:46:21 p.m. Utilizó un teleport hacia el mapa 1 (50,50)
27/06/2019 06:46:22 p.m. Utilizó un teleport hacia el mapa 208 (31,59)
27/06/2019 06:46:25 p.m. Utilizó un teleport hacia el mapa 24 (85,33)
27/06/2019 06:50:37 p.m. Se conecto con ip:127.0.0.1MT7014029204398#BFEBFBFF0001067A
27/06/2019 06:54:03 p.m. Se conecto con ip:127.0.0.1MT7014029204398#BFEBFBFF0001067A
27/06/2019 06:54:13 p.m. Utilizó un teleport hacia el mapa 208 (31,59)
27/06/2019 06:54:25 p.m. /INVISIBLE
27/06/2019 07:11:07 p.m. Se conecto con ip:127.0.0.1MT7014029204398#BFEBFBFF0001067A
27/06/2019 07:11:19 p.m. /INVISIBLE
27/06/2019 07:11:25 p.m. Utilizó un teleport hacia el mapa 76 (47,52)
27/06/2019 07:11:26 p.m. Utilizó un teleport hacia el mapa 115 (45,92)
27/06/2019 07:11:44 p.m. Utilizó un teleport hacia el mapa 208 (31,59)
27/06/2019 10:06:00 p.m. Se conecto con ip:127.0.0.1MT7014029204398#BFEBFBFF0001067A
27/06/2019 10:06:01 p.m. /INVISIBLE
27/06/2019 10:08:20 p.m. Sumoneó a Mercader en mapa 205
27/06/2019 10:08:26 p.m. /MATA 
28/06/2019 10:11:34 a.m. Se conecto con ip:127.0.0.1MT7014029204398#BFEBFBFF0001067A
28/06/2019 10:11:41 a.m. /INVISIBLE
28/06/2019 10:11:42 a.m. /INVISIBLE
28/06/2019 10:11:42 a.m. /INVISIBLE
28/06/2019 10:11:58 a.m. /CI: 133 Cantidad : 100
28/06/2019 10:11:59 a.m. Agarro:100 Objeto:Escudo Imperial
28/06/2019 10:12:13 a.m. /CI: 990 Cantidad : 1
28/06/2019 10:12:17 a.m. /CI: 600 Cantidad : 1
28/06/2019 10:12:19 a.m. /DEST
28/06/2019 10:12:22 a.m. /CI: 991 Cantidad : 1
28/06/2019 10:12:33 a.m. /CI: 646 Cantidad : 100
28/06/2019 10:12:34 a.m. Agarro:100 Objeto:Anillo de Disolución Mágica
28/06/2019 10:12:42 a.m. /CI: 700 Cantidad : 100
28/06/2019 10:12:44 a.m. /DEST
28/06/2019 10:12:47 a.m. /CI: 699 Cantidad : 100
28/06/2019 10:12:50 a.m. /DEST
28/06/2019 10:16:48 a.m. /CI: 1036 Cantidad : 100
28/06/2019 10:16:48 a.m. Agarro:100 Objeto:Corona de Rey Promocional
28/06/2019 10:17:12 a.m. /CI: 900 Cantidad : 1
28/06/2019 10:17:12 a.m. Agarro:1 Objeto:Túnica de Rey Pretoriano
28/06/2019 10:17:22 a.m. /CI: 899 Cantidad : 100
28/06/2019 10:17:23 a.m. Agarro:100 Objeto:Corona de Rey Pretoriano
28/06/2019 10:17:32 a.m. Tiró cantidad:1 Objeto:Corona de Rey Pretoriano
28/06/2019 10:17:33 a.m. Agarro:1 Objeto:Corona de Rey Pretoriano
28/06/2019 10:18:02 a.m. /CI: 903 Cantidad : 100
28/06/2019 10:18:02 a.m. Agarro:100 Objeto:Vara de Mago
28/06/2019 10:18:04 a.m. Tiró cantidad:100 Objeto:Corona de Rey Promocional
28/06/2019 10:18:06 a.m. /DEST
28/06/2019 10:18:24 a.m. /CI: 1043 Cantidad : 1
28/06/2019 10:18:24 a.m. Agarro:1 Objeto:Ticket de Experiencia
28/06/2019 10:18:43 a.m. /CI: 1043 Cantidad : 1
28/06/2019 10:18:43 a.m. Agarro:1 Objeto:Ticket de Experiencia
28/06/2019 10:19:09 a.m. /CI: 898 Cantidad : 1
28/06/2019 10:19:11 a.m. /DEST
28/06/2019 10:19:19 a.m. /CI: 896 Cantidad : 1
28/06/2019 10:19:23 a.m. /DEST
28/06/2019 10:19:29 a.m. /CI: 895 Cantidad : 1
28/06/2019 10:19:31 a.m. /DEST
28/06/2019 10:20:11 a.m. /CI: 1043 Cantidad : 1000
28/06/2019 10:20:11 a.m. Agarro:1000 Objeto:Ticket de Experiencia
28/06/2019 10:20:20 a.m. Tiró cantidad:1 Objeto:Ticket de Experiencia
28/06/2019 10:20:22 a.m. Agarro:1 Objeto:Ticket de Experiencia
28/06/2019 10:21:08 a.m. Tiró cantidad:1 Objeto:Ticket de Experiencia
28/06/2019 12:19:06 p.m. Se conecto con ip:127.0.0.1MT7014029204398#BFEBFBFF0001067A
28/06/2019 12:19:09 p.m. /INVISIBLE
28/06/2019 12:19:14 p.m. Sumoneó a Mercader en mapa 1
28/06/2019 12:20:13 p.m. Sumoneó a Mercader en mapa 1
28/06/2019 12:20:23 p.m. Utilizó un teleport hacia el mapa 208 (31,59)
28/06/2019 12:20:24 p.m. Utilizó un teleport hacia el mapa 1 (50,50)
28/06/2019 12:20:32 p.m. /MATA 
28/06/2019 12:22:04 p.m. Utilizó un teleport hacia el mapa 208 (31,59)
28/06/2019 12:22:16 p.m. Utilizó un teleport hacia el mapa 128 (85,70)
28/06/2019 12:22:25 p.m. /CI: 474 Cantidad : 1
28/06/2019 12:22:25 p.m. Agarro:1 Objeto:Barca
28/06/2019 12:23:05 p.m. /INVISIBLE
28/06/2019 12:23:06 p.m. /INVISIBLE
28/06/2019 12:23:06 p.m. /INVISIBLE
28/06/2019 12:23:06 p.m. /INVISIBLE
28/06/2019 12:23:06 p.m. /INVISIBLE
28/06/2019 12:23:06 p.m. /INVISIBLE
28/06/2019 12:23:24 p.m. /CT 1,50,50,0
28/06/2019 12:23:24 p.m. Utilizó un teleport hacia el mapa 1 (50,50)
28/06/2019 12:23:26 p.m. Utilizó un teleport hacia el mapa 208 (31,59)
28/06/2019 12:23:36 p.m. Utilizó un teleport hacia el mapa 98 (31,66)
28/06/2019 12:23:38 p.m. Utilizó un teleport hacia el mapa 208 (31,59)
28/06/2019 12:23:44 p.m. Utilizó un teleport hacia el mapa 183 (33,66)
28/06/2019 12:23:49 p.m. Utilizó un teleport hacia el mapa 77 (47,92)
28/06/2019 12:25:32 p.m. Sumoneó a Mago en mapa 1
28/06/2019 12:26:14 p.m. /CI: 199 Cantidad : 1
28/06/2019 12:26:14 p.m. Agarro:1 Objeto:Dardo Desterium
28/06/2019 12:26:24 p.m. Tiró cantidad:1 Objeto:Dardo Desterium
28/06/2019 12:26:26 p.m. /DEST
28/06/2019 12:28:53 p.m. Se conecto con ip:127.0.0.1MT7014029204398#BFEBFBFF0001067A
30/06/2019 11:14:09 p.m. Se conecto con ip:25.9.234.177MT7014029204398#BFEBFBFF0001067A
30/06/2019 11:14:13 p.m. /INVISIBLE
30/06/2019 11:42:11 p.m. Se conecto con ip:25.9.234.177MT7014029204398#BFEBFBFF0001067A
30/06/2019 11:42:13 p.m. /INVISIBLE
30/06/2019 11:42:15 p.m. /INVISIBLE
30/06/2019 11:43:21 p.m. /INVISIBLE
30/06/2019 11:43:31 p.m. /INVISIBLE
30/06/2019 11:43:38 p.m. /CT 1,50,50,0
30/06/2019 11:43:40 p.m. Utilizó un teleport hacia el mapa 1 (50,50)
30/06/2019 11:43:59 p.m. /INVISIBLE
30/06/2019 11:44:03 p.m. /INVISIBLE
30/06/2019 11:44:55 p.m. /INVISIBLE
30/06/2019 11:45:07 p.m. /INVISIBLE
03/07/2019 08:39:48 a.m. Se conecto con ip:127.0.0.1MT7014029204398#BFEBFBFF0001067A
03/07/2019 08:39:50 a.m. /INVISIBLE
03/07/2019 08:40:24 a.m. Sumoneó a Mercader en mapa 1
03/07/2019 08:41:52 a.m. /CI: 470 Cantidad : 1
03/07/2019 08:42:00 a.m. /CI: 827 Cantidad : 1
03/07/2019 08:42:03 a.m. /DEST
03/07/2019 08:42:38 a.m. Se conecto con ip:127.0.0.1MT7014029204398#BFEBFBFF0001067A
03/07/2019 08:42:40 a.m. Se conecto con ip:127.0.0.1MT7014029204398#BFEBFBFF0001067A
03/07/2019 08:42:43 a.m. /INVISIBLE
03/07/2019 08:42:45 a.m. Sumoneó a Mercader en mapa 1
03/07/2019 08:42:48 a.m. Sumoneó a Mercader en mapa 1
03/07/2019 08:42:51 a.m. /MATA 
03/07/2019 08:46:48 a.m. Se conecto con ip:127.0.0.1MT7014029204398#BFEBFBFF0001067A
03/07/2019 08:46:51 a.m. /INVISIBLE
03/07/2019 08:46:54 a.m. Sumoneó a Mercader en mapa 1
03/07/2019 10:27:32 a.m. Se conecto con ip:127.0.0.1MT7014029204398#BFEBFBFF0001067A
03/07/2019 10:27:39 a.m. /INVISIBLE
03/07/2019 10:33:48 a.m. Se conecto con ip:127.0.0.1MT7014029204398#BFEBFBFF0001067A
03/07/2019 10:34:09 a.m. /INVISIBLE
03/07/2019 10:35:16 a.m. Se conecto con ip:127.0.0.1MT7014029204398#BFEBFBFF0001067A
03/07/2019 10:38:13 a.m. Se conecto con ip:127.0.0.1MT7014029204398#BFEBFBFF0001067A
03/07/2019 10:38:18 a.m. /INVISIBLE
03/07/2019 10:38:25 a.m. Sumoneo Dragón Rojo
03/07/2019 10:38:38 a.m. Sumoneo Dragón Rojo
03/07/2019 10:38:48 a.m. Sumoneo Dragón Rojo
03/07/2019 10:40:17 a.m. Se conecto con ip:127.0.0.1MT7014029204398#BFEBFBFF0001067A
03/07/2019 10:56:04 a.m. Se conecto con ip:127.0.0.1MT7014029204398#BFEBFBFF0001067A
03/07/2019 10:56:15 a.m. /INVISIBLE
03/07/2019 10:56:25 a.m. Mensaje Broadcast:Esquinas, sale en.
03/07/2019 10:56:41 a.m. Mensaje Broadcast:DruidasFinal> Ganador Sherlock
03/07/2019 10:57:14 a.m. Mensaje Broadcast:FinalFinal> Ganador del evento Sherlock
03/07/2019 10:57:31 a.m. Mensaje Broadcast:Titan Del Mes> Sherlock se consagra Titan del Mes.
03/07/2019 10:58:00 a.m. Tiró cantidad:1 Objeto:Barca
03/07/2019 10:58:00 a.m. Agarro:1 Objeto:Barca
03/07/2019 12:06:13 p.m. Se conecto con ip:127.0.0.1MT7014029204398#BFEBFBFF0001067A
03/07/2019 12:06:17 p.m. Sumoneó a Mercader en mapa 1
03/07/2019 12:06:20 p.m. /MATA 
03/07/2019 12:06:25 p.m. Sumoneó a Mercader en mapa 1
03/07/2019 01:02:50 p.m. Se conecto con ip:127.0.0.1MT7014029204398#BFEBFBFF0001067A
03/07/2019 01:02:53 p.m. Tiró cantidad:100 Objeto:Ticket de Experiencia
03/07/2019 01:03:37 p.m. Se conecto con ip:127.0.0.1MT7014029204398#BFEBFBFF0001067A
03/07/2019 01:03:45 p.m. /CI: 474 Cantidad : 1000
03/07/2019 03:13:30 p.m. Se conecto con ip:127.0.0.1MT7014029204398#BFEBFBFF0001067A
03/07/2019 03:13:36 p.m. Agarro:900 Objeto:Barca
03/07/2019 03:13:40 p.m. /INVISIBLE
03/07/2019 03:14:14 p.m. /INVISIBLE
03/07/2019 03:14:20 p.m. /INVISIBLE
03/07/2019 10:25:33 p.m. Se conecto con ip:127.0.0.1MT7014029204398#BFEBFBFF0001067A
03/07/2019 10:25:36 p.m. /INVISIBLE
03/07/2019 10:25:42 p.m. /CT 1,50,50,0
03/07/2019 10:25:43 p.m. Utilizó un teleport hacia el mapa 1 (50,50)
03/07/2019 10:26:38 p.m. Sumoneó a Mercader en mapa 1
03/07/2019 10:27:24 p.m. /CI: 474 Cantidad : 1500
03/07/2019 10:27:24 p.m. Agarro:1500 Objeto:Barca
03/07/2019 10:28:34 p.m. Sumoneó a Moraday en mapa 1
03/07/2019 10:29:27 p.m. Sumoneó a Rantarisk en mapa 1
03/07/2019 10:30:06 p.m. Sumoneó a Guldorf en mapa 1
03/07/2019 10:30:27 p.m. Sumoneó a Vendedor de propiedades. en mapa 1
03/07/2019 10:31:17 p.m. Tiró cantidad:100 Objeto:Leña
03/07/2019 10:33:13 p.m. /CT 34,50,50,0
03/07/2019 10:33:13 p.m. Utilizó un teleport hacia el mapa 34 (50,50)
03/07/2019 10:36:43 p.m. Sumoneó a . en mapa 34
03/07/2019 10:37:25 p.m. Sumoneó a Sanmra en mapa 34
03/07/2019 10:38:06 p.m. Sumoneó a Renkin en mapa 34
03/07/2019 10:38:13 p.m. Sumoneó a Lawlieth en mapa 34
03/07/2019 10:39:03 p.m. Sumoneó a Rey Ixtab en mapa 34
03/07/2019 10:39:16 p.m. Sumoneó a Yum Cimil en mapa 34
03/07/2019 10:39:25 p.m. Sumoneó a Yum Cimil en mapa 34
03/07/2019 10:39:28 p.m. Sumoneó a Xaman Ek en mapa 34
03/07/2019 10:39:31 p.m. Sumoneó a Kauil en mapa 34
03/07/2019 10:39:33 p.m. Sumoneó a Xaman Ek en mapa 34
03/07/2019 10:40:32 p.m. Agarro:1 Objeto:Vestimentas de Noble (G/E-H/M)
03/07/2019 10:48:05 p.m. /CI: 543 Cantidad : 1
03/07/2019 10:48:10 p.m. Agarro:1 Objeto:Red de pesca
03/07/2019 10:48:26 p.m. Sumoneó a Rantarisk en mapa 34
03/07/2019 10:48:34 p.m. Sumoneó a Pescador en mapa 34
03/07/2019 10:48:42 p.m. /MATA 
03/07/2019 10:48:44 p.m. /MATA 
03/07/2019 10:51:26 p.m. /CI: 475 Cantidad : 1
03/07/2019 10:51:30 p.m. Tiró cantidad:1 Objeto:Caña de pescar
03/07/2019 10:51:32 p.m. Tiró cantidad:1 Objeto:Red de pesca
03/07/2019 10:51:34 p.m. Tiró cantidad:100 Objeto:Ticket de Experiencia
03/07/2019 10:54:24 p.m. Se conecto con ip:127.0.0.1MT7014029204398#BFEBFBFF0001067A
03/07/2019 10:54:26 p.m. Tiró cantidad:1 Objeto:Ropa de pordiosero
03/07/2019 10:54:39 p.m. /CT 34,50,50,0
03/07/2019 10:55:40 p.m. Se conecto con ip:127.0.0.1MT7014029204398#BFEBFBFF0001067A
03/07/2019 10:55:42 p.m. Utilizó un teleport hacia el mapa 34 (50,50)
03/07/2019 10:55:46 p.m. /INVISIBLE
03/07/2019 10:55:53 p.m. /CI: 474 Cantidad : 1
03/07/2019 10:56:34 p.m. Se conecto con ip:127.0.0.1MT7014029204398#BFEBFBFF0001067A
03/07/2019 10:56:38 p.m. /CT 1,50,50,0
03/07/2019 11:09:16 p.m. Se conecto con ip:127.0.0.1MT7014029204398#BFEBFBFF0001067A
03/07/2019 11:09:17 p.m. /INVISIBLE
03/07/2019 11:10:19 p.m. Tiró cantidad:100 Objeto:Hacha de leñador
03/07/2019 11:10:21 p.m. Agarro:100 Objeto:Hacha de leñador
03/07/2019 11:10:45 p.m. Tiró cantidad:100 Objeto:Hacha de leñador
03/07/2019 11:11:10 p.m. Tiró cantidad:1 Objeto:Llave Ullathorpe casa 1
03/07/2019 11:11:11 p.m. Agarro:1 Objeto:Llave Ullathorpe casa 1
03/07/2019 11:11:25 p.m. Tiró cantidad:1 Objeto:Espada de plata
03/07/2019 11:12:26 p.m. /MOD SKILLS talar 100 yo
03/07/2019 11:12:40 p.m. Tiró cantidad:1 Objeto:Leña
03/07/2019 11:12:41 p.m. Agarro:1 Objeto:Leña
03/07/2019 11:13:00 p.m. Utilizó un teleport hacia el mapa 62 (71,40)
03/07/2019 11:13:03 p.m. Tiró cantidad:10 Objeto:Leña
03/07/2019 11:13:04 p.m. Tiró cantidad:1 Objeto:Vestimentas de Noble (G/E-H/M)
04/07/2019 09:07:43 a.m. Se conecto con ip:127.0.0.1MT7014029204398#BFEBFBFF0001067A
04/07/2019 09:07:46 a.m. /INVISIBLE
04/07/2019 09:07:52 a.m. /CI: 880 Cantidad : 100
04/07/2019 09:07:54 a.m. Tiró cantidad:3 Objeto:Poción amarilla
04/07/2019 09:07:56 a.m. Agarro:100 Objeto:Runas
04/07/2019 09:07:58 a.m. Sumoneó a Banquero en mapa 62
04/07/2019 09:08:03 a.m. /CI: 880 Cantidad : 1500
04/07/2019 09:08:03 a.m. Agarro:1500 Objeto:Runas
04/07/2019 09:08:20 a.m. Se conecto con ip:127.0.0.1MT7014029204398#BFEBFBFF0001067A
04/07/2019 09:08:21 a.m. /INVISIBLE
04/07/2019 09:08:32 a.m. Agarro:3 Objeto:Poción amarilla
04/07/2019 09:09:10 a.m. Tiró cantidad:1 Objeto:Hacha dorada
04/07/2019 09:09:14 a.m. /CI: 402 Cantidad : 100
04/07/2019 09:09:22 a.m. /CI: 401 Cantidad : 100
04/07/2019 09:09:25 a.m. /CI: 401 Cantidad : 100
04/07/2019 09:09:29 a.m. /CI: 403 Cantidad : 100
04/07/2019 09:09:29 a.m. Agarro:100 Objeto:Espada de plata
04/07/2019 09:09:35 a.m. /CI: 405 Cantidad : 100
04/07/2019 09:09:35 a.m. Agarro:100 Objeto:Casco de plata
04/07/2019 09:09:39 a.m. Tiró cantidad:1 Objeto:Bastón nudoso
04/07/2019 09:09:44 a.m. Tiró cantidad:100 Objeto:Casco de plata
04/07/2019 09:09:44 a.m. Agarro:100 Objeto:Casco de plata
04/07/2019 09:09:58 a.m. Tiró cantidad:1 Objeto:Red de pesca
04/07/2019 09:09:59 a.m. Agarro:1 Objeto:Bastón nudoso
04/07/2019 09:10:08 a.m. Tiró cantidad:29 Objeto:Poción azul
04/07/2019 09:12:36 a.m. Se conecto con ip:127.0.0.1MT7014029204398#BFEBFBFF0001067A
04/07/2019 09:12:37 a.m. /INVISIBLE
04/07/2019 09:12:48 a.m. Tiró cantidad:1 Objeto:Monedas de oro
04/07/2019 09:12:50 a.m. Tiró cantidad:1 Objeto:Monedas de oro
04/07/2019 09:12:55 a.m. Tiró cantidad:10000 Objeto:Monedas de oro
04/07/2019 09:14:50 a.m. Se conecto con ip:127.0.0.1MT7014029204398#BFEBFBFF0001067A
04/07/2019 09:14:51 a.m. /INVISIBLE
04/07/2019 09:15:07 a.m. Se conecto con ip:127.0.0.1MT7014029204398#BFEBFBFF0001067A
04/07/2019 09:15:08 a.m. Tiró cantidad:100 Objeto:Vara de Mago
04/07/2019 09:15:09 a.m. Agarro:100 Objeto:Vara de Mago
04/07/2019 09:15:13 a.m. Tiró cantidad:10000 Objeto:Monedas de oro
04/07/2019 09:15:19 a.m. /INVISIBLE
04/07/2019 09:15:23 a.m. /CI: 400 Cantidad : 100
04/07/2019 09:15:23 a.m. Agarro:100 Objeto:Vara de Mago Legendaria
04/07/2019 09:15:36 a.m. /CI: 403 Cantidad : 100
04/07/2019 09:15:37 a.m. Agarro:100 Objeto:Espada de plata
04/07/2019 09:15:40 a.m. /CI: 404 Cantidad : 100
04/07/2019 09:15:41 a.m. Agarro:100 Objeto:Escudo de tortuga
04/07/2019 09:15:45 a.m. Tiró cantidad:100 Objeto:Escudo de tortuga
04/07/2019 09:15:50 a.m. /CI: 401 Cantidad : 100
04/07/2019 09:15:51 a.m. Agarro:100 Objeto:Martillo de guerra
04/07/2019 09:15:53 a.m. Tiró cantidad:1 Objeto:Caña de pescar
04/07/2019 09:16:55 a.m. /CT 1,50,50,0
04/07/2019 09:16:55 a.m. Utilizó un teleport hacia el mapa 1 (50,50)
04/07/2019 09:17:29 a.m. /CI: 480 Cantidad : 1
04/07/2019 09:17:35 a.m. /CI: 481 Cantidad : 1
04/07/2019 09:17:36 a.m. Agarro:1 Objeto:Armadura de Dragón
04/07/2019 09:18:41 a.m. Se conecto con ip:127.0.0.1MT7014029204398#BFEBFBFF0001067A
04/07/2019 09:18:42 a.m. /INVISIBLE
04/07/2019 09:19:43 a.m. Tiró cantidad:3 Objeto:Poción amarilla
04/07/2019 09:19:54 a.m. Agarro:3 Objeto:Poción amarilla
04/07/2019 09:20:39 a.m. Tiró cantidad:1 Objeto:Bastón nudoso
04/07/2019 09:20:43 a.m. Tiró cantidad:1 Objeto:Mimetismo
04/07/2019 09:20:44 a.m. Agarro:1 Objeto:Bastón nudoso
04/07/2019 09:23:54 a.m. Se conecto con ip:127.0.0.1MT7014029204398#BFEBFBFF0001067A
04/07/2019 09:23:55 a.m. /INVISIBLE
04/07/2019 09:24:14 a.m. Se conecto con ip:127.0.0.1MT7014029204398#BFEBFBFF0001067A
04/07/2019 09:24:22 a.m. Utilizó un teleport hacia el mapa 208 (31,59)
04/07/2019 09:24:24 a.m. /INVISIBLE
04/07/2019 09:24:51 a.m. Sumoneó a Pescador en mapa 49
04/07/2019 09:24:56 a.m. Sumoneó a Leñador en mapa 49
04/07/2019 09:25:02 a.m. Tiró cantidad:100 Objeto:Martillo de guerra
04/07/2019 09:25:16 a.m. Tiró cantidad:400 Objeto:Hacha de leñador
04/07/2019 09:28:53 a.m. Utilizó un teleport hacia el mapa 166 (49,50)
04/07/2019 09:28:58 a.m. Numero enemigos en mapa 166
04/07/2019 09:29:18 a.m. Utilizó un teleport hacia el mapa 208 (31,59)
04/07/2019 09:29:29 a.m. Utilizó un teleport hacia el mapa 76 (47,52)
04/07/2019 09:29:32 a.m. Utilizó un teleport hacia el mapa 115 (45,92)
04/07/2019 09:29:36 a.m. Numero enemigos en mapa 115
04/07/2019 09:30:16 a.m. Utilizó un teleport hacia el mapa 76 (47,50)
04/07/2019 09:30:18 a.m. Utilizó un teleport hacia el mapa 208 (31,59)
04/07/2019 09:37:54 a.m. Se conecto con ip:127.0.0.1MT7014029204398#BFEBFBFF0001067A
04/07/2019 09:37:55 a.m. /INVISIBLE
04/07/2019 09:37:57 a.m. Sumoneó a Gobernador en mapa 208
04/07/2019 09:38:08 a.m. Sumoneó a Nywus en mapa 208
04/07/2019 09:43:44 a.m. Se conecto con ip:127.0.0.1MT7014029204398#BFEBFBFF0001067A
04/07/2019 09:43:47 a.m. Sumoneó a Nywus en mapa 208
04/07/2019 09:43:48 a.m. /INVISIBLE
04/07/2019 09:43:51 a.m. Tiró cantidad:100 Objeto:Leña
04/07/2019 09:45:10 a.m. Se conecto con ip:127.0.0.1MT7014029204398#BFEBFBFF0001067A
04/07/2019 09:45:11 a.m. /INVISIBLE
04/07/2019 09:45:14 a.m. Sumoneó a Nywus en mapa 208
04/07/2019 09:48:10 a.m. Se conecto con ip:127.0.0.1MT7014029204398#BFEBFBFF0001067A
04/07/2019 09:48:12 a.m. Sumoneó a Nywus en mapa 208
04/07/2019 09:48:17 a.m. /INVISIBLE
04/07/2019 09:48:18 a.m. /INVISIBLE
04/07/2019 09:48:18 a.m. /INVISIBLE
04/07/2019 09:48:32 a.m. Utilizó un teleport hacia el mapa 76 (47,52)
04/07/2019 09:48:33 a.m. Utilizó un teleport hacia el mapa 115 (46,92)
04/07/2019 09:48:40 a.m. Agarro:1 Objeto:Vestimenta de Liche (QUEST)
04/07/2019 09:48:52 a.m. Agarro:1 Objeto:Vestimenta de Liche (QUEST)
04/07/2019 09:49:04 a.m. Agarro:1 Objeto:Vestimenta de Liche (QUEST)
04/07/2019 09:49:04 a.m. Agarro:1 Objeto:Vestimenta de Liche (QUEST)
04/07/2019 09:49:09 a.m. Agarro:1 Objeto:Vestimenta de Liche (QUEST)
04/07/2019 09:49:13 a.m. Agarro:1 Objeto:Vestimenta de Liche (QUEST)
04/07/2019 09:49:17 a.m. Agarro:1 Objeto:Vestimenta de Liche (QUEST)
04/07/2019 09:49:21 a.m. Agarro:1 Objeto:Vestimenta de Liche (QUEST)
04/07/2019 09:49:22 a.m. Agarro:1 Objeto:Vestimenta de Liche (QUEST)
04/07/2019 09:49:28 a.m. Agarro:1 Objeto:Vestimenta de Liche (QUEST)
04/07/2019 09:49:32 a.m. Utilizó un teleport hacia el mapa 76 (47,50)
04/07/2019 09:49:33 a.m. Utilizó un teleport hacia el mapa 208 (31,59)
04/07/2019 09:56:23 a.m. Se conecto con ip:127.0.0.1MT7014029204398#BFEBFBFF0001067A
04/07/2019 09:56:25 a.m. Sumoneó a Nywus en mapa 208
04/07/2019 09:56:27 a.m. Tiró cantidad:1 Objeto:Runas
04/07/2019 09:56:39 a.m. /INVISIBLE
04/07/2019 10:07:40 a.m. Se conecto con ip:127.0.0.1MT7014029204398#BFEBFBFF0001067A
04/07/2019 10:07:42 a.m. /INVISIBLE
04/07/2019 10:07:44 a.m. Sumoneó a Nywus en mapa 208
04/07/2019 10:08:14 a.m. Utilizó un teleport hacia el mapa 76 (47,52)
04/07/2019 10:08:15 a.m. Utilizó un teleport hacia el mapa 115 (45,92)
04/07/2019 10:08:30 a.m. Agarro:1 Objeto:Vestimenta de Liche (QUEST)
04/07/2019 10:08:36 a.m. Agarro:1 Objeto:Vestimenta de Liche (QUEST)
04/07/2019 10:08:44 a.m. Agarro:1 Objeto:Vestimenta de Liche (QUEST)
04/07/2019 10:08:50 a.m. Agarro:1 Objeto:Vestimenta de Liche (QUEST)
04/07/2019 10:08:54 a.m. Agarro:1 Objeto:Vestimenta de Liche (QUEST)
04/07/2019 10:08:57 a.m. Agarro:1 Objeto:Vestimenta de Liche (QUEST)
04/07/2019 10:09:01 a.m. Agarro:1 Objeto:Vestimenta de Liche (QUEST)
04/07/2019 10:09:08 a.m. Agarro:1 Objeto:Vestimenta de Liche (QUEST)
04/07/2019 10:09:14 a.m. Agarro:1 Objeto:Vestimenta de Liche (QUEST)
04/07/2019 10:09:16 a.m. Agarro:1 Objeto:Vestimenta de Liche (QUEST)
04/07/2019 10:09:19 a.m. Agarro:1 Objeto:Vestimenta de Liche (QUEST)
04/07/2019 10:09:23 a.m. Agarro:1 Objeto:Vestimenta de Liche (QUEST)
04/07/2019 10:09:30 a.m. Utilizó un teleport hacia el mapa 76 (47,50)
04/07/2019 10:09:31 a.m. Utilizó un teleport hacia el mapa 208 (31,59)
04/07/2019 10:45:05 a.m. Se conecto con ip:127.0.0.1MT7014029204398#BFEBFBFF0001067A
04/07/2019 10:45:11 a.m. /INVISIBLE
04/07/2019 10:49:29 a.m. Se conecto con ip:127.0.0.1MT7014029204398#BFEBFBFF0001067A
04/07/2019 10:49:30 a.m. /INVISIBLE
04/07/2019 10:49:41 a.m. Sumoneo Dragón Rojo
04/07/2019 10:49:51 a.m. Sumoneo Araña Gigante
04/07/2019 10:50:07 a.m. Tiró cantidad:2 Objeto:Vestimenta de Liche (QUEST)
04/07/2019 10:57:59 a.m. Se conecto con ip:127.0.0.1MT7014029204398#BFEBFBFF0001067A
04/07/2019 10:58:00 a.m. /INVISIBLE
04/07/2019 11:00:12 a.m. Se conecto con ip:127.0.0.1MT7014029204398#BFEBFBFF0001067A
04/07/2019 11:00:13 a.m. /INVISIBLE
04/07/2019 11:00:58 a.m. Se conecto con ip:127.0.0.1MT7014029204398#BFEBFBFF0001067A
04/07/2019 11:02:49 a.m. Se conecto con ip:127.0.0.1MT7014029204398#BFEBFBFF0001067A
04/07/2019 11:02:49 a.m. /INVISIBLE
05/07/2019 10:52:31 p.m. Se conecto con ip:127.0.0.1MT7014029204398#BFEBFBFF0001067A
05/07/2019 10:55:15 p.m. Se conecto con ip:127.0.0.1MT7014029204398#BFEBFBFF0001067A
05/07/2019 10:55:54 p.m. Mensaje Broadcast:asd~250~250 
05/07/2019 10:56:05 p.m. Mensaje Broadcast:asd~0~250~250
05/07/2019 10:56:27 p.m. Mensaje Broadcast:PEPE~0~249~249
05/07/2019 10:56:40 p.m. Mensaje Broadcast:PEPE~0~245~245
05/07/2019 10:56:51 p.m. Mensaje Broadcast:PEPE~0~240~240
05/07/2019 10:57:02 p.m. Mensaje Broadcast:PEPE~0~230~230
05/07/2019 10:57:12 p.m. Mensaje Broadcast:PEPE~0~220~220
05/07/2019 10:57:19 p.m. Mensaje Broadcast:PEPE~0~200~200
05/07/2019 10:57:32 p.m. Mensaje Broadcast:PEPE~0~190~190
05/07/2019 10:57:43 p.m. Mensaje Broadcast:PEPE~0~170~170
05/07/2019 10:57:55 p.m. Mensaje Broadcast:PEPE~0~150~150
05/07/2019 10:58:09 p.m. Mensaje Broadcast:PEPE~0~130~130
05/07/2019 10:58:24 p.m. Mensaje Broadcast:PEPE~0~110~110
06/07/2019 11:16:08 a.m. Se conecto con ip:127.0.0.1MT7014029204398#BFEBFBFF0001067A
06/07/2019 11:16:11 a.m. Mensaje Broadcast:asd
06/07/2019 11:19:00 a.m. Se conecto con ip:127.0.0.1MT7014029204398#BFEBFBFF0001067A
06/07/2019 11:19:03 a.m. Mensaje Broadcast:ASD
06/07/2019 11:30:56 a.m. Se conecto con ip:127.0.0.1MT7014029204398#BFEBFBFF0001067A
06/07/2019 11:30:58 a.m. /INVISIBLE
06/07/2019 11:31:08 a.m. Se conecto con ip:127.0.0.1MT7014029204398#BFEBFBFF0001067A
06/07/2019 11:31:11 a.m. Tiró cantidad:1 Objeto:Runas
06/07/2019 11:31:21 a.m. Agarro:1 Objeto:Runas
06/07/2019 11:31:26 a.m. /INVISIBLE
06/07/2019 11:32:01 a.m. Se conecto con ip:127.0.0.1MT7014029204398#BFEBFBFF0001067A
06/07/2019 11:32:02 a.m. /INVISIBLE
06/07/2019 11:32:06 a.m. /CT 1,50,50,0
06/07/2019 11:41:03 a.m. Se conecto con ip:127.0.0.1MT7014029204398#BFEBFBFF0001067A
06/07/2019 11:41:05 a.m. /INVISIBLE
06/07/2019 11:42:11 a.m. Se conecto con ip:127.0.0.1MT7014029204398#BFEBFBFF0001067A
06/07/2019 11:42:14 a.m. /INVISIBLE
06/07/2019 02:51:56 p.m. Se conecto con ip:127.0.0.1MT7014029204398#BFEBFBFF0001067A
06/07/2019 02:51:58 p.m. /INVISIBLE
06/07/2019 02:54:44 p.m. /INVISIBLE
06/07/2019 02:54:45 p.m. /INVISIBLE
06/07/2019 02:55:15 p.m. Se conecto con ip:127.0.0.1MT7014029204398#BFEBFBFF0001067A
06/07/2019 02:57:02 p.m. Se conecto con ip:127.0.0.1MT7014029204398#BFEBFBFF0001067A
06/07/2019 02:58:19 p.m. Se conecto con ip:127.0.0.1MT7014029204398#BFEBFBFF0001067A
06/07/2019 02:58:25 p.m. /INVISIBLE
06/07/2019 03:03:00 p.m. Se conecto con ip:127.0.0.1MT7014029204398#BFEBFBFF0001067A
06/07/2019 03:03:05 p.m. /INVISIBLE
06/07/2019 03:03:15 p.m. Tiró cantidad:1000 Objeto:Monedas de oro
06/07/2019 03:13:32 p.m. Se conecto con ip:127.0.0.1MT7014029204398#BFEBFBFF0001067A
06/07/2019 03:13:37 p.m. /INVISIBLE
11/07/2019 01:41:56 a.m. Se conecto con ip:127.0.0.1MT7014029204398#BFEBFBFF0001067A
11/07/2019 01:41:58 a.m. Se conecto con ip:127.0.0.1MT7014029204398#BFEBFBFF0001067A
11/07/2019 01:41:59 a.m. /INVISIBLE
11/07/2019 01:42:04 a.m. /INVISIBLE
11/07/2019 01:42:05 a.m. /INVISIBLE
11/07/2019 01:42:09 a.m. Utilizó un teleport hacia el mapa 168 (50,56)
11/07/2019 01:42:27 a.m. /INVISIBLE
11/07/2019 01:42:27 a.m. /INVISIBLE
11/07/2019 01:42:48 a.m. /CI: 1042 Cantidad : 1000
11/07/2019 01:42:48 a.m. Agarro:1000 Objeto:Mascara Magica
11/07/2019 01:42:54 a.m. Tiró cantidad:1 Objeto:Sombrero de Aprendiz
11/07/2019 01:42:58 a.m. Tiró cantidad:1000 Objeto:Mascara Magica
11/07/2019 01:42:58 a.m. Agarro:1000 Objeto:Mascara Magica
11/07/2019 01:43:03 a.m. Tiró cantidad:1000 Objeto:Mascara Magica
11/07/2019 01:43:05 a.m. Agarro:1000 Objeto:Mascara Magica
11/07/2019 01:43:20 a.m. Agarro:1 Objeto:Sombrero de Aprendiz
11/07/2019 01:43:27 a.m. Tiró cantidad:1 Objeto:Mascara Magica
11/07/2019 10:56:07 a.m. Se conecto con ip:127.0.0.1MT7014029204398#BFEBFBFF0001067A
11/07/2019 11:01:40 a.m. Se conecto con ip:127.0.0.1MT7014029204398#BFEBFBFF0001067A
11/07/2019 11:03:35 a.m. Se conecto con ip:127.0.0.1MT7014029204398#BFEBFBFF0001067A
11/07/2019 11:26:00 a.m. Se conecto con ip:127.0.0.1MT7014029204398#BFEBFBFF0001067A
11/07/2019 11:26:03 a.m. Tiró cantidad:25 Objeto:Ticket de Experiencia
11/07/2019 11:28:25 a.m. Se conecto con ip:127.0.0.1MT7014029204398#BFEBFBFF0001067A
11/07/2019 11:28:33 a.m. Tiró cantidad:100 Objeto:Ticket de Experiencia
11/07/2019 02:18:19 p.m. Se conecto con ip:127.0.0.1MT7014029204398#BFEBFBFF0001067A
11/07/2019 02:18:25 p.m. Tiró cantidad:100 Objeto:Ticket de Experiencia
11/07/2019 02:21:58 p.m. Se conecto con ip:127.0.0.1MT7014029204398#BFEBFBFF0001067A
11/07/2019 02:22:01 p.m. Tiró cantidad:400 Objeto:Ticket de Experiencia
