02/04/2019 08:39:33 a.m. tester paso a nivel 2 gano HP: 6
02/04/2019 08:39:34 a.m. tester paso a nivel 3 gano HP: 7
02/04/2019 08:39:34 a.m. tester paso a nivel 4 gano HP: 6
02/04/2019 08:39:34 a.m. tester paso a nivel 5 gano HP: 6
02/04/2019 08:39:34 a.m. tester paso a nivel 6 gano HP: 9
02/04/2019 08:39:34 a.m. tester paso a nivel 7 gano HP: 8
02/04/2019 08:39:34 a.m. tester paso a nivel 8 gano HP: 6
02/04/2019 08:39:35 a.m. tester paso a nivel 9 gano HP: 9
02/04/2019 08:39:35 a.m. tester paso a nivel 10 gano HP: 8
02/04/2019 08:39:35 a.m. tester paso a nivel 11 gano HP: 8
02/04/2019 08:39:35 a.m. tester paso a nivel 12 gano HP: 7
02/04/2019 08:39:35 a.m. tester paso a nivel 13 gano HP: 7
02/04/2019 08:39:35 a.m. tester paso a nivel 14 gano HP: 6
02/04/2019 08:39:35 a.m. tester paso a nivel 15 gano HP: 10
02/04/2019 08:39:38 a.m. tester paso a nivel 2 gano HP: 7
02/04/2019 08:39:39 a.m. tester paso a nivel 3 gano HP: 8
02/04/2019 08:39:39 a.m. tester paso a nivel 4 gano HP: 6
02/04/2019 08:39:39 a.m. tester paso a nivel 5 gano HP: 9
02/04/2019 08:39:39 a.m. tester paso a nivel 6 gano HP: 9
02/04/2019 08:39:39 a.m. tester paso a nivel 7 gano HP: 7
02/04/2019 08:39:39 a.m. tester paso a nivel 8 gano HP: 6
02/04/2019 08:39:39 a.m. tester paso a nivel 9 gano HP: 10
02/04/2019 08:39:40 a.m. tester paso a nivel 10 gano HP: 6
02/04/2019 08:39:40 a.m. tester paso a nivel 11 gano HP: 8
02/04/2019 08:39:40 a.m. tester paso a nivel 12 gano HP: 8
02/04/2019 08:39:40 a.m. tester paso a nivel 13 gano HP: 10
02/04/2019 08:39:40 a.m. tester paso a nivel 14 gano HP: 10
02/04/2019 08:39:40 a.m. tester paso a nivel 15 gano HP: 9
02/04/2019 08:41:54 a.m. Tester paso a nivel 2 gano HP: 9
02/04/2019 08:41:54 a.m. Tester paso a nivel 3 gano HP: 8
02/04/2019 08:41:54 a.m. Tester paso a nivel 4 gano HP: 9
02/04/2019 08:41:55 a.m. Tester paso a nivel 5 gano HP: 6
02/04/2019 08:41:55 a.m. Tester paso a nivel 6 gano HP: 7
02/04/2019 08:41:55 a.m. Tester paso a nivel 7 gano HP: 6
02/04/2019 08:41:55 a.m. Tester paso a nivel 8 gano HP: 9
02/04/2019 08:41:55 a.m. Tester paso a nivel 9 gano HP: 8
02/04/2019 08:41:56 a.m. Tester paso a nivel 10 gano HP: 6
02/04/2019 08:41:56 a.m. Tester paso a nivel 11 gano HP: 8
02/04/2019 08:41:56 a.m. Tester paso a nivel 12 gano HP: 8
02/04/2019 08:41:56 a.m. Tester paso a nivel 13 gano HP: 9
02/04/2019 08:41:56 a.m. Tester paso a nivel 14 gano HP: 6
02/04/2019 08:41:57 a.m. Tester paso a nivel 15 gano HP: 9
02/04/2019 08:41:59 a.m. Tester paso a nivel 2 gano HP: 8
02/04/2019 08:41:59 a.m. Tester paso a nivel 3 gano HP: 7
02/04/2019 08:41:59 a.m. Tester paso a nivel 4 gano HP: 8
02/04/2019 08:41:59 a.m. Tester paso a nivel 5 gano HP: 9
02/04/2019 08:41:59 a.m. Tester paso a nivel 6 gano HP: 8
02/04/2019 08:42:00 a.m. Tester paso a nivel 7 gano HP: 8
02/04/2019 08:42:00 a.m. Tester paso a nivel 8 gano HP: 6
02/04/2019 08:42:00 a.m. Tester paso a nivel 9 gano HP: 9
02/04/2019 08:42:00 a.m. Tester paso a nivel 10 gano HP: 6
02/04/2019 08:42:01 a.m. Tester paso a nivel 11 gano HP: 10
02/04/2019 08:42:01 a.m. Tester paso a nivel 12 gano HP: 7
02/04/2019 08:42:01 a.m. Tester paso a nivel 13 gano HP: 9
02/04/2019 08:42:01 a.m. Tester paso a nivel 14 gano HP: 9
02/04/2019 08:42:01 a.m. Tester paso a nivel 15 gano HP: 9
02/04/2019 08:42:03 a.m. Tester paso a nivel 2 gano HP: 9
02/04/2019 08:42:03 a.m. Tester paso a nivel 3 gano HP: 9
02/04/2019 08:42:03 a.m. Tester paso a nivel 4 gano HP: 7
02/04/2019 08:42:03 a.m. Tester paso a nivel 5 gano HP: 8
02/04/2019 08:42:03 a.m. Tester paso a nivel 6 gano HP: 9
02/04/2019 08:42:04 a.m. Tester paso a nivel 7 gano HP: 6
02/04/2019 08:42:04 a.m. Tester paso a nivel 8 gano HP: 7
02/04/2019 08:42:04 a.m. Tester paso a nivel 9 gano HP: 9
02/04/2019 08:42:04 a.m. Tester paso a nivel 10 gano HP: 8
02/04/2019 08:42:04 a.m. Tester paso a nivel 11 gano HP: 9
02/04/2019 08:42:04 a.m. Tester paso a nivel 12 gano HP: 9
02/04/2019 08:42:04 a.m. Tester paso a nivel 13 gano HP: 7
02/04/2019 08:42:05 a.m. Tester paso a nivel 14 gano HP: 10
02/04/2019 08:42:05 a.m. Tester paso a nivel 15 gano HP: 7
02/04/2019 08:42:09 a.m. Tester paso a nivel 2 gano HP: 8
02/04/2019 08:42:09 a.m. Tester paso a nivel 3 gano HP: 7
02/04/2019 08:42:10 a.m. Tester paso a nivel 4 gano HP: 6
02/04/2019 08:42:10 a.m. Tester paso a nivel 5 gano HP: 9
02/04/2019 08:42:10 a.m. Tester paso a nivel 6 gano HP: 8
02/04/2019 08:42:10 a.m. Tester paso a nivel 7 gano HP: 8
02/04/2019 08:42:10 a.m. Tester paso a nivel 8 gano HP: 7
02/04/2019 08:42:10 a.m. Tester paso a nivel 9 gano HP: 7
02/04/2019 08:42:10 a.m. Tester paso a nivel 10 gano HP: 6
02/04/2019 08:42:11 a.m. Tester paso a nivel 11 gano HP: 9
02/04/2019 08:42:11 a.m. Tester paso a nivel 12 gano HP: 7
02/04/2019 08:42:11 a.m. Tester paso a nivel 13 gano HP: 8
02/04/2019 08:42:11 a.m. Tester paso a nivel 14 gano HP: 10
02/04/2019 08:42:11 a.m. Tester paso a nivel 15 gano HP: 7
02/04/2019 08:42:15 a.m. Tester paso a nivel 2 gano HP: 10
02/04/2019 08:42:17 a.m. Tester paso a nivel 3 gano HP: 9
02/04/2019 08:42:19 a.m. Tester paso a nivel 4 gano HP: 9
02/04/2019 08:42:21 a.m. Tester paso a nivel 5 gano HP: 7
02/04/2019 08:42:23 a.m. Tester paso a nivel 6 gano HP: 9
02/04/2019 08:42:24 a.m. Tester paso a nivel 7 gano HP: 8
02/04/2019 08:42:25 a.m. Tester paso a nivel 8 gano HP: 6
02/04/2019 08:42:26 a.m. Tester paso a nivel 9 gano HP: 7
02/04/2019 08:42:27 a.m. Tester paso a nivel 10 gano HP: 6
02/04/2019 08:42:28 a.m. Tester paso a nivel 11 gano HP: 8
02/04/2019 08:42:28 a.m. Tester paso a nivel 12 gano HP: 6
02/04/2019 08:42:29 a.m. Tester paso a nivel 13 gano HP: 9
02/04/2019 08:42:29 a.m. Tester paso a nivel 14 gano HP: 6
02/04/2019 08:42:30 a.m. Tester paso a nivel 15 gano HP: 7
02/04/2019 08:42:33 a.m. Tester paso a nivel 2 gano HP: 7
02/04/2019 08:42:35 a.m. Tester paso a nivel 3 gano HP: 10
02/04/2019 08:42:35 a.m. Tester paso a nivel 4 gano HP: 6
02/04/2019 08:42:36 a.m. Tester paso a nivel 5 gano HP: 10
02/04/2019 08:42:37 a.m. Tester paso a nivel 6 gano HP: 6
02/04/2019 08:42:37 a.m. Tester paso a nivel 7 gano HP: 10
02/04/2019 08:42:37 a.m. Tester paso a nivel 8 gano HP: 8
02/04/2019 08:42:37 a.m. Tester paso a nivel 9 gano HP: 10
02/04/2019 08:42:38 a.m. Tester paso a nivel 10 gano HP: 9
02/04/2019 08:42:38 a.m. Tester paso a nivel 11 gano HP: 6
02/04/2019 08:42:38 a.m. Tester paso a nivel 12 gano HP: 6
02/04/2019 08:42:38 a.m. Tester paso a nivel 13 gano HP: 10
02/04/2019 08:42:39 a.m. Tester paso a nivel 14 gano HP: 7
02/04/2019 08:42:39 a.m. Tester paso a nivel 15 gano HP: 10
02/04/2019 09:00:22 a.m. xd paso a nivel 2 gano HP: 7
02/04/2019 09:00:22 a.m. xd paso a nivel 3 gano HP: 9
02/04/2019 09:00:22 a.m. xd paso a nivel 4 gano HP: 6
02/04/2019 09:00:22 a.m. xd paso a nivel 5 gano HP: 7
02/04/2019 09:00:23 a.m. xd paso a nivel 6 gano HP: 10
02/04/2019 09:00:23 a.m. xd paso a nivel 7 gano HP: 6
02/04/2019 09:00:23 a.m. xd paso a nivel 8 gano HP: 9
02/04/2019 09:00:23 a.m. xd paso a nivel 9 gano HP: 9
02/04/2019 09:00:23 a.m. xd paso a nivel 10 gano HP: 10
02/04/2019 09:00:23 a.m. xd paso a nivel 11 gano HP: 9
02/04/2019 09:00:24 a.m. xd paso a nivel 12 gano HP: 7
02/04/2019 09:00:24 a.m. xd paso a nivel 13 gano HP: 6
02/04/2019 09:00:24 a.m. xd paso a nivel 14 gano HP: 6
02/04/2019 09:00:24 a.m. xd paso a nivel 15 gano HP: 7
02/04/2019 09:00:26 a.m. xd paso a nivel 2 gano HP: 10
02/04/2019 09:00:26 a.m. xd paso a nivel 3 gano HP: 10
02/04/2019 09:00:26 a.m. xd paso a nivel 4 gano HP: 6
02/04/2019 09:00:26 a.m. xd paso a nivel 5 gano HP: 9
02/04/2019 09:00:26 a.m. xd paso a nivel 6 gano HP: 8
02/04/2019 09:00:26 a.m. xd paso a nivel 7 gano HP: 6
02/04/2019 09:00:26 a.m. xd paso a nivel 8 gano HP: 6
02/04/2019 09:00:27 a.m. xd paso a nivel 9 gano HP: 7
02/04/2019 09:00:27 a.m. xd paso a nivel 10 gano HP: 6
02/04/2019 09:00:27 a.m. xd paso a nivel 11 gano HP: 7
02/04/2019 09:00:27 a.m. xd paso a nivel 12 gano HP: 8
02/04/2019 09:00:27 a.m. xd paso a nivel 13 gano HP: 10
02/04/2019 09:00:27 a.m. xd paso a nivel 14 gano HP: 9
02/04/2019 09:00:28 a.m. xd paso a nivel 15 gano HP: 10
02/04/2019 09:00:30 a.m. xd paso a nivel 2 gano HP: 9
02/04/2019 09:00:30 a.m. xd paso a nivel 3 gano HP: 10
02/04/2019 09:00:30 a.m. xd paso a nivel 4 gano HP: 10
02/04/2019 09:00:31 a.m. xd paso a nivel 5 gano HP: 9
02/04/2019 09:00:31 a.m. xd paso a nivel 6 gano HP: 6
02/04/2019 09:00:31 a.m. xd paso a nivel 7 gano HP: 10
02/04/2019 09:00:31 a.m. xd paso a nivel 8 gano HP: 6
02/04/2019 09:00:31 a.m. xd paso a nivel 9 gano HP: 7
02/04/2019 09:00:31 a.m. xd paso a nivel 10 gano HP: 7
02/04/2019 09:00:32 a.m. xd paso a nivel 11 gano HP: 6
02/04/2019 09:00:32 a.m. xd paso a nivel 12 gano HP: 8
02/04/2019 09:00:32 a.m. xd paso a nivel 13 gano HP: 9
02/04/2019 09:00:32 a.m. xd paso a nivel 14 gano HP: 10
02/04/2019 09:00:32 a.m. xd paso a nivel 15 gano HP: 10
02/04/2019 09:00:53 a.m. xd paso a nivel 2 gano HP: 6
02/04/2019 09:00:53 a.m. xd paso a nivel 3 gano HP: 10
02/04/2019 09:00:53 a.m. xd paso a nivel 4 gano HP: 8
02/04/2019 09:00:53 a.m. xd paso a nivel 5 gano HP: 6
02/04/2019 09:00:53 a.m. xd paso a nivel 6 gano HP: 6
02/04/2019 09:00:53 a.m. xd paso a nivel 7 gano HP: 9
02/04/2019 09:00:54 a.m. xd paso a nivel 8 gano HP: 10
02/04/2019 09:00:54 a.m. xd paso a nivel 9 gano HP: 6
02/04/2019 09:00:54 a.m. xd paso a nivel 10 gano HP: 6
02/04/2019 09:00:54 a.m. xd paso a nivel 11 gano HP: 6
02/04/2019 09:00:54 a.m. xd paso a nivel 12 gano HP: 10
02/04/2019 09:00:54 a.m. xd paso a nivel 13 gano HP: 7
02/04/2019 09:00:54 a.m. xd paso a nivel 14 gano HP: 6
02/04/2019 09:00:54 a.m. xd paso a nivel 15 gano HP: 10
02/04/2019 09:00:56 a.m. xd paso a nivel 2 gano HP: 10
02/04/2019 09:00:56 a.m. xd paso a nivel 3 gano HP: 10
02/04/2019 09:00:56 a.m. xd paso a nivel 4 gano HP: 7
02/04/2019 09:00:56 a.m. xd paso a nivel 5 gano HP: 10
02/04/2019 09:00:56 a.m. xd paso a nivel 6 gano HP: 6
02/04/2019 09:00:57 a.m. xd paso a nivel 7 gano HP: 7
02/04/2019 09:00:57 a.m. xd paso a nivel 8 gano HP: 10
02/04/2019 09:00:57 a.m. xd paso a nivel 9 gano HP: 6
02/04/2019 09:00:57 a.m. xd paso a nivel 10 gano HP: 10
02/04/2019 09:00:57 a.m. xd paso a nivel 11 gano HP: 9
02/04/2019 09:00:57 a.m. xd paso a nivel 12 gano HP: 6
02/04/2019 09:00:57 a.m. xd paso a nivel 13 gano HP: 7
02/04/2019 09:00:58 a.m. xd paso a nivel 14 gano HP: 7
02/04/2019 09:00:58 a.m. xd paso a nivel 15 gano HP: 8
02/04/2019 09:00:59 a.m. xd paso a nivel 2 gano HP: 9
02/04/2019 09:00:59 a.m. xd paso a nivel 3 gano HP: 7
02/04/2019 09:01:00 a.m. xd paso a nivel 4 gano HP: 7
02/04/2019 09:01:00 a.m. xd paso a nivel 5 gano HP: 9
02/04/2019 09:01:00 a.m. xd paso a nivel 6 gano HP: 10
02/04/2019 09:01:00 a.m. xd paso a nivel 7 gano HP: 6
02/04/2019 09:01:00 a.m. xd paso a nivel 8 gano HP: 7
02/04/2019 09:01:00 a.m. xd paso a nivel 9 gano HP: 10
02/04/2019 09:01:01 a.m. xd paso a nivel 10 gano HP: 7
02/04/2019 09:01:01 a.m. xd paso a nivel 11 gano HP: 7
02/04/2019 09:01:01 a.m. xd paso a nivel 12 gano HP: 8
02/04/2019 09:01:01 a.m. xd paso a nivel 13 gano HP: 9
02/04/2019 09:01:01 a.m. xd paso a nivel 14 gano HP: 8
02/04/2019 09:01:01 a.m. xd paso a nivel 15 gano HP: 8
02/04/2019 09:01:03 a.m. xd paso a nivel 2 gano HP: 9
02/04/2019 09:01:03 a.m. xd paso a nivel 3 gano HP: 8
02/04/2019 09:01:03 a.m. xd paso a nivel 4 gano HP: 6
02/04/2019 09:01:03 a.m. xd paso a nivel 5 gano HP: 10
02/04/2019 09:01:03 a.m. xd paso a nivel 6 gano HP: 8
02/04/2019 09:01:04 a.m. xd paso a nivel 7 gano HP: 9
02/04/2019 09:01:04 a.m. xd paso a nivel 8 gano HP: 9
02/04/2019 09:01:04 a.m. xd paso a nivel 9 gano HP: 8
02/04/2019 09:01:04 a.m. xd paso a nivel 10 gano HP: 9
02/04/2019 09:01:04 a.m. xd paso a nivel 11 gano HP: 8
02/04/2019 09:01:04 a.m. xd paso a nivel 12 gano HP: 9
02/04/2019 09:01:05 a.m. xd paso a nivel 13 gano HP: 8
02/04/2019 09:01:05 a.m. xd paso a nivel 14 gano HP: 7
02/04/2019 09:01:05 a.m. xd paso a nivel 15 gano HP: 10
02/04/2019 10:42:46 a.m. joselo paso a nivel 2 gano HP: 6
02/04/2019 10:42:46 a.m. joselo paso a nivel 3 gano HP: 7
02/04/2019 10:42:46 a.m. joselo paso a nivel 4 gano HP: 10
02/04/2019 10:42:46 a.m. joselo paso a nivel 5 gano HP: 8
02/04/2019 10:42:47 a.m. joselo paso a nivel 6 gano HP: 6
02/04/2019 10:42:47 a.m. joselo paso a nivel 7 gano HP: 9
02/04/2019 10:42:47 a.m. joselo paso a nivel 8 gano HP: 7
02/04/2019 10:42:47 a.m. joselo paso a nivel 9 gano HP: 8
02/04/2019 10:42:47 a.m. joselo paso a nivel 10 gano HP: 10
02/04/2019 10:42:47 a.m. joselo paso a nivel 11 gano HP: 8
02/04/2019 10:42:47 a.m. joselo paso a nivel 12 gano HP: 8
02/04/2019 10:42:48 a.m. joselo paso a nivel 13 gano HP: 8
02/04/2019 10:42:48 a.m. joselo paso a nivel 14 gano HP: 6
02/04/2019 10:42:48 a.m. joselo paso a nivel 15 gano HP: 8
02/04/2019 10:42:51 a.m. joselo paso a nivel 2 gano HP: 8
02/04/2019 10:42:52 a.m. joselo paso a nivel 3 gano HP: 9
02/04/2019 10:42:52 a.m. joselo paso a nivel 4 gano HP: 8
02/04/2019 10:42:52 a.m. joselo paso a nivel 5 gano HP: 7
02/04/2019 10:42:52 a.m. joselo paso a nivel 6 gano HP: 8
02/04/2019 10:42:52 a.m. joselo paso a nivel 7 gano HP: 9
02/04/2019 10:42:52 a.m. joselo paso a nivel 8 gano HP: 8
02/04/2019 10:42:52 a.m. joselo paso a nivel 9 gano HP: 10
02/04/2019 10:42:52 a.m. joselo paso a nivel 10 gano HP: 7
02/04/2019 10:42:53 a.m. joselo paso a nivel 11 gano HP: 6
02/04/2019 10:42:53 a.m. joselo paso a nivel 12 gano HP: 7
02/04/2019 10:42:53 a.m. joselo paso a nivel 13 gano HP: 10
02/04/2019 10:42:53 a.m. joselo paso a nivel 14 gano HP: 9
02/04/2019 10:42:53 a.m. joselo paso a nivel 15 gano HP: 8
02/04/2019 10:43:25 a.m. Joselo paso a nivel 2 gano HP: 8
02/04/2019 10:43:26 a.m. Joselo paso a nivel 3 gano HP: 9
02/04/2019 10:43:26 a.m. Joselo paso a nivel 4 gano HP: 10
02/04/2019 10:43:27 a.m. Joselo paso a nivel 5 gano HP: 10
02/04/2019 10:43:27 a.m. Joselo paso a nivel 6 gano HP: 10
02/04/2019 10:43:27 a.m. Joselo paso a nivel 7 gano HP: 8
02/04/2019 10:43:27 a.m. Joselo paso a nivel 8 gano HP: 8
02/04/2019 10:43:27 a.m. Joselo paso a nivel 9 gano HP: 9
02/04/2019 10:43:28 a.m. Joselo paso a nivel 10 gano HP: 7
02/04/2019 10:43:28 a.m. Joselo paso a nivel 11 gano HP: 10
02/04/2019 10:43:28 a.m. Joselo paso a nivel 12 gano HP: 7
02/04/2019 10:43:29 a.m. Joselo paso a nivel 13 gano HP: 7
02/04/2019 10:43:29 a.m. Joselo paso a nivel 14 gano HP: 9
02/04/2019 10:43:29 a.m. Joselo paso a nivel 15 gano HP: 6
02/04/2019 12:46:20 p.m. Nywus paso a nivel 2 gano HP: 9
02/04/2019 12:46:20 p.m. Nywus paso a nivel 3 gano HP: 9
02/04/2019 12:46:20 p.m. Nywus paso a nivel 4 gano HP: 6
02/04/2019 12:46:20 p.m. Nywus paso a nivel 5 gano HP: 7
02/04/2019 12:46:20 p.m. Nywus paso a nivel 6 gano HP: 6
02/04/2019 12:46:20 p.m. Nywus paso a nivel 7 gano HP: 7
02/04/2019 12:46:20 p.m. Nywus paso a nivel 8 gano HP: 7
02/04/2019 12:46:21 p.m. Nywus paso a nivel 9 gano HP: 6
02/04/2019 12:46:21 p.m. Nywus paso a nivel 10 gano HP: 8
02/04/2019 12:46:21 p.m. Nywus paso a nivel 11 gano HP: 8
02/04/2019 12:46:21 p.m. Nywus paso a nivel 12 gano HP: 8
02/04/2019 12:46:21 p.m. Nywus paso a nivel 13 gano HP: 7
02/04/2019 12:46:21 p.m. Nywus paso a nivel 14 gano HP: 8
02/04/2019 12:46:21 p.m. Nywus paso a nivel 15 gano HP: 6
02/04/2019 12:46:23 p.m. Nywus paso a nivel 2 gano HP: 8
02/04/2019 12:46:23 p.m. Nywus paso a nivel 3 gano HP: 8
02/04/2019 12:46:23 p.m. Nywus paso a nivel 4 gano HP: 6
02/04/2019 12:46:23 p.m. Nywus paso a nivel 5 gano HP: 8
02/04/2019 12:46:23 p.m. Nywus paso a nivel 6 gano HP: 7
02/04/2019 12:46:23 p.m. Nywus paso a nivel 7 gano HP: 8
02/04/2019 12:46:24 p.m. Nywus paso a nivel 8 gano HP: 9
02/04/2019 12:46:24 p.m. Nywus paso a nivel 9 gano HP: 6
02/04/2019 12:46:24 p.m. Nywus paso a nivel 10 gano HP: 6
02/04/2019 12:46:24 p.m. Nywus paso a nivel 11 gano HP: 8
02/04/2019 12:46:24 p.m. Nywus paso a nivel 12 gano HP: 7
02/04/2019 12:46:24 p.m. Nywus paso a nivel 13 gano HP: 7
02/04/2019 12:46:24 p.m. Nywus paso a nivel 14 gano HP: 6
02/04/2019 12:46:24 p.m. Nywus paso a nivel 15 gano HP: 7
02/04/2019 12:46:26 p.m. Nywus paso a nivel 2 gano HP: 6
02/04/2019 12:46:26 p.m. Nywus paso a nivel 3 gano HP: 9
02/04/2019 12:46:26 p.m. Nywus paso a nivel 4 gano HP: 6
02/04/2019 12:46:26 p.m. Nywus paso a nivel 5 gano HP: 9
02/04/2019 12:46:27 p.m. Nywus paso a nivel 6 gano HP: 7
02/04/2019 12:46:27 p.m. Nywus paso a nivel 7 gano HP: 7
02/04/2019 12:46:27 p.m. Nywus paso a nivel 8 gano HP: 7
02/04/2019 12:46:27 p.m. Nywus paso a nivel 9 gano HP: 9
02/04/2019 12:46:27 p.m. Nywus paso a nivel 10 gano HP: 6
02/04/2019 12:46:27 p.m. Nywus paso a nivel 11 gano HP: 7
02/04/2019 12:46:27 p.m. Nywus paso a nivel 12 gano HP: 8
02/04/2019 12:46:28 p.m. Nywus paso a nivel 13 gano HP: 6
02/04/2019 12:46:28 p.m. Nywus paso a nivel 14 gano HP: 8
02/04/2019 12:46:28 p.m. Nywus paso a nivel 15 gano HP: 9
02/04/2019 12:46:29 p.m. Nywus paso a nivel 2 gano HP: 8
02/04/2019 12:46:29 p.m. Nywus paso a nivel 3 gano HP: 9
02/04/2019 12:46:29 p.m. Nywus paso a nivel 4 gano HP: 7
02/04/2019 12:46:29 p.m. Nywus paso a nivel 5 gano HP: 6
02/04/2019 12:46:30 p.m. Nywus paso a nivel 6 gano HP: 8
02/04/2019 12:46:30 p.m. Nywus paso a nivel 7 gano HP: 7
02/04/2019 12:46:30 p.m. Nywus paso a nivel 8 gano HP: 8
02/04/2019 12:46:30 p.m. Nywus paso a nivel 9 gano HP: 8
02/04/2019 12:46:30 p.m. Nywus paso a nivel 10 gano HP: 8
02/04/2019 12:46:31 p.m. Nywus paso a nivel 11 gano HP: 7
02/04/2019 12:46:31 p.m. Nywus paso a nivel 12 gano HP: 9
02/04/2019 12:46:31 p.m. Nywus paso a nivel 13 gano HP: 6
02/04/2019 12:46:31 p.m. Nywus paso a nivel 14 gano HP: 8
02/04/2019 12:46:31 p.m. Nywus paso a nivel 15 gano HP: 6
02/04/2019 12:46:33 p.m. Nywus paso a nivel 2 gano HP: 9
02/04/2019 12:46:33 p.m. Nywus paso a nivel 3 gano HP: 7
02/04/2019 12:46:33 p.m. Nywus paso a nivel 4 gano HP: 8
02/04/2019 12:46:33 p.m. Nywus paso a nivel 5 gano HP: 9
02/04/2019 12:46:34 p.m. Nywus paso a nivel 6 gano HP: 7
02/04/2019 12:46:34 p.m. Nywus paso a nivel 7 gano HP: 7
02/04/2019 12:46:34 p.m. Nywus paso a nivel 8 gano HP: 7
02/04/2019 12:46:34 p.m. Nywus paso a nivel 9 gano HP: 9
02/04/2019 12:46:34 p.m. Nywus paso a nivel 10 gano HP: 8
02/04/2019 12:46:34 p.m. Nywus paso a nivel 11 gano HP: 8
02/04/2019 12:46:35 p.m. Nywus paso a nivel 12 gano HP: 8
02/04/2019 12:46:35 p.m. Nywus paso a nivel 13 gano HP: 6
02/04/2019 12:46:35 p.m. Nywus paso a nivel 14 gano HP: 6
02/04/2019 12:46:35 p.m. Nywus paso a nivel 15 gano HP: 8
02/04/2019 12:46:36 p.m. Nywus paso a nivel 2 gano HP: 9
02/04/2019 12:46:37 p.m. Nywus paso a nivel 3 gano HP: 7
02/04/2019 12:46:37 p.m. Nywus paso a nivel 4 gano HP: 7
02/04/2019 12:46:37 p.m. Nywus paso a nivel 5 gano HP: 7
02/04/2019 12:46:37 p.m. Nywus paso a nivel 6 gano HP: 6
02/04/2019 12:46:37 p.m. Nywus paso a nivel 7 gano HP: 6
02/04/2019 12:46:38 p.m. Nywus paso a nivel 8 gano HP: 8
02/04/2019 12:46:38 p.m. Nywus paso a nivel 9 gano HP: 7
02/04/2019 12:46:38 p.m. Nywus paso a nivel 10 gano HP: 8
02/04/2019 12:46:38 p.m. Nywus paso a nivel 11 gano HP: 7
02/04/2019 12:46:39 p.m. Nywus paso a nivel 12 gano HP: 8
02/04/2019 12:46:39 p.m. Nywus paso a nivel 13 gano HP: 8
02/04/2019 12:46:39 p.m. Nywus paso a nivel 14 gano HP: 8
02/04/2019 12:46:40 p.m. Nywus paso a nivel 15 gano HP: 8
02/04/2019 12:46:42 p.m. Nywus paso a nivel 2 gano HP: 8
02/04/2019 12:46:42 p.m. Nywus paso a nivel 3 gano HP: 8
02/04/2019 12:46:42 p.m. Nywus paso a nivel 4 gano HP: 9
02/04/2019 12:46:42 p.m. Nywus paso a nivel 5 gano HP: 7
02/04/2019 12:46:43 p.m. Nywus paso a nivel 6 gano HP: 8
02/04/2019 12:46:43 p.m. Nywus paso a nivel 7 gano HP: 7
02/04/2019 12:46:43 p.m. Nywus paso a nivel 8 gano HP: 9
02/04/2019 12:46:43 p.m. Nywus paso a nivel 9 gano HP: 9
02/04/2019 12:46:43 p.m. Nywus paso a nivel 10 gano HP: 8
02/04/2019 12:46:44 p.m. Nywus paso a nivel 11 gano HP: 8
02/04/2019 12:46:44 p.m. Nywus paso a nivel 12 gano HP: 9
02/04/2019 12:46:44 p.m. Nywus paso a nivel 13 gano HP: 7
02/04/2019 12:46:44 p.m. Nywus paso a nivel 14 gano HP: 6
02/04/2019 12:46:44 p.m. Nywus paso a nivel 15 gano HP: 8
02/04/2019 12:54:10 p.m. Nywus paso a nivel 16 gano HP: 8
03/04/2019 09:51:33 a.m. Joselo paso a nivel 16 gano HP: 7
03/04/2019 03:41:16 p.m. Nywus paso a nivel 17 gano HP: 7
03/04/2019 03:41:16 p.m. Nywus paso a nivel 18 gano HP: 8
03/04/2019 03:41:16 p.m. Nywus paso a nivel 19 gano HP: 8
03/04/2019 03:41:16 p.m. Nywus paso a nivel 20 gano HP: 8
03/04/2019 03:41:16 p.m. Nywus paso a nivel 21 gano HP: 7
03/04/2019 03:41:16 p.m. Nywus paso a nivel 22 gano HP: 7
03/04/2019 03:41:16 p.m. Nywus paso a nivel 23 gano HP: 7
03/04/2019 03:41:16 p.m. Nywus paso a nivel 24 gano HP: 7
03/04/2019 03:41:16 p.m. Nywus paso a nivel 25 gano HP: 6
03/04/2019 03:41:16 p.m. Nywus paso a nivel 26 gano HP: 6
03/04/2019 03:41:16 p.m. Nywus paso a nivel 27 gano HP: 9
03/04/2019 03:41:16 p.m. Nywus paso a nivel 28 gano HP: 6
03/04/2019 03:41:16 p.m. Nywus paso a nivel 29 gano HP: 7
03/04/2019 03:41:16 p.m. Nywus paso a nivel 30 gano HP: 7
03/04/2019 03:41:16 p.m. Nywus paso a nivel 31 gano HP: 7
03/04/2019 03:41:16 p.m. Nywus paso a nivel 32 gano HP: 6
03/04/2019 03:41:17 p.m. Nywus paso a nivel 33 gano HP: 7
03/04/2019 03:41:17 p.m. Nywus paso a nivel 34 gano HP: 7
03/04/2019 03:41:17 p.m. Nywus paso a nivel 35 gano HP: 8
03/04/2019 03:41:20 p.m. Nywus paso a nivel 36 gano HP: 7
03/04/2019 03:41:20 p.m. Nywus paso a nivel 37 gano HP: 7
03/04/2019 03:41:20 p.m. Nywus paso a nivel 38 gano HP: 6
03/04/2019 03:41:22 p.m. Nywus paso a nivel 39 gano HP: 7
03/04/2019 03:41:22 p.m. Nywus paso a nivel 40 gano HP: 7
03/04/2019 03:41:30 p.m. Nywus paso a nivel 41 gano HP: 8
03/04/2019 03:41:39 p.m. Nywus paso a nivel 42 gano HP: 8
03/04/2019 03:41:40 p.m. Nywus paso a nivel 43 gano HP: 6
03/04/2019 03:41:42 p.m. Nywus paso a nivel 44 gano HP: 6
03/04/2019 03:41:47 p.m. Nywus paso a nivel 45 gano HP: 9
03/04/2019 03:41:56 p.m. Nywus paso a nivel 46 gano HP: 9
03/04/2019 03:42:18 p.m. Nywus paso a nivel 47 gano HP: 8
03/04/2019 04:01:01 p.m. Joselo paso a nivel 17 gano HP: 6
03/04/2019 04:01:01 p.m. Joselo paso a nivel 18 gano HP: 7
03/04/2019 04:01:01 p.m. Joselo paso a nivel 19 gano HP: 7
03/04/2019 04:01:01 p.m. Joselo paso a nivel 20 gano HP: 7
03/04/2019 04:01:01 p.m. Joselo paso a nivel 21 gano HP: 7
03/04/2019 04:01:01 p.m. Joselo paso a nivel 22 gano HP: 10
04/04/2019 10:36:42 a.m. Indivar paso a nivel 2 gano HP: 6
04/04/2019 10:36:43 a.m. Indivar paso a nivel 3 gano HP: 8
04/04/2019 10:36:43 a.m. Indivar paso a nivel 4 gano HP: 7
04/04/2019 10:36:52 a.m. Indivar paso a nivel 5 gano HP: 8
04/04/2019 10:36:52 a.m. Indivar paso a nivel 6 gano HP: 6
04/04/2019 10:37:02 a.m. Indivar paso a nivel 7 gano HP: 6
04/04/2019 10:37:19 a.m. Indivar paso a nivel 8 gano HP: 8
04/04/2019 10:37:20 a.m. Indivar paso a nivel 9 gano HP: 6
04/04/2019 10:37:23 a.m. Indivar paso a nivel 10 gano HP: 8
04/04/2019 10:37:34 a.m. Indivar paso a nivel 11 gano HP: 6
04/04/2019 10:37:35 a.m. Indivar paso a nivel 12 gano HP: 7
04/04/2019 10:37:36 a.m. Indivar paso a nivel 13 gano HP: 6
04/04/2019 10:37:37 a.m. Indivar paso a nivel 14 gano HP: 7
04/04/2019 10:37:38 a.m. Indivar paso a nivel 15 gano HP: 5
04/04/2019 10:37:40 a.m. Indivar paso a nivel 2 gano HP: 5
04/04/2019 10:37:40 a.m. Indivar paso a nivel 3 gano HP: 6
04/04/2019 10:37:40 a.m. Indivar paso a nivel 4 gano HP: 6
04/04/2019 10:37:41 a.m. Indivar paso a nivel 5 gano HP: 6
04/04/2019 10:37:41 a.m. Indivar paso a nivel 6 gano HP: 5
04/04/2019 10:37:41 a.m. Indivar paso a nivel 7 gano HP: 5
04/04/2019 10:37:41 a.m. Indivar paso a nivel 8 gano HP: 8
04/04/2019 10:37:41 a.m. Indivar paso a nivel 9 gano HP: 5
04/04/2019 10:37:41 a.m. Indivar paso a nivel 10 gano HP: 8
04/04/2019 10:37:42 a.m. Indivar paso a nivel 11 gano HP: 6
04/04/2019 10:37:42 a.m. Indivar paso a nivel 12 gano HP: 8
04/04/2019 10:37:42 a.m. Indivar paso a nivel 13 gano HP: 6
04/04/2019 10:37:42 a.m. Indivar paso a nivel 14 gano HP: 8
04/04/2019 10:37:42 a.m. Indivar paso a nivel 15 gano HP: 7
04/04/2019 10:37:45 a.m. Indivar paso a nivel 2 gano HP: 8
04/04/2019 10:37:45 a.m. Indivar paso a nivel 3 gano HP: 5
04/04/2019 10:37:45 a.m. Indivar paso a nivel 4 gano HP: 7
04/04/2019 10:37:46 a.m. Indivar paso a nivel 5 gano HP: 8
04/04/2019 10:37:46 a.m. Indivar paso a nivel 6 gano HP: 8
04/04/2019 10:37:46 a.m. Indivar paso a nivel 7 gano HP: 6
04/04/2019 10:37:46 a.m. Indivar paso a nivel 8 gano HP: 6
04/04/2019 10:37:46 a.m. Indivar paso a nivel 9 gano HP: 6
04/04/2019 10:37:46 a.m. Indivar paso a nivel 10 gano HP: 6
04/04/2019 10:37:46 a.m. Indivar paso a nivel 11 gano HP: 5
04/04/2019 10:37:47 a.m. Indivar paso a nivel 12 gano HP: 5
04/04/2019 10:37:47 a.m. Indivar paso a nivel 13 gano HP: 7
04/04/2019 10:37:47 a.m. Indivar paso a nivel 14 gano HP: 8
04/04/2019 10:37:47 a.m. Indivar paso a nivel 15 gano HP: 7
04/04/2019 10:37:48 a.m. Indivar paso a nivel 2 gano HP: 5
04/04/2019 10:37:49 a.m. Indivar paso a nivel 3 gano HP: 7
04/04/2019 10:37:49 a.m. Indivar paso a nivel 4 gano HP: 6
04/04/2019 10:37:49 a.m. Indivar paso a nivel 5 gano HP: 5
04/04/2019 10:37:49 a.m. Indivar paso a nivel 6 gano HP: 5
04/04/2019 10:37:49 a.m. Indivar paso a nivel 7 gano HP: 6
04/04/2019 10:37:49 a.m. Indivar paso a nivel 8 gano HP: 6
04/04/2019 10:37:49 a.m. Indivar paso a nivel 9 gano HP: 7
04/04/2019 10:37:50 a.m. Indivar paso a nivel 10 gano HP: 5
04/04/2019 10:37:50 a.m. Indivar paso a nivel 11 gano HP: 6
04/04/2019 10:37:50 a.m. Indivar paso a nivel 12 gano HP: 8
04/04/2019 10:37:50 a.m. Indivar paso a nivel 13 gano HP: 8
04/04/2019 10:37:50 a.m. Indivar paso a nivel 14 gano HP: 7
04/04/2019 10:37:50 a.m. Indivar paso a nivel 15 gano HP: 6
04/04/2019 10:37:51 a.m. Indivar paso a nivel 2 gano HP: 8
04/04/2019 10:37:52 a.m. Indivar paso a nivel 3 gano HP: 7
04/04/2019 10:37:52 a.m. Indivar paso a nivel 4 gano HP: 8
04/04/2019 10:37:52 a.m. Indivar paso a nivel 5 gano HP: 6
04/04/2019 10:37:52 a.m. Indivar paso a nivel 6 gano HP: 8
04/04/2019 10:37:52 a.m. Indivar paso a nivel 7 gano HP: 7
04/04/2019 10:37:52 a.m. Indivar paso a nivel 8 gano HP: 7
04/04/2019 10:37:52 a.m. Indivar paso a nivel 9 gano HP: 5
04/04/2019 10:37:52 a.m. Indivar paso a nivel 10 gano HP: 5
04/04/2019 10:37:53 a.m. Indivar paso a nivel 11 gano HP: 8
04/04/2019 10:37:53 a.m. Indivar paso a nivel 12 gano HP: 7
04/04/2019 10:37:53 a.m. Indivar paso a nivel 13 gano HP: 8
04/04/2019 10:37:53 a.m. Indivar paso a nivel 14 gano HP: 6
04/04/2019 10:37:53 a.m. Indivar paso a nivel 15 gano HP: 6
04/04/2019 10:46:10 a.m. pepito paso a nivel 2 gano HP: 6
04/04/2019 10:46:15 a.m. pepito paso a nivel 2 gano HP: 10
04/04/2019 10:46:16 a.m. pepito paso a nivel 3 gano HP: 7
04/04/2019 10:46:16 a.m. pepito paso a nivel 4 gano HP: 8
04/04/2019 10:46:16 a.m. pepito paso a nivel 5 gano HP: 6
04/04/2019 10:46:16 a.m. pepito paso a nivel 6 gano HP: 6
04/04/2019 10:46:17 a.m. pepito paso a nivel 7 gano HP: 8
04/04/2019 10:46:17 a.m. pepito paso a nivel 8 gano HP: 9
04/04/2019 10:46:17 a.m. pepito paso a nivel 9 gano HP: 9
04/04/2019 10:46:17 a.m. pepito paso a nivel 10 gano HP: 9
04/04/2019 10:46:17 a.m. pepito paso a nivel 11 gano HP: 6
04/04/2019 10:46:17 a.m. pepito paso a nivel 12 gano HP: 8
04/04/2019 10:46:18 a.m. pepito paso a nivel 13 gano HP: 7
04/04/2019 10:46:18 a.m. pepito paso a nivel 14 gano HP: 10
04/04/2019 10:46:18 a.m. pepito paso a nivel 15 gano HP: 7
04/04/2019 10:46:22 a.m. pepito paso a nivel 2 gano HP: 9
04/04/2019 10:46:22 a.m. pepito paso a nivel 3 gano HP: 6
04/04/2019 10:46:22 a.m. pepito paso a nivel 4 gano HP: 7
04/04/2019 10:46:22 a.m. pepito paso a nivel 5 gano HP: 7
04/04/2019 10:46:24 a.m. pepito paso a nivel 6 gano HP: 10
04/04/2019 10:46:24 a.m. pepito paso a nivel 7 gano HP: 8
04/04/2019 10:46:24 a.m. pepito paso a nivel 8 gano HP: 6
04/04/2019 10:46:24 a.m. pepito paso a nivel 9 gano HP: 10
04/04/2019 10:46:24 a.m. pepito paso a nivel 10 gano HP: 6
04/04/2019 10:46:24 a.m. pepito paso a nivel 11 gano HP: 6
04/04/2019 10:46:24 a.m. pepito paso a nivel 12 gano HP: 8
04/04/2019 10:46:24 a.m. pepito paso a nivel 13 gano HP: 8
04/04/2019 10:46:25 a.m. pepito paso a nivel 14 gano HP: 6
04/04/2019 10:46:25 a.m. pepito paso a nivel 15 gano HP: 7
04/04/2019 10:46:26 a.m. pepito paso a nivel 2 gano HP: 9
04/04/2019 10:46:26 a.m. pepito paso a nivel 3 gano HP: 7
04/04/2019 10:46:26 a.m. pepito paso a nivel 4 gano HP: 7
04/04/2019 10:46:26 a.m. pepito paso a nivel 5 gano HP: 7
04/04/2019 10:46:26 a.m. pepito paso a nivel 6 gano HP: 10
04/04/2019 10:46:26 a.m. pepito paso a nivel 7 gano HP: 7
04/04/2019 10:46:27 a.m. pepito paso a nivel 8 gano HP: 7
04/04/2019 10:46:27 a.m. pepito paso a nivel 9 gano HP: 6
04/04/2019 10:46:27 a.m. pepito paso a nivel 10 gano HP: 9
04/04/2019 10:46:27 a.m. pepito paso a nivel 11 gano HP: 10
04/04/2019 10:46:27 a.m. pepito paso a nivel 12 gano HP: 9
04/04/2019 10:46:27 a.m. pepito paso a nivel 13 gano HP: 8
04/04/2019 10:46:27 a.m. pepito paso a nivel 14 gano HP: 6
04/04/2019 10:46:28 a.m. pepito paso a nivel 15 gano HP: 9
04/04/2019 10:46:29 a.m. pepito paso a nivel 2 gano HP: 9
04/04/2019 10:46:29 a.m. pepito paso a nivel 3 gano HP: 6
04/04/2019 10:46:29 a.m. pepito paso a nivel 4 gano HP: 8
04/04/2019 10:46:29 a.m. pepito paso a nivel 5 gano HP: 9
04/04/2019 10:46:30 a.m. pepito paso a nivel 6 gano HP: 7
04/04/2019 10:46:30 a.m. pepito paso a nivel 7 gano HP: 8
04/04/2019 10:46:30 a.m. pepito paso a nivel 8 gano HP: 7
04/04/2019 10:46:30 a.m. pepito paso a nivel 9 gano HP: 6
04/04/2019 10:46:31 a.m. pepito paso a nivel 10 gano HP: 10
04/04/2019 10:46:31 a.m. pepito paso a nivel 11 gano HP: 7
04/04/2019 10:46:32 a.m. pepito paso a nivel 12 gano HP: 6
04/04/2019 10:46:32 a.m. pepito paso a nivel 13 gano HP: 6
04/04/2019 10:46:33 a.m. pepito paso a nivel 14 gano HP: 6
04/04/2019 10:46:34 a.m. pepito paso a nivel 15 gano HP: 10
04/04/2019 10:46:35 a.m. pepito paso a nivel 2 gano HP: 9
04/04/2019 10:46:35 a.m. pepito paso a nivel 3 gano HP: 9
04/04/2019 10:46:35 a.m. pepito paso a nivel 4 gano HP: 8
04/04/2019 10:46:36 a.m. pepito paso a nivel 5 gano HP: 7
04/04/2019 10:46:36 a.m. pepito paso a nivel 6 gano HP: 7
04/04/2019 10:46:36 a.m. pepito paso a nivel 7 gano HP: 7
04/04/2019 10:46:36 a.m. pepito paso a nivel 8 gano HP: 8
04/04/2019 10:46:36 a.m. pepito paso a nivel 9 gano HP: 6
04/04/2019 10:46:36 a.m. pepito paso a nivel 10 gano HP: 8
04/04/2019 10:46:36 a.m. pepito paso a nivel 11 gano HP: 7
04/04/2019 10:46:37 a.m. pepito paso a nivel 12 gano HP: 10
04/04/2019 10:46:37 a.m. pepito paso a nivel 13 gano HP: 10
04/04/2019 10:46:37 a.m. pepito paso a nivel 14 gano HP: 10
04/04/2019 10:46:37 a.m. pepito paso a nivel 15 gano HP: 7
04/04/2019 10:46:38 a.m. pepito paso a nivel 2 gano HP: 7
04/04/2019 10:46:38 a.m. pepito paso a nivel 3 gano HP: 10
04/04/2019 10:46:38 a.m. pepito paso a nivel 4 gano HP: 7
04/04/2019 10:46:38 a.m. pepito paso a nivel 5 gano HP: 7
04/04/2019 10:46:39 a.m. pepito paso a nivel 6 gano HP: 8
04/04/2019 10:46:39 a.m. pepito paso a nivel 7 gano HP: 10
04/04/2019 10:46:39 a.m. pepito paso a nivel 8 gano HP: 8
04/04/2019 10:46:39 a.m. pepito paso a nivel 9 gano HP: 7
04/04/2019 10:46:39 a.m. pepito paso a nivel 10 gano HP: 8
04/04/2019 10:46:39 a.m. pepito paso a nivel 11 gano HP: 9
04/04/2019 10:46:39 a.m. pepito paso a nivel 12 gano HP: 8
04/04/2019 10:46:40 a.m. pepito paso a nivel 13 gano HP: 7
04/04/2019 10:46:40 a.m. pepito paso a nivel 14 gano HP: 7
04/04/2019 10:46:40 a.m. pepito paso a nivel 15 gano HP: 6
04/04/2019 10:46:41 a.m. pepito paso a nivel 2 gano HP: 8
04/04/2019 10:46:41 a.m. pepito paso a nivel 3 gano HP: 8
04/04/2019 10:46:41 a.m. pepito paso a nivel 4 gano HP: 6
04/04/2019 10:46:41 a.m. pepito paso a nivel 5 gano HP: 8
04/04/2019 10:46:42 a.m. pepito paso a nivel 6 gano HP: 9
04/04/2019 10:46:42 a.m. pepito paso a nivel 7 gano HP: 8
04/04/2019 10:46:42 a.m. pepito paso a nivel 8 gano HP: 8
04/04/2019 10:46:42 a.m. pepito paso a nivel 9 gano HP: 9
04/04/2019 10:46:42 a.m. pepito paso a nivel 10 gano HP: 6
04/04/2019 10:46:42 a.m. pepito paso a nivel 11 gano HP: 8
04/04/2019 10:46:43 a.m. pepito paso a nivel 12 gano HP: 8
04/04/2019 10:46:43 a.m. pepito paso a nivel 13 gano HP: 9
04/04/2019 10:46:43 a.m. pepito paso a nivel 14 gano HP: 6
04/04/2019 10:46:43 a.m. pepito paso a nivel 15 gano HP: 7
04/04/2019 10:46:44 a.m. pepito paso a nivel 2 gano HP: 6
04/04/2019 10:46:44 a.m. pepito paso a nivel 3 gano HP: 7
04/04/2019 10:46:44 a.m. pepito paso a nivel 4 gano HP: 9
04/04/2019 10:46:45 a.m. pepito paso a nivel 5 gano HP: 6
04/04/2019 10:46:45 a.m. pepito paso a nivel 6 gano HP: 9
04/04/2019 10:46:45 a.m. pepito paso a nivel 7 gano HP: 8
04/04/2019 10:46:45 a.m. pepito paso a nivel 8 gano HP: 7
04/04/2019 10:46:45 a.m. pepito paso a nivel 9 gano HP: 6
04/04/2019 10:46:45 a.m. pepito paso a nivel 10 gano HP: 9
04/04/2019 10:46:46 a.m. pepito paso a nivel 11 gano HP: 10
04/04/2019 10:46:46 a.m. pepito paso a nivel 12 gano HP: 6
04/04/2019 10:46:46 a.m. pepito paso a nivel 13 gano HP: 10
04/04/2019 10:46:46 a.m. pepito paso a nivel 14 gano HP: 6
04/04/2019 10:46:46 a.m. pepito paso a nivel 15 gano HP: 6
04/04/2019 10:46:47 a.m. pepito paso a nivel 2 gano HP: 9
04/04/2019 10:46:48 a.m. pepito paso a nivel 3 gano HP: 10
04/04/2019 10:46:48 a.m. pepito paso a nivel 4 gano HP: 8
04/04/2019 10:46:48 a.m. pepito paso a nivel 5 gano HP: 6
04/04/2019 10:46:48 a.m. pepito paso a nivel 6 gano HP: 9
04/04/2019 10:46:48 a.m. pepito paso a nivel 7 gano HP: 6
04/04/2019 10:46:48 a.m. pepito paso a nivel 8 gano HP: 7
04/04/2019 10:46:49 a.m. pepito paso a nivel 9 gano HP: 7
04/04/2019 10:46:49 a.m. pepito paso a nivel 10 gano HP: 7
04/04/2019 10:46:49 a.m. pepito paso a nivel 11 gano HP: 9
04/04/2019 10:46:49 a.m. pepito paso a nivel 12 gano HP: 9
04/04/2019 10:46:49 a.m. pepito paso a nivel 13 gano HP: 9
04/04/2019 10:46:49 a.m. pepito paso a nivel 14 gano HP: 10
04/04/2019 10:46:50 a.m. pepito paso a nivel 15 gano HP: 7
04/04/2019 10:46:51 a.m. pepito paso a nivel 2 gano HP: 8
04/04/2019 10:46:51 a.m. pepito paso a nivel 3 gano HP: 8
04/04/2019 10:46:52 a.m. pepito paso a nivel 4 gano HP: 9
04/04/2019 10:46:52 a.m. pepito paso a nivel 5 gano HP: 6
04/04/2019 10:46:52 a.m. pepito paso a nivel 6 gano HP: 9
04/04/2019 10:46:52 a.m. pepito paso a nivel 7 gano HP: 10
04/04/2019 10:46:52 a.m. pepito paso a nivel 8 gano HP: 7
04/04/2019 10:46:52 a.m. pepito paso a nivel 9 gano HP: 8
04/04/2019 10:46:53 a.m. pepito paso a nivel 10 gano HP: 9
04/04/2019 10:46:53 a.m. pepito paso a nivel 11 gano HP: 8
04/04/2019 10:46:53 a.m. pepito paso a nivel 12 gano HP: 10
04/04/2019 10:46:53 a.m. pepito paso a nivel 13 gano HP: 7
04/04/2019 10:46:53 a.m. pepito paso a nivel 14 gano HP: 9
04/04/2019 10:46:53 a.m. pepito paso a nivel 15 gano HP: 7
04/04/2019 10:46:55 a.m. pepito paso a nivel 2 gano HP: 9
04/04/2019 10:46:55 a.m. pepito paso a nivel 3 gano HP: 9
04/04/2019 10:46:55 a.m. pepito paso a nivel 4 gano HP: 6
04/04/2019 10:46:55 a.m. pepito paso a nivel 5 gano HP: 10
04/04/2019 10:46:56 a.m. pepito paso a nivel 6 gano HP: 7
04/04/2019 10:46:56 a.m. pepito paso a nivel 7 gano HP: 9
04/04/2019 10:46:56 a.m. pepito paso a nivel 8 gano HP: 9
04/04/2019 10:46:56 a.m. pepito paso a nivel 9 gano HP: 7
04/04/2019 10:46:56 a.m. pepito paso a nivel 10 gano HP: 8
04/04/2019 10:46:56 a.m. pepito paso a nivel 11 gano HP: 7
04/04/2019 10:46:57 a.m. pepito paso a nivel 12 gano HP: 10
04/04/2019 10:46:57 a.m. pepito paso a nivel 13 gano HP: 8
04/04/2019 10:46:57 a.m. pepito paso a nivel 14 gano HP: 8
04/04/2019 10:46:57 a.m. pepito paso a nivel 15 gano HP: 9
04/04/2019 10:46:59 a.m. pepito paso a nivel 2 gano HP: 6
04/04/2019 10:46:59 a.m. pepito paso a nivel 3 gano HP: 8
04/04/2019 10:46:59 a.m. pepito paso a nivel 4 gano HP: 10
04/04/2019 10:46:59 a.m. pepito paso a nivel 5 gano HP: 10
04/04/2019 10:47:00 a.m. pepito paso a nivel 6 gano HP: 8
04/04/2019 10:47:00 a.m. pepito paso a nivel 7 gano HP: 8
04/04/2019 10:47:00 a.m. pepito paso a nivel 8 gano HP: 9
04/04/2019 10:47:00 a.m. pepito paso a nivel 9 gano HP: 6
04/04/2019 10:47:00 a.m. pepito paso a nivel 10 gano HP: 9
04/04/2019 10:47:00 a.m. pepito paso a nivel 11 gano HP: 7
04/04/2019 10:47:01 a.m. pepito paso a nivel 12 gano HP: 6
04/04/2019 10:47:01 a.m. pepito paso a nivel 13 gano HP: 7
04/04/2019 10:47:01 a.m. pepito paso a nivel 14 gano HP: 7
04/04/2019 10:47:01 a.m. pepito paso a nivel 15 gano HP: 7
04/04/2019 10:47:02 a.m. pepito paso a nivel 2 gano HP: 7
04/04/2019 10:47:02 a.m. pepito paso a nivel 3 gano HP: 8
04/04/2019 10:47:03 a.m. pepito paso a nivel 4 gano HP: 7
04/04/2019 10:47:03 a.m. pepito paso a nivel 5 gano HP: 6
04/04/2019 10:47:03 a.m. pepito paso a nivel 6 gano HP: 9
04/04/2019 10:47:03 a.m. pepito paso a nivel 7 gano HP: 10
04/04/2019 10:47:03 a.m. pepito paso a nivel 8 gano HP: 7
04/04/2019 10:47:03 a.m. pepito paso a nivel 9 gano HP: 9
04/04/2019 10:47:04 a.m. pepito paso a nivel 10 gano HP: 9
04/04/2019 10:47:04 a.m. pepito paso a nivel 11 gano HP: 10
04/04/2019 10:47:04 a.m. pepito paso a nivel 12 gano HP: 6
04/04/2019 10:47:04 a.m. pepito paso a nivel 13 gano HP: 7
04/04/2019 10:47:04 a.m. pepito paso a nivel 14 gano HP: 10
04/04/2019 10:47:05 a.m. pepito paso a nivel 15 gano HP: 8
04/04/2019 10:47:06 a.m. pepito paso a nivel 2 gano HP: 9
04/04/2019 10:47:06 a.m. pepito paso a nivel 3 gano HP: 9
04/04/2019 10:47:06 a.m. pepito paso a nivel 4 gano HP: 10
04/04/2019 10:47:06 a.m. pepito paso a nivel 5 gano HP: 7
04/04/2019 10:47:06 a.m. pepito paso a nivel 6 gano HP: 8
04/04/2019 10:47:07 a.m. pepito paso a nivel 7 gano HP: 7
04/04/2019 10:47:07 a.m. pepito paso a nivel 8 gano HP: 10
04/04/2019 10:47:07 a.m. pepito paso a nivel 9 gano HP: 7
04/04/2019 10:47:07 a.m. pepito paso a nivel 10 gano HP: 10
04/04/2019 10:47:07 a.m. pepito paso a nivel 11 gano HP: 7
04/04/2019 10:47:08 a.m. pepito paso a nivel 12 gano HP: 9
04/04/2019 10:47:08 a.m. pepito paso a nivel 13 gano HP: 7
04/04/2019 10:47:08 a.m. pepito paso a nivel 14 gano HP: 8
04/04/2019 10:47:08 a.m. pepito paso a nivel 15 gano HP: 8
05/04/2019 01:02:52 p.m. Joselo paso a nivel 23 gano HP: 9
05/04/2019 01:02:52 p.m. Joselo paso a nivel 24 gano HP: 9
15/04/2019 12:30:20 p.m. PescadO paso a nivel 2 gano HP: 6
15/04/2019 12:30:20 p.m. PescadO paso a nivel 3 gano HP: 5
15/04/2019 12:30:21 p.m. PescadO paso a nivel 4 gano HP: 7
15/04/2019 12:30:21 p.m. PescadO paso a nivel 5 gano HP: 6
15/04/2019 12:30:21 p.m. PescadO paso a nivel 6 gano HP: 5
15/04/2019 12:30:21 p.m. PescadO paso a nivel 7 gano HP: 7
15/04/2019 12:30:21 p.m. PescadO paso a nivel 8 gano HP: 5
15/04/2019 12:30:21 p.m. PescadO paso a nivel 9 gano HP: 7
15/04/2019 12:30:21 p.m. PescadO paso a nivel 10 gano HP: 5
15/04/2019 12:30:22 p.m. PescadO paso a nivel 11 gano HP: 6
15/04/2019 12:30:22 p.m. PescadO paso a nivel 12 gano HP: 7
15/04/2019 12:30:23 p.m. PescadO paso a nivel 13 gano HP: 5
15/04/2019 12:30:23 p.m. PescadO paso a nivel 14 gano HP: 8
15/04/2019 12:30:23 p.m. PescadO paso a nivel 15 gano HP: 7
17/04/2019 02:51:52 a.m. XANIA paso a nivel 2 gano HP: 6
17/04/2019 02:51:52 a.m. XANIA paso a nivel 3 gano HP: 6
17/04/2019 02:51:54 a.m. XANIA paso a nivel 4 gano HP: 9
17/04/2019 02:51:58 a.m. XANIA paso a nivel 5 gano HP: 6
17/04/2019 02:52:04 a.m. XANIA paso a nivel 6 gano HP: 6
17/04/2019 02:52:04 a.m. XANIA paso a nivel 7 gano HP: 6
17/04/2019 02:52:12 a.m. XANIA paso a nivel 8 gano HP: 7
17/04/2019 02:52:13 a.m. XANIA paso a nivel 9 gano HP: 6
17/04/2019 11:54:57 p.m. XANIA paso a nivel 2 gano HP: 9
17/04/2019 11:54:57 p.m. XANIA paso a nivel 3 gano HP: 8
17/04/2019 11:55:10 p.m. XANIA paso a nivel 4 gano HP: 8
17/04/2019 11:55:20 p.m. XANIA paso a nivel 5 gano HP: 8
17/04/2019 11:55:30 p.m. XANIA paso a nivel 6 gano HP: 9
17/04/2019 11:55:30 p.m. XANIA paso a nivel 7 gano HP: 6
17/04/2019 11:55:34 p.m. XANIA paso a nivel 8 gano HP: 9
17/04/2019 11:55:53 p.m. XANIA paso a nivel 9 gano HP: 8
17/04/2019 11:56:06 p.m. XANIA paso a nivel 10 gano HP: 8
17/04/2019 11:56:16 p.m. XANIA paso a nivel 11 gano HP: 8
17/04/2019 11:57:08 p.m. XANIA paso a nivel 12 gano HP: 7
17/04/2019 11:57:28 p.m. XANIA paso a nivel 13 gano HP: 9
18/04/2019 09:36:34 a.m. XANIA paso a nivel 2 gano HP: 9
18/04/2019 09:36:34 a.m. XANIA paso a nivel 3 gano HP: 8
18/04/2019 09:36:34 a.m. XANIA paso a nivel 4 gano HP: 8
18/04/2019 09:36:34 a.m. XANIA paso a nivel 5 gano HP: 9
18/04/2019 09:36:36 a.m. XANIA paso a nivel 6 gano HP: 6
18/04/2019 09:36:36 a.m. XANIA paso a nivel 7 gano HP: 8
18/04/2019 09:36:57 a.m. XANIA paso a nivel 8 gano HP: 8
18/04/2019 09:37:05 a.m. XANIA paso a nivel 9 gano HP: 9
18/04/2019 09:39:33 a.m. XANIA paso a nivel 10 gano HP: 9
18/04/2019 09:39:51 a.m. XANIA paso a nivel 11 gano HP: 7
18/04/2019 09:40:09 a.m. XANIA paso a nivel 12 gano HP: 8
18/04/2019 09:40:24 a.m. XANIA paso a nivel 13 gano HP: 7
18/04/2019 09:43:56 a.m. XANIA paso a nivel 14 gano HP: 7
18/04/2019 09:44:07 a.m. XANIA paso a nivel 15 gano HP: 6
18/04/2019 09:44:24 a.m. XANIA paso a nivel 16 gano HP: 9
18/04/2019 01:34:38 p.m. XANIA paso a nivel 17 gano HP: 9
18/04/2019 01:34:38 p.m. XANIA paso a nivel 18 gano HP: 7
18/04/2019 01:34:38 p.m. XANIA paso a nivel 19 gano HP: 9
18/04/2019 01:34:38 p.m. XANIA paso a nivel 20 gano HP: 7
18/04/2019 01:34:38 p.m. XANIA paso a nivel 21 gano HP: 6
18/04/2019 01:34:49 p.m. XANIA paso a nivel 22 gano HP: 6
18/04/2019 01:34:49 p.m. XANIA paso a nivel 23 gano HP: 8
18/04/2019 01:34:49 p.m. XANIA paso a nivel 24 gano HP: 6
18/04/2019 01:34:49 p.m. XANIA paso a nivel 25 gano HP: 6
18/04/2019 01:34:49 p.m. XANIA paso a nivel 26 gano HP: 8
18/04/2019 01:34:49 p.m. XANIA paso a nivel 27 gano HP: 9
18/04/2019 01:34:49 p.m. XANIA paso a nivel 28 gano HP: 9
18/04/2019 01:34:49 p.m. XANIA paso a nivel 29 gano HP: 7
18/04/2019 01:34:49 p.m. XANIA paso a nivel 30 gano HP: 8
18/04/2019 01:34:49 p.m. XANIA paso a nivel 31 gano HP: 6
18/04/2019 01:34:49 p.m. XANIA paso a nivel 32 gano HP: 9
18/04/2019 01:34:49 p.m. XANIA paso a nivel 33 gano HP: 8
18/04/2019 01:34:49 p.m. XANIA paso a nivel 34 gano HP: 7
18/04/2019 01:34:49 p.m. XANIA paso a nivel 35 gano HP: 6
18/04/2019 01:35:13 p.m. XANIA paso a nivel 36 gano HP: 8
18/04/2019 01:35:13 p.m. XANIA paso a nivel 37 gano HP: 9
18/04/2019 01:35:13 p.m. XANIA paso a nivel 38 gano HP: 7
18/04/2019 01:35:24 p.m. XANIA paso a nivel 39 gano HP: 6
18/04/2019 01:35:24 p.m. XANIA paso a nivel 40 gano HP: 9
18/04/2019 01:36:05 p.m. XANIA juntó del piso 10000 Poción roja Mapa: 1 X: 62 Y: 56
19/04/2019 02:39:42 p.m. Nywus juntó del piso 10000 Poción azul Mapa: 1 X: 54 Y: 54
25/04/2019 11:12:56 a.m. Annawen paso a nivel 2 gano HP: 4
25/04/2019 11:13:08 a.m. Annawen paso a nivel 3 gano HP: 5
25/04/2019 11:13:08 a.m. Annawen paso a nivel 4 gano HP: 8
25/04/2019 11:13:12 a.m. Annawen paso a nivel 5 gano HP: 8
25/04/2019 11:13:14 a.m. Annawen paso a nivel 6 gano HP: 4
25/04/2019 11:13:16 a.m. Annawen paso a nivel 7 gano HP: 4
25/04/2019 11:13:17 a.m. Annawen paso a nivel 8 gano HP: 4
25/04/2019 11:13:24 a.m. Annawen paso a nivel 9 gano HP: 7
25/04/2019 11:14:07 a.m. Annawen paso a nivel 10 gano HP: 4
25/04/2019 11:14:41 a.m. Annawen paso a nivel 11 gano HP: 7
25/04/2019 11:15:01 a.m. Annawen paso a nivel 12 gano HP: 4
25/04/2019 11:15:25 a.m. Annawen paso a nivel 13 gano HP: 6
25/04/2019 11:18:21 a.m. Annawen paso a nivel 14 gano HP: 4
25/04/2019 11:18:59 a.m. Annawen paso a nivel 15 gano HP: 7
