06/05/2018 20:35:19 server iniciado 0.0.1
06/05/2018 20:41:52 server iniciado 0.0.1
02/04/2019 08:38:39 a.m. server iniciado 0.0.1
02/04/2019 09:03:25 a.m. server iniciado 0.0.1
02/04/2019 10:14:58 a.m. server cerrado.
02/04/2019 10:41:14 a.m. server iniciado 0.0.1
02/04/2019 11:32:33 a.m. server cerrado.
02/04/2019 11:33:08 a.m. server iniciado 0.0.1
02/04/2019 12:43:23 p.m. server cerrado.
02/04/2019 12:44:36 p.m. server iniciado 0.0.1
02/04/2019 12:44:44 p.m. server cerrado.
02/04/2019 12:44:51 p.m. server iniciado 0.0.1
02/04/2019 01:05:22 p.m. server cerrado.
02/04/2019 01:07:17 p.m. server iniciado 0.0.1
02/04/2019 02:04:18 p.m. server cerrado.
02/04/2019 02:05:41 p.m. server iniciado 0.0.1
03/04/2019 03:40:57 p.m. server iniciado 0.0.1
03/04/2019 03:46:49 p.m. server cerrado.
03/04/2019 03:46:57 p.m. server iniciado 0.0.1
03/04/2019 03:47:50 p.m. server cerrado.
03/04/2019 03:48:00 p.m. server iniciado 0.0.1
03/04/2019 04:02:02 p.m. server cerrado.
03/04/2019 10:18:08 p.m. server iniciado 0.0.1
03/04/2019 10:43:26 p.m. server cerrado.
03/04/2019 10:47:10 p.m. server iniciado 0.0.1
04/04/2019 09:27:52 a.m. server cerrado.
04/04/2019 10:34:39 a.m. server iniciado 0.0.1
04/04/2019 10:35:14 a.m. server cerrado.
04/04/2019 10:35:25 a.m. server iniciado 0.0.1
04/04/2019 10:40:14 a.m. server cerrado.
04/04/2019 10:40:51 a.m. server iniciado 0.0.1
04/04/2019 10:41:53 a.m. server cerrado.
04/04/2019 10:43:38 a.m. server iniciado 0.0.1
04/04/2019 10:47:29 a.m. server cerrado.
05/04/2019 12:59:05 p.m. server iniciado 0.0.1
05/04/2019 01:12:23 p.m. server cerrado.
05/04/2019 01:32:27 p.m. server iniciado 0.0.1
05/04/2019 01:32:28 p.m. server iniciado 0.0.1
05/04/2019 01:32:31 p.m. server cerrado.
05/04/2019 01:32:34 p.m. server cerrado.
05/04/2019 01:32:50 p.m. server iniciado 0.0.1
06/04/2019 09:45:57 a.m. server cerrado.
10/04/2019 09:11:49 p.m. server iniciado 0.0.1
10/04/2019 09:12:01 p.m. server cerrado.
10/04/2019 09:12:12 p.m. server iniciado 0.0.1
10/04/2019 09:12:38 p.m. server cerrado.
10/04/2019 09:13:15 p.m. server iniciado 0.0.1
10/04/2019 09:13:41 p.m. server iniciado 0.0.1
10/04/2019 09:15:46 p.m. server cerrado.
11/04/2019 11:15:54 a.m. server iniciado 0.0.1
16/04/2019 08:22:26 a.m. server cerrado.
16/04/2019 08:26:08 a.m. server iniciado 0.0.1
16/04/2019 08:46:35 a.m. server cerrado.
16/04/2019 09:26:21 a.m. server iniciado 0.0.1
16/04/2019 09:28:06 a.m. server cerrado.
16/04/2019 09:28:13 a.m. server iniciado 0.0.1
16/04/2019 09:48:09 a.m. server cerrado.
16/04/2019 10:07:25 p.m. server iniciado 0.0.1
17/04/2019 12:27:43 a.m. server cerrado.
17/04/2019 12:31:39 a.m. server iniciado 0.0.1
17/04/2019 12:31:40 a.m. server iniciado 0.0.1
17/04/2019 12:31:43 a.m. server cerrado.
17/04/2019 12:31:46 a.m. server cerrado.
17/04/2019 12:32:17 a.m. server iniciado 0.0.1
17/04/2019 12:35:29 a.m. server cerrado.
17/04/2019 12:35:40 a.m. server iniciado 0.0.1
17/04/2019 12:45:29 a.m. server cerrado.
17/04/2019 12:55:32 a.m. server iniciado 0.0.1
17/04/2019 12:57:06 a.m. server cerrado.
17/04/2019 12:58:27 a.m. server iniciado 0.0.1
17/04/2019 01:02:25 a.m. server cerrado.
17/04/2019 01:03:02 a.m. server iniciado 0.0.1
17/04/2019 01:04:01 a.m. server cerrado.
17/04/2019 02:51:00 a.m. server iniciado 0.0.1
17/04/2019 02:58:22 a.m. server cerrado.
17/04/2019 05:37:01 a.m. server iniciado 0.0.1
17/04/2019 11:25:22 a.m. server cerrado.
17/04/2019 11:25:38 a.m. server iniciado 0.0.1
17/04/2019 11:31:42 a.m. server cerrado.
17/04/2019 11:32:10 a.m. server iniciado 0.0.1
17/04/2019 11:51:15 a.m. server cerrado.
17/04/2019 11:51:33 a.m. server iniciado 0.0.1
17/04/2019 12:00:15 p.m. server cerrado.
17/04/2019 12:00:23 p.m. server iniciado 0.0.1
17/04/2019 12:09:30 p.m. server cerrado.
17/04/2019 12:11:09 p.m. server iniciado 0.0.1
17/04/2019 01:05:26 p.m. server cerrado.
17/04/2019 01:05:35 p.m. server iniciado 0.0.1
17/04/2019 05:54:55 p.m. server cerrado.
17/04/2019 05:55:52 p.m. server iniciado 0.0.1
17/04/2019 06:00:32 p.m. server cerrado.
17/04/2019 06:01:31 p.m. server iniciado 0.0.1
17/04/2019 06:17:39 p.m. server cerrado.
17/04/2019 06:23:26 p.m. server iniciado 0.0.1
17/04/2019 07:07:07 p.m. server cerrado.
17/04/2019 07:07:25 p.m. server iniciado 0.0.1
17/04/2019 10:45:02 p.m. server cerrado.
17/04/2019 10:47:05 p.m. server iniciado 0.0.1
17/04/2019 11:58:04 p.m. server cerrado.
17/04/2019 11:58:38 p.m. server iniciado 0.0.1
18/04/2019 12:14:55 a.m. server cerrado.
18/04/2019 12:15:05 a.m. server iniciado 0.0.1
18/04/2019 12:57:16 p.m. server iniciado 0.0.1
18/04/2019 01:45:33 p.m. server cerrado.
18/04/2019 02:21:01 p.m. server iniciado 0.0.1
18/04/2019 04:15:38 p.m. server cerrado.
18/04/2019 04:15:48 p.m. server iniciado 0.0.1
18/04/2019 04:25:14 p.m. server cerrado.
18/04/2019 04:25:55 p.m. server iniciado 0.0.1
18/04/2019 04:26:26 p.m. server cerrado.
18/04/2019 04:26:28 p.m. server iniciado 0.0.1
18/04/2019 04:28:15 p.m. server cerrado.
18/04/2019 04:28:17 p.m. server iniciado 0.0.1
18/04/2019 04:29:31 p.m. server cerrado.
18/04/2019 04:29:38 p.m. server iniciado 0.0.1
18/04/2019 04:32:59 p.m. server cerrado.
18/04/2019 08:30:56 p.m. server iniciado 0.0.1
18/04/2019 08:33:09 p.m. server cerrado.
18/04/2019 08:33:26 p.m. server iniciado 0.0.1
18/04/2019 09:13:06 p.m. server cerrado.
19/04/2019 01:16:50 a.m. server iniciado 0.0.1
19/04/2019 01:23:10 a.m. server cerrado.
19/04/2019 01:23:19 a.m. server iniciado 0.0.1
19/04/2019 01:38:38 a.m. server cerrado.
19/04/2019 01:39:42 a.m. server iniciado 0.0.1
19/04/2019 11:21:41 a.m. server cerrado.
19/04/2019 11:22:52 a.m. server iniciado 0.0.1
19/04/2019 12:35:57 p.m. server cerrado.
19/04/2019 12:36:07 p.m. server iniciado 0.0.1
19/04/2019 12:39:55 p.m. server cerrado.
19/04/2019 12:40:57 p.m. server iniciado 0.0.1
19/04/2019 12:43:46 p.m. server cerrado.
19/04/2019 12:44:40 p.m. server iniciado 0.0.1
19/04/2019 01:01:09 p.m. server cerrado.
19/04/2019 01:01:18 p.m. server iniciado 0.0.1
19/04/2019 01:06:09 p.m. server cerrado.
19/04/2019 01:06:17 p.m. server iniciado 0.0.1
19/04/2019 01:20:05 p.m. server cerrado.
19/04/2019 01:20:38 p.m. server iniciado 0.0.1
19/04/2019 01:22:17 p.m. server cerrado.
19/04/2019 01:32:05 p.m. server iniciado 0.0.1
19/04/2019 01:32:42 p.m. server cerrado.
19/04/2019 01:34:03 p.m. server iniciado 0.0.1
19/04/2019 02:24:20 p.m. server cerrado.
19/04/2019 02:27:39 p.m. server iniciado 0.0.1
19/04/2019 02:30:48 p.m. server cerrado.
19/04/2019 02:30:58 p.m. server iniciado 0.0.1
19/04/2019 02:37:11 p.m. server cerrado.
19/04/2019 02:37:33 p.m. server iniciado 0.0.1
19/04/2019 02:43:45 p.m. server cerrado.
19/04/2019 02:45:15 p.m. server iniciado 0.0.1
19/04/2019 02:48:31 p.m. server cerrado.
19/04/2019 02:48:47 p.m. server iniciado 0.0.1
19/04/2019 02:59:40 p.m. server cerrado.
19/04/2019 03:00:02 p.m. server iniciado 0.0.1
19/04/2019 03:00:49 p.m. server iniciado 0.0.1
19/04/2019 03:00:51 p.m. server cerrado.
19/04/2019 03:00:53 p.m. server cerrado.
19/04/2019 03:01:07 p.m. server iniciado 0.0.1
19/04/2019 03:31:42 p.m. server cerrado.
19/04/2019 03:33:46 p.m. server iniciado 0.0.1
19/04/2019 04:14:08 p.m. server cerrado.
19/04/2019 04:14:51 p.m. server iniciado 0.0.1
19/04/2019 04:30:50 p.m. server cerrado.
19/04/2019 04:31:00 p.m. server iniciado 0.0.1
19/04/2019 04:33:30 p.m. server cerrado.
19/04/2019 04:34:26 p.m. server iniciado 0.0.1
19/04/2019 08:10:18 p.m. server cerrado.
19/04/2019 08:53:23 p.m. server iniciado 0.0.1
19/04/2019 08:54:25 p.m. server cerrado.
19/04/2019 08:57:23 p.m. server iniciado 0.0.1
19/04/2019 09:01:21 p.m. server cerrado.
19/04/2019 09:01:39 p.m. server iniciado 0.0.1
19/04/2019 09:20:42 p.m. server cerrado.
19/04/2019 09:20:58 p.m. server iniciado 0.0.1
19/04/2019 09:23:06 p.m. server cerrado.
19/04/2019 09:28:07 p.m. server iniciado 0.0.1
19/04/2019 09:36:32 p.m. server cerrado.
19/04/2019 09:37:09 p.m. server iniciado 0.0.1
19/04/2019 09:43:24 p.m. server cerrado.
19/04/2019 09:44:42 p.m. server iniciado 0.0.1
19/04/2019 09:50:09 p.m. server cerrado.
19/04/2019 09:50:19 p.m. server iniciado 0.0.1
19/04/2019 10:19:49 p.m. server cerrado.
22/04/2019 08:23:24 a.m. server iniciado 0.0.1
22/04/2019 08:27:37 a.m. server cerrado.
22/04/2019 08:27:45 a.m. server iniciado 0.0.1
22/04/2019 08:31:46 a.m. server cerrado.
22/04/2019 08:32:00 a.m. server iniciado 0.0.1
22/04/2019 09:01:00 a.m. server cerrado.
22/04/2019 09:01:21 a.m. server iniciado 0.0.1
22/04/2019 09:02:52 a.m. server cerrado.
22/04/2019 09:02:55 a.m. server iniciado 0.0.1
22/04/2019 09:12:55 a.m. server cerrado.
22/04/2019 09:13:05 a.m. server iniciado 0.0.1
23/04/2019 09:37:36 a.m. server cerrado.
23/04/2019 09:43:10 a.m. server iniciado 0.0.1
23/04/2019 09:48:45 a.m. server cerrado.
23/04/2019 09:48:54 a.m. server iniciado 0.0.1
23/04/2019 09:50:15 a.m. server cerrado.
23/04/2019 09:51:01 a.m. server iniciado 0.0.1
23/04/2019 09:55:44 a.m. server cerrado.
23/04/2019 09:55:55 a.m. server iniciado 0.0.1
23/04/2019 08:28:54 p.m. server cerrado.
23/04/2019 08:29:25 p.m. server iniciado 0.0.1
23/04/2019 09:12:45 p.m. server cerrado.
23/04/2019 09:13:45 p.m. server iniciado 0.0.1
23/04/2019 09:15:50 p.m. server cerrado.
23/04/2019 09:16:11 p.m. server iniciado 0.0.1
23/04/2019 09:49:47 p.m. server cerrado.
25/04/2019 10:32:17 a.m. server iniciado 0.0.1
25/04/2019 10:34:52 a.m. server cerrado.
25/04/2019 10:36:14 a.m. server iniciado 0.0.1
25/04/2019 10:54:52 a.m. server cerrado.
25/04/2019 11:03:55 a.m. server iniciado 0.0.1
25/04/2019 11:05:11 a.m. server cerrado.
25/04/2019 11:05:19 a.m. server iniciado 0.0.1
25/04/2019 11:05:46 a.m. server cerrado.
25/04/2019 11:05:56 a.m. server iniciado 0.0.1
25/04/2019 11:06:59 a.m. server cerrado.
25/04/2019 11:10:10 a.m. server iniciado 0.0.1
25/04/2019 11:10:49 a.m. server cerrado.
25/04/2019 11:10:57 a.m. server iniciado 0.0.1
25/04/2019 11:19:22 a.m. server cerrado.
25/04/2019 11:25:27 a.m. server iniciado 0.0.1
26/04/2019 12:15:23 a.m. server cerrado.
17/05/2019 10:45:41 a.m. server iniciado 0.0.1
17/05/2019 11:05:45 a.m. server cerrado.
23/06/2019 10:02:10 a.m. server iniciado 0.0.1
23/06/2019 10:02:54 a.m. server iniciado 0.0.1
23/06/2019 10:09:54 a.m. server cerrado.
23/06/2019 10:10:08 a.m. server iniciado 0.0.1
24/06/2019 08:15:07 a.m. server iniciado 0.0.1
24/06/2019 08:24:37 a.m. server cerrado.
27/06/2019 11:15:52 a.m. server iniciado 0.0.1
27/06/2019 05:27:10 p.m. server cerrado.
27/06/2019 05:38:08 p.m. server iniciado 0.0.1
27/06/2019 05:48:10 p.m. server cerrado.
27/06/2019 05:48:21 p.m. server iniciado 0.0.1
27/06/2019 06:08:55 p.m. server cerrado.
27/06/2019 06:27:48 p.m. server iniciado 0.0.1
27/06/2019 06:29:26 p.m. server cerrado.
27/06/2019 06:30:18 p.m. server iniciado 0.0.1
27/06/2019 06:49:18 p.m. server cerrado.
27/06/2019 06:49:30 p.m. server iniciado 0.0.1
27/06/2019 06:51:04 p.m. server cerrado.
27/06/2019 06:53:37 p.m. server iniciado 0.0.1
28/06/2019 10:41:55 a.m. server cerrado.
28/06/2019 10:42:12 a.m. server iniciado 0.0.1
28/06/2019 10:44:44 a.m. server cerrado.
28/06/2019 10:45:09 a.m. server iniciado 0.0.1
28/06/2019 10:48:51 a.m. server cerrado.
28/06/2019 10:49:08 a.m. server iniciado 0.0.1
28/06/2019 10:53:36 a.m. server cerrado.
28/06/2019 10:53:58 a.m. server iniciado 0.0.1
28/06/2019 10:58:36 a.m. server cerrado.
28/06/2019 10:58:47 a.m. server iniciado 0.0.1
28/06/2019 12:18:39 p.m. server cerrado.
28/06/2019 12:18:51 p.m. server iniciado 0.0.1
28/06/2019 12:28:26 p.m. server cerrado.
28/06/2019 12:28:37 p.m. server iniciado 0.0.1
28/06/2019 12:29:26 p.m. server cerrado.
30/06/2019 10:06:39 p.m. server iniciado 0.0.1
30/06/2019 10:14:54 p.m. server cerrado.
30/06/2019 11:14:05 p.m. server iniciado 0.0.1
30/06/2019 11:48:03 p.m. server cerrado.
03/07/2019 08:06:38 a.m. server iniciado 0.0.1
03/07/2019 08:06:41 a.m. server cerrado.
03/07/2019 08:07:34 a.m. server iniciado 0.0.1
03/07/2019 08:14:44 a.m. server cerrado.
03/07/2019 08:39:46 a.m. server iniciado 0.0.1
03/07/2019 08:42:17 a.m. server cerrado.
03/07/2019 08:42:29 a.m. server iniciado 0.0.1
03/07/2019 08:43:42 a.m. server cerrado.
03/07/2019 08:43:51 a.m. server iniciado 0.0.1
03/07/2019 09:59:25 a.m. server cerrado.
03/07/2019 10:24:57 a.m. server iniciado 0.0.1
03/07/2019 10:36:45 a.m. server cerrado.
03/07/2019 10:37:45 a.m. server iniciado 0.0.1
03/07/2019 10:42:07 a.m. server cerrado.
03/07/2019 10:52:04 a.m. server iniciado 0.0.1
03/07/2019 10:55:17 a.m. server cerrado.
03/07/2019 10:55:52 a.m. server iniciado 0.0.1
03/07/2019 12:00:51 p.m. server cerrado.
03/07/2019 12:00:53 p.m. server iniciado 0.0.1
03/07/2019 12:00:56 p.m. server cerrado.
03/07/2019 12:01:04 p.m. server iniciado 0.0.1
03/07/2019 12:05:12 p.m. server cerrado.
03/07/2019 12:05:55 p.m. server iniciado 0.0.1
03/07/2019 12:34:31 p.m. server cerrado.
03/07/2019 12:37:07 p.m. server iniciado 0.0.1
03/07/2019 12:42:25 p.m. server cerrado.
03/07/2019 12:43:25 p.m. server iniciado 0.0.1
03/07/2019 03:21:13 p.m. server cerrado.
03/07/2019 03:24:46 p.m. server iniciado 0.0.1
03/07/2019 03:42:10 p.m. server cerrado.
03/07/2019 03:44:03 p.m. server iniciado 0.0.1
03/07/2019 03:49:52 p.m. server cerrado.
03/07/2019 10:23:45 p.m. server iniciado 0.0.1
03/07/2019 11:08:46 p.m. server cerrado.
03/07/2019 11:09:04 p.m. server iniciado 0.0.1
04/07/2019 08:54:33 a.m. server cerrado.
04/07/2019 09:07:20 a.m. server iniciado 0.0.1
04/07/2019 09:18:30 a.m. server cerrado.
04/07/2019 09:18:34 a.m. server iniciado 0.0.1
04/07/2019 09:23:36 a.m. server cerrado.
04/07/2019 09:23:44 a.m. server iniciado 0.0.1
04/07/2019 09:36:30 a.m. server cerrado.
04/07/2019 09:36:46 a.m. server iniciado 0.0.1
04/07/2019 09:37:01 a.m. server cerrado.
04/07/2019 09:37:10 a.m. server iniciado 0.0.1
04/07/2019 09:39:43 a.m. server cerrado.
04/07/2019 09:40:09 a.m. server iniciado 0.0.1
04/07/2019 09:44:52 a.m. server cerrado.
04/07/2019 09:45:08 a.m. server iniciado 0.0.1
04/07/2019 09:45:59 a.m. server cerrado.
04/07/2019 09:47:56 a.m. server iniciado 0.0.1
04/07/2019 09:55:31 a.m. server cerrado.
04/07/2019 09:56:09 a.m. server iniciado 0.0.1
04/07/2019 09:57:08 a.m. server cerrado.
04/07/2019 10:07:17 a.m. server iniciado 0.0.1
04/07/2019 08:07:13 p.m. server cerrado.
05/07/2019 10:52:02 p.m. server iniciado 0.0.1
05/07/2019 10:59:36 p.m. server cerrado.
06/07/2019 11:15:49 a.m. server iniciado 0.0.1
06/07/2019 11:17:03 a.m. server cerrado.
06/07/2019 11:18:00 a.m. server iniciado 0.0.1
06/07/2019 11:22:08 a.m. server cerrado.
06/07/2019 11:27:34 a.m. server iniciado 0.0.1
06/07/2019 01:44:17 p.m. server cerrado.
06/07/2019 02:51:50 p.m. server iniciado 0.0.1
06/07/2019 06:19:11 p.m. server cerrado.
10/07/2019 10:28:51 p.m. server iniciado 0.0.1
10/07/2019 10:41:59 p.m. server cerrado.
10/07/2019 10:42:11 p.m. server iniciado 0.0.1
10/07/2019 11:01:40 p.m. server cerrado.
11/07/2019 01:32:44 a.m. server iniciado 0.0.1
11/07/2019 01:33:58 a.m. server iniciado 0.0.1
11/07/2019 01:47:19 a.m. server cerrado.
11/07/2019 01:47:53 a.m. server iniciado 0.0.1
11/07/2019 01:57:46 a.m. server cerrado.
11/07/2019 01:58:04 a.m. server iniciado 0.0.1
11/07/2019 11:24:58 a.m. server cerrado.
11/07/2019 11:25:53 a.m. server iniciado 0.0.1
11/07/2019 11:34:04 a.m. server cerrado.
11/07/2019 02:17:47 p.m. server iniciado 0.0.1
11/07/2019 02:20:06 p.m. server cerrado.
11/07/2019 02:21:20 p.m. server iniciado 0.0.1
11/07/2019 07:18:18 p.m. server cerrado.
12/07/2019 02:07:50 a.m. server iniciado 0.0.1
12/07/2019 03:20:46 a.m. server cerrado.
