02/04/2019 12:45:04 p.m. Se conecto con ip:127.0.0.1MT7014029204398#BFEBFBFF0001067A
02/04/2019 12:45:06 p.m. /INVISIBLE
02/04/2019 12:45:42 p.m. /INVISIBLE
02/04/2019 12:46:11 p.m. /INVISIBLE
02/04/2019 12:46:13 p.m. Tiró cantidad:1 Objeto:Monedas de oro
02/04/2019 12:50:59 p.m. Se conecto con ip:127.0.0.1MT7014029204398#BFEBFBFF0001067A
02/04/2019 12:51:02 p.m. /INVISIBLE
02/04/2019 12:51:13 p.m. /CI: 632 Cantidad : 1
02/04/2019 12:51:14 p.m. Agarro:1 Objeto:Túnica de dioses
02/04/2019 12:51:50 p.m. Numero enemigos en mapa 169
02/04/2019 12:51:53 p.m. Utilizó un teleport hacia el mapa 170 (10,54)
02/04/2019 12:51:55 p.m. Numero enemigos en mapa 170
02/04/2019 12:52:07 p.m. Utilizó un teleport hacia el mapa 171 (10,63)
02/04/2019 12:52:09 p.m. Numero enemigos en mapa 171
02/04/2019 12:52:22 p.m. /INVISIBLE
02/04/2019 12:52:38 p.m. /INVISIBLE
02/04/2019 12:52:43 p.m. /INVISIBLE
02/04/2019 12:53:08 p.m. /INVISIBLE
02/04/2019 12:53:15 p.m. Numero enemigos en mapa 121
02/04/2019 12:54:25 p.m. Utilizó un teleport hacia el mapa 23 (55,93)
02/04/2019 12:54:27 p.m. Utilizó un teleport hacia el mapa 28 (55,8)
02/04/2019 01:07:33 p.m. Se conecto con ip:127.0.0.1MT7014029204398#BFEBFBFF0001067A
02/04/2019 01:07:33 p.m. /INVISIBLE
02/04/2019 01:08:16 p.m. Mensaje Broadcast:Deberan mandar soporte para eso.
02/04/2019 01:08:52 p.m. /IRA pepito Mapa:1 X:58 Y:45
02/04/2019 02:06:04 p.m. Se conecto con ip:127.0.0.1MT7014029204398#BFEBFBFF0001067A
02/04/2019 02:06:05 p.m. /INVISIBLE
02/04/2019 02:06:08 p.m. /INVISIBLE
02/04/2019 02:07:24 p.m. /INVISIBLE
02/04/2019 02:12:22 p.m. Se conecto con ip:127.0.0.1MT7014029204398#BFEBFBFF0001067A
02/04/2019 02:12:23 p.m. /INVISIBLE
02/04/2019 02:13:41 p.m. Se conecto con ip:127.0.0.1MT7014029204398#BFEBFBFF0001067A
02/04/2019 02:13:42 p.m. /INVISIBLE
02/04/2019 02:15:53 p.m. Se conecto con ip:127.0.0.1MT7014029204398#BFEBFBFF0001067A
02/04/2019 02:15:54 p.m. /INVISIBLE
02/04/2019 02:16:04 p.m. Mensaje Broadcast:asd
02/04/2019 02:22:04 p.m. Se conecto con ip:127.0.0.1MT7014029204398#BFEBFBFF0001067A
02/04/2019 02:22:05 p.m. /INVISIBLE
02/04/2019 02:37:30 p.m. Se conecto con ip:127.0.0.1MT7014029204398#BFEBFBFF0001067A
02/04/2019 02:37:32 p.m. /INVISIBLE
02/04/2019 02:37:34 p.m. /LLUVIA
02/04/2019 02:38:17 p.m. /CI: 836 Cantidad : 1
02/04/2019 02:38:17 p.m. Agarro:1 Objeto:Montura de Dragón
02/04/2019 02:38:32 p.m. /CI: 835 Cantidad : 1
02/04/2019 02:38:32 p.m. Agarro:1 Objeto:Montura de Dragón Dorada
02/04/2019 02:38:46 p.m. Utilizó un teleport hacia el mapa 5 (30,93)
02/04/2019 02:39:00 p.m. Utilizó un teleport hacia el mapa 6 (47,93)
02/04/2019 02:39:57 p.m. /MOD SKILLS liderazgo 100 yo
02/04/2019 02:40:32 p.m. Utilizó un teleport hacia el mapa 5 (46,8)
02/04/2019 02:41:42 p.m. Tiró cantidad:1 Objeto:Montura de Dragón Dorada
02/04/2019 02:41:43 p.m. /DEST
02/04/2019 02:41:45 p.m. Tiró cantidad:1 Objeto:Montura de Dragón
02/04/2019 02:41:47 p.m. /DEST
03/04/2019 09:48:46 a.m. Se conecto con ip:127.0.0.1MT7014029204398#BFEBFBFF0001067A
03/04/2019 09:48:50 a.m. /INVISIBLE
03/04/2019 09:49:57 a.m. /SUM joselo Map:49 X:52 Y:44
03/04/2019 09:50:43 a.m. Sumoneo Dragón Rojo
03/04/2019 10:06:41 a.m. Se conecto con ip:127.0.0.1MT7014029204398#BFEBFBFF0001067A
03/04/2019 10:06:45 a.m. /INVISIBLE
03/04/2019 10:07:26 a.m. /MOD HEAD 111  yo
03/04/2019 10:07:30 a.m. /MOD HEAD 110  yo
03/04/2019 10:08:27 a.m. Nywusha arrancado un torneo.
03/04/2019 10:12:07 a.m. Se conecto con ip:127.0.0.1MT7014029204398#BFEBFBFF0001067A
03/04/2019 10:12:20 a.m. /INVISIBLE
03/04/2019 03:41:03 p.m. Se conecto con ip:127.0.0.1MT7014029204398#BFEBFBFF0001067A
03/04/2019 03:41:17 p.m. /MOD EXP 20000000  yo
03/04/2019 03:41:18 p.m. /INVISIBLE
03/04/2019 03:41:20 p.m. /MOD EXP 20000000  yo
03/04/2019 03:41:22 p.m. /MOD EXP 20000000  yo
03/04/2019 03:41:24 p.m. /MOD EXP 20000000  yo
03/04/2019 03:41:26 p.m. /MOD EXP 20000000  yo
03/04/2019 03:41:28 p.m. /MOD EXP 20000000  yo
03/04/2019 03:41:28 p.m. /MOD EXP 20000000  yo
03/04/2019 03:41:29 p.m. /MOD EXP 20000000  yo
03/04/2019 03:41:30 p.m. /MOD EXP 20000000  yo
03/04/2019 03:41:38 p.m. /MOD EXP 20000000  yo
03/04/2019 03:41:38 p.m. /MOD EXP 20000000  yo
03/04/2019 03:41:38 p.m. /MOD EXP 20000000  yo
03/04/2019 03:41:38 p.m. /MOD EXP 20000000  yo
03/04/2019 03:41:39 p.m. /MOD EXP 20000000  yo
03/04/2019 03:41:39 p.m. /MOD EXP 20000000  yo
03/04/2019 03:41:39 p.m. /MOD EXP 20000000  yo
03/04/2019 03:41:39 p.m. /MOD EXP 20000000  yo
03/04/2019 03:41:39 p.m. /MOD EXP 20000000  yo
03/04/2019 03:41:39 p.m. /MOD EXP 20000000  yo
03/04/2019 03:41:39 p.m. /MOD EXP 20000000  yo
03/04/2019 03:41:40 p.m. /MOD EXP 20000000  yo
03/04/2019 03:41:40 p.m. /MOD EXP 20000000  yo
03/04/2019 03:41:40 p.m. /MOD EXP 20000000  yo
03/04/2019 03:41:40 p.m. /MOD EXP 20000000  yo
03/04/2019 03:41:40 p.m. /MOD EXP 20000000  yo
03/04/2019 03:41:41 p.m. /MOD EXP 20000000  yo
03/04/2019 03:41:41 p.m. /MOD EXP 20000000  yo
03/04/2019 03:41:41 p.m. /MOD EXP 20000000  yo
03/04/2019 03:41:41 p.m. /MOD EXP 20000000  yo
03/04/2019 03:41:41 p.m. /MOD EXP 20000000  yo
03/04/2019 03:41:41 p.m. /MOD EXP 20000000  yo
03/04/2019 03:41:42 p.m. /MOD EXP 20000000  yo
03/04/2019 03:41:42 p.m. /MOD EXP 20000000  yo
03/04/2019 03:41:42 p.m. /MOD EXP 20000000  yo
03/04/2019 03:41:42 p.m. /MOD EXP 20000000  yo
03/04/2019 03:41:42 p.m. /MOD EXP 20000000  yo
03/04/2019 03:41:43 p.m. /MOD EXP 20000000  yo
03/04/2019 03:41:43 p.m. /MOD EXP 20000000  yo
03/04/2019 03:41:43 p.m. /MOD EXP 20000000  yo
03/04/2019 03:41:43 p.m. /MOD EXP 20000000  yo
03/04/2019 03:41:43 p.m. /MOD EXP 20000000  yo
03/04/2019 03:41:44 p.m. /MOD EXP 20000000  yo
03/04/2019 03:41:44 p.m. /MOD EXP 20000000  yo
03/04/2019 03:41:44 p.m. /MOD EXP 20000000  yo
03/04/2019 03:41:44 p.m. /MOD EXP 20000000  yo
03/04/2019 03:41:45 p.m. /MOD EXP 20000000  yo
03/04/2019 03:41:45 p.m. /MOD EXP 20000000  yo
03/04/2019 03:41:45 p.m. /MOD EXP 20000000  yo
03/04/2019 03:41:45 p.m. /MOD EXP 20000000  yo
03/04/2019 03:41:45 p.m. /MOD EXP 20000000  yo
03/04/2019 03:41:46 p.m. /MOD EXP 20000000  yo
03/04/2019 03:41:46 p.m. /MOD EXP 20000000  yo
03/04/2019 03:41:46 p.m. /MOD EXP 20000000  yo
03/04/2019 03:41:46 p.m. /MOD EXP 20000000  yo
03/04/2019 03:41:46 p.m. /MOD EXP 20000000  yo
03/04/2019 03:41:47 p.m. /MOD EXP 20000000  yo
03/04/2019 03:41:47 p.m. /MOD EXP 20000000  yo
03/04/2019 03:41:47 p.m. /MOD EXP 20000000  yo
03/04/2019 03:41:47 p.m. /MOD EXP 20000000  yo
03/04/2019 03:41:47 p.m. /MOD EXP 20000000  yo
03/04/2019 03:41:48 p.m. /MOD EXP 20000000  yo
03/04/2019 03:41:48 p.m. /MOD EXP 20000000  yo
03/04/2019 03:41:48 p.m. /MOD EXP 20000000  yo
03/04/2019 03:41:48 p.m. /MOD EXP 20000000  yo
03/04/2019 03:41:49 p.m. /MOD EXP 20000000  yo
03/04/2019 03:41:49 p.m. /MOD EXP 20000000  yo
03/04/2019 03:41:49 p.m. /MOD EXP 20000000  yo
03/04/2019 03:41:49 p.m. /MOD EXP 20000000  yo
03/04/2019 03:41:49 p.m. /MOD EXP 20000000  yo
03/04/2019 03:41:49 p.m. /MOD EXP 20000000  yo
03/04/2019 03:41:50 p.m. /MOD EXP 20000000  yo
03/04/2019 03:41:50 p.m. /MOD EXP 20000000  yo
03/04/2019 03:41:50 p.m. /MOD EXP 20000000  yo
03/04/2019 03:41:50 p.m. /MOD EXP 20000000  yo
03/04/2019 03:41:51 p.m. /MOD EXP 20000000  yo
03/04/2019 03:41:51 p.m. /MOD EXP 20000000  yo
03/04/2019 03:41:51 p.m. /MOD EXP 20000000  yo
03/04/2019 03:41:51 p.m. /MOD EXP 20000000  yo
03/04/2019 03:41:51 p.m. /MOD EXP 20000000  yo
03/04/2019 03:41:52 p.m. /MOD EXP 20000000  yo
03/04/2019 03:41:52 p.m. /MOD EXP 20000000  yo
03/04/2019 03:41:52 p.m. /MOD EXP 20000000  yo
03/04/2019 03:41:52 p.m. /MOD EXP 20000000  yo
03/04/2019 03:41:52 p.m. /MOD EXP 20000000  yo
03/04/2019 03:41:53 p.m. /MOD EXP 20000000  yo
03/04/2019 03:41:53 p.m. /MOD EXP 20000000  yo
03/04/2019 03:41:53 p.m. /MOD EXP 20000000  yo
03/04/2019 03:41:53 p.m. /MOD EXP 20000000  yo
03/04/2019 03:41:54 p.m. /MOD EXP 20000000  yo
03/04/2019 03:41:54 p.m. /MOD EXP 20000000  yo
03/04/2019 03:41:54 p.m. /MOD EXP 20000000  yo
03/04/2019 03:41:54 p.m. /MOD EXP 20000000  yo
03/04/2019 03:41:54 p.m. /MOD EXP 20000000  yo
03/04/2019 03:41:55 p.m. /MOD EXP 20000000  yo
03/04/2019 03:41:55 p.m. /MOD EXP 20000000  yo
03/04/2019 03:41:55 p.m. /MOD EXP 20000000  yo
03/04/2019 03:41:55 p.m. /MOD EXP 20000000  yo
03/04/2019 03:41:56 p.m. /MOD EXP 20000000  yo
03/04/2019 03:41:56 p.m. /MOD EXP 20000000  yo
03/04/2019 03:41:56 p.m. /MOD EXP 20000000  yo
03/04/2019 03:41:56 p.m. /MOD EXP 20000000  yo
03/04/2019 03:41:56 p.m. /MOD EXP 20000000  yo
03/04/2019 03:41:57 p.m. /MOD EXP 20000000  yo
03/04/2019 03:41:57 p.m. /MOD EXP 20000000  yo
03/04/2019 03:41:57 p.m. /MOD EXP 20000000  yo
03/04/2019 03:41:57 p.m. /MOD EXP 20000000  yo
03/04/2019 03:41:58 p.m. /MOD EXP 20000000  yo
03/04/2019 03:41:58 p.m. /MOD EXP 20000000  yo
03/04/2019 03:41:58 p.m. /MOD EXP 20000000  yo
03/04/2019 03:41:58 p.m. /MOD EXP 20000000  yo
03/04/2019 03:41:58 p.m. /MOD EXP 20000000  yo
03/04/2019 03:41:59 p.m. /MOD EXP 20000000  yo
03/04/2019 03:41:59 p.m. /MOD EXP 20000000  yo
03/04/2019 03:41:59 p.m. /MOD EXP 20000000  yo
03/04/2019 03:41:59 p.m. /MOD EXP 20000000  yo
03/04/2019 03:41:59 p.m. /MOD EXP 20000000  yo
03/04/2019 03:42:00 p.m. /MOD EXP 20000000  yo
03/04/2019 03:42:00 p.m. /MOD EXP 20000000  yo
03/04/2019 03:42:00 p.m. /MOD EXP 20000000  yo
03/04/2019 03:42:00 p.m. /MOD EXP 20000000  yo
03/04/2019 03:42:01 p.m. /MOD EXP 20000000  yo
03/04/2019 03:42:01 p.m. /MOD EXP 20000000  yo
03/04/2019 03:42:01 p.m. /MOD EXP 20000000  yo
03/04/2019 03:42:01 p.m. /MOD EXP 20000000  yo
03/04/2019 03:42:02 p.m. /MOD EXP 20000000  yo
03/04/2019 03:42:02 p.m. /MOD EXP 20000000  yo
03/04/2019 03:42:02 p.m. /MOD EXP 20000000  yo
03/04/2019 03:42:02 p.m. /MOD EXP 20000000  yo
03/04/2019 03:42:03 p.m. /MOD EXP 20000000  yo
03/04/2019 03:42:03 p.m. /MOD EXP 20000000  yo
03/04/2019 03:42:03 p.m. /MOD EXP 20000000  yo
03/04/2019 03:42:03 p.m. /MOD EXP 20000000  yo
03/04/2019 03:42:03 p.m. /MOD EXP 20000000  yo
03/04/2019 03:42:04 p.m. /MOD EXP 20000000  yo
03/04/2019 03:42:04 p.m. /MOD EXP 20000000  yo
03/04/2019 03:42:04 p.m. /MOD EXP 20000000  yo
03/04/2019 03:42:04 p.m. /MOD EXP 20000000  yo
03/04/2019 03:42:04 p.m. /MOD EXP 20000000  yo
03/04/2019 03:42:04 p.m. /MOD EXP 20000000  yo
03/04/2019 03:42:05 p.m. /MOD EXP 20000000  yo
03/04/2019 03:42:05 p.m. /MOD EXP 20000000  yo
03/04/2019 03:42:05 p.m. /MOD EXP 20000000  yo
03/04/2019 03:42:05 p.m. /MOD EXP 20000000  yo
03/04/2019 03:42:05 p.m. /MOD EXP 20000000  yo
03/04/2019 03:42:05 p.m. /MOD EXP 20000000  yo
03/04/2019 03:42:05 p.m. /MOD EXP 20000000  yo
03/04/2019 03:42:06 p.m. /MOD EXP 20000000  yo
03/04/2019 03:42:08 p.m. /MOD EXP 20000000  yo
03/04/2019 03:42:10 p.m. /MOD EXP 20000000  yo
03/04/2019 03:42:10 p.m. /MOD EXP 20000000  yo
03/04/2019 03:42:10 p.m. /MOD EXP 20000000  yo
03/04/2019 03:42:10 p.m. /MOD EXP 20000000  yo
03/04/2019 03:42:11 p.m. /MOD EXP 20000000  yo
03/04/2019 03:42:12 p.m. /MOD EXP 20000000  yo
03/04/2019 03:42:12 p.m. /MOD EXP 20000000  yo
03/04/2019 03:42:12 p.m. /MOD EXP 20000000  yo
03/04/2019 03:42:12 p.m. /MOD EXP 20000000  yo
03/04/2019 03:42:12 p.m. /MOD EXP 20000000  yo
03/04/2019 03:42:13 p.m. /MOD EXP 20000000  yo
03/04/2019 03:42:13 p.m. /MOD EXP 20000000  yo
03/04/2019 03:42:13 p.m. /MOD EXP 20000000  yo
03/04/2019 03:42:13 p.m. /MOD EXP 20000000  yo
03/04/2019 03:42:13 p.m. /MOD EXP 20000000  yo
03/04/2019 03:42:13 p.m. /MOD EXP 20000000  yo
03/04/2019 03:42:13 p.m. /MOD EXP 20000000  yo
03/04/2019 03:42:13 p.m. /MOD EXP 20000000  yo
03/04/2019 03:42:14 p.m. /MOD EXP 20000000  yo
03/04/2019 03:42:14 p.m. /MOD EXP 20000000  yo
03/04/2019 03:42:14 p.m. /MOD EXP 20000000  yo
03/04/2019 03:42:14 p.m. /MOD EXP 20000000  yo
03/04/2019 03:42:14 p.m. /MOD EXP 20000000  yo
03/04/2019 03:42:15 p.m. /MOD EXP 20000000  yo
03/04/2019 03:42:15 p.m. /MOD EXP 20000000  yo
03/04/2019 03:42:15 p.m. /MOD EXP 20000000  yo
03/04/2019 03:42:15 p.m. /MOD EXP 20000000  yo
03/04/2019 03:42:15 p.m. /MOD EXP 20000000  yo
03/04/2019 03:42:16 p.m. /MOD EXP 20000000  yo
03/04/2019 03:42:16 p.m. /MOD EXP 20000000  yo
03/04/2019 03:42:16 p.m. /MOD EXP 20000000  yo
03/04/2019 03:42:16 p.m. /MOD EXP 20000000  yo
03/04/2019 03:42:16 p.m. /MOD EXP 20000000  yo
03/04/2019 03:42:18 p.m. /MOD EXP 20000000  yo
03/04/2019 03:42:24 p.m. Se conecto con ip:127.0.0.1MT7014029204398#BFEBFBFF0001067A
03/04/2019 03:42:26 p.m. /INVISIBLE
03/04/2019 03:42:56 p.m. Tiró cantidad:1 Objeto:Monedas de oro
03/04/2019 03:47:14 p.m. Se conecto con ip:127.0.0.1MT7014029204398#BFEBFBFF0001067A
03/04/2019 03:47:15 p.m. /INVISIBLE
03/04/2019 03:47:19 p.m. /CI: 1040 Cantidad : 1
03/04/2019 03:47:19 p.m. Agarro:1 Objeto:Túnica Black <Clérigo/Asesino> [ORO]
03/04/2019 03:47:25 p.m. Tiró cantidad:1 Objeto:Túnica Black <Clérigo/Asesino> [ORO]
03/04/2019 03:47:30 p.m. /CI: 1041 Cantidad : 1
03/04/2019 03:47:33 p.m. /DEST
03/04/2019 03:48:09 p.m. Se conecto con ip:127.0.0.1MT7014029204398#BFEBFBFF0001067A
03/04/2019 03:48:13 p.m. Se conecto con ip:127.0.0.1MT7014029204398#BFEBFBFF0001067A
03/04/2019 03:48:26 p.m. /INVISIBLE
03/04/2019 03:48:44 p.m. /CI: 1041 Cantidad : 1
03/04/2019 03:48:44 p.m. Agarro:1 Objeto:Ira de Dios
03/04/2019 03:48:56 p.m. Utilizó un teleport hacia el mapa 170 (10,38)
03/04/2019 03:49:24 p.m. Utilizó un teleport hacia el mapa 171 (10,76)
03/04/2019 03:50:04 p.m. Agarro:1 Objeto:Fragmento de cristal
03/04/2019 03:50:09 p.m. Utilizó un teleport hacia el mapa 170 (91,37)
03/04/2019 03:50:10 p.m. Utilizó un teleport hacia el mapa 171 (10,37)
03/04/2019 03:50:15 p.m. Utilizó un teleport hacia el mapa 170 (91,35)
03/04/2019 03:53:18 p.m. Se conecto con ip:127.0.0.1MT7014029204398#BFEBFBFF0001067A
03/04/2019 03:53:19 p.m. /INVISIBLE
03/04/2019 03:53:25 p.m. Sumoneó a Sacerdote en mapa 49
03/04/2019 03:54:04 p.m. /CT 1,50,50,0
03/04/2019 03:54:05 p.m. Utilizó un teleport hacia el mapa 1 (50,50)
03/04/2019 03:55:37 p.m. Tiró cantidad:1 Objeto:Espada dos manos
03/04/2019 03:55:39 p.m. Tiró cantidad:1 Objeto:Espada larga
03/04/2019 03:56:08 p.m. Se conecto con ip:127.0.0.1MT7014029204398#BFEBFBFF0001067A
03/04/2019 03:56:46 p.m. /SUM joselo Map:1 X:58 Y:45
03/04/2019 03:56:48 p.m. /INVISIBLE
03/04/2019 03:57:38 p.m. Tiró cantidad:1 Objeto:Túnica de monje (H/E/EO-H/M)
03/04/2019 03:59:08 p.m. /CI: 531 Cantidad : 1
03/04/2019 03:59:08 p.m. Agarro:1 Objeto:Descarga electrica
03/04/2019 03:59:13 p.m. /CI: 529 Cantidad : 1
03/04/2019 03:59:13 p.m. Agarro:1 Objeto:Armadura de cuero (H/E/EO-M)
03/04/2019 03:59:15 p.m. Tiró cantidad:1 Objeto:Armadura de cuero (H/E/EO-M)
03/04/2019 03:59:20 p.m. /CI: 530 Cantidad : 1
03/04/2019 03:59:20 p.m. Agarro:1 Objeto:Inmovilizar
03/04/2019 03:59:26 p.m. /MOD SKILLS magia 100 yo
03/04/2019 03:59:28 p.m. Sumoneó a Sacerdote en mapa 1
03/04/2019 03:59:42 p.m. /SUM joselo Map:28 X:54 Y:39
03/04/2019 04:00:10 p.m. /SUM joselo Map:28 X:46 Y:17
03/04/2019 04:00:24 p.m. /SUM joselo Map:175 X:50 Y:50
03/04/2019 04:00:49 p.m. /SUM joselo Map:175 X:31 Y:49
03/04/2019 10:18:26 p.m. Se conecto con ip:127.0.0.1MT7014029204398#BFEBFBFF0001067A
03/04/2019 10:18:28 p.m. /INVISIBLE
03/04/2019 10:19:31 p.m. Sumoneo Goblin
03/04/2019 10:19:35 p.m. Agarro:1 Objeto:Casco de hierro 
03/04/2019 10:19:37 p.m. Tiró cantidad:1 Objeto:Casco de hierro 
03/04/2019 10:19:38 p.m. /DEST
03/04/2019 10:19:41 p.m. Sumoneo Gallo Salvaje
03/04/2019 10:19:47 p.m. Agarro:1 Objeto:Pollo
03/04/2019 10:21:27 p.m. Se conecto con ip:127.0.0.1MT7014029204398#BFEBFBFF0001067A
03/04/2019 10:21:29 p.m. /INVISIBLE
03/04/2019 10:23:45 p.m. Se conecto con ip:127.0.0.1MT7014029204398#BFEBFBFF0001067A
03/04/2019 10:25:00 p.m. /INVISIBLE
03/04/2019 10:25:49 p.m. Se conecto con ip:127.0.0.1MT7014029204398#BFEBFBFF0001067A
03/04/2019 10:26:01 p.m. Se conecto con ip:127.0.0.1MT7014029204398#BFEBFBFF0001067A
03/04/2019 10:26:02 p.m. /INVISIBLE
03/04/2019 10:26:21 p.m. Utilizó un teleport hacia el mapa 128 (91,59)
03/04/2019 10:26:23 p.m. Utilizó un teleport hacia el mapa 169 (10,26)
03/04/2019 10:26:37 p.m. Numero enemigos en mapa 169
03/04/2019 10:26:52 p.m. Utilizó un teleport hacia el mapa 170 (10,69)
03/04/2019 10:27:35 p.m. Numero enemigos en mapa 24
03/04/2019 10:27:50 p.m. Utilizó un teleport hacia el mapa 23 (91,93)
03/04/2019 10:27:51 p.m. Utilizó un teleport hacia el mapa 24 (10,93)
03/04/2019 10:28:17 p.m. Utilizó un teleport hacia el mapa 96 (10,93)
03/04/2019 10:28:18 p.m. Utilizó un teleport hacia el mapa 24 (91,90)
03/04/2019 10:28:22 p.m. Numero enemigos en mapa 24
03/04/2019 10:28:54 p.m. Utilizó un teleport hacia el mapa 94 (18,8)
03/04/2019 10:28:56 p.m. Utilizó un teleport hacia el mapa 24 (18,93)
03/04/2019 10:29:10 p.m. Utilizó un teleport hacia el mapa 113 (20,8)
03/04/2019 10:29:25 p.m. Utilizó un teleport hacia el mapa 114 (91,80)
03/04/2019 10:29:28 p.m. Utilizó un teleport hacia el mapa 113 (10,80)
03/04/2019 10:29:28 p.m. Utilizó un teleport hacia el mapa 114 (91,80)
03/04/2019 10:29:34 p.m. Utilizó un teleport hacia el mapa 113 (10,80)
03/04/2019 10:30:12 p.m. Numero enemigos en mapa 113
03/04/2019 10:30:50 p.m. Numero enemigos en mapa 113
03/04/2019 10:31:00 p.m. Utilizó un teleport hacia el mapa 112 (19,93)
05/04/2019 12:59:18 p.m. Se conecto con ip:127.0.0.1MT7014029204398#BFEBFBFF0001067A
05/04/2019 12:59:20 p.m. /INVISIBLE
05/04/2019 01:00:33 p.m. /SUM joselo Map:49 X:52 Y:45
05/04/2019 01:00:55 p.m. Resucito a joselo
05/04/2019 01:01:16 p.m. /IRA Joselo Mapa:49 X:51 Y:47
05/04/2019 01:01:18 p.m. /IRA Joselo Mapa:49 X:51 Y:47
05/04/2019 01:01:19 p.m. /IRA Joselo Mapa:49 X:51 Y:47
05/04/2019 01:01:27 p.m. /SUM Joselo Map:49 X:51 Y:48
05/04/2019 01:01:31 p.m. /LASTIP Joselo
05/04/2019 01:01:42 p.m. /LASTIP Joselo
05/04/2019 01:01:43 p.m. NICK2IP Solicito la IP de Joselo
05/04/2019 01:01:48 p.m. /STATS Joselo
05/04/2019 01:02:23 p.m. Sumoneo Dragón Rojo
05/04/2019 01:05:29 p.m. Se conecto con ip:127.0.0.1MT7014029204398#BFEBFBFF0001067A
05/04/2019 01:05:55 p.m. /INVISIBLE
05/04/2019 01:33:00 p.m. Se conecto con ip:127.0.0.1MT7014029204398#BFEBFBFF0001067A
05/04/2019 01:34:51 p.m. Se conecto con ip:127.0.0.1MT7014029204398#BFEBFBFF0001067A
05/04/2019 01:34:52 p.m. /INVISIBLE
05/04/2019 01:35:10 p.m. /INVISIBLE
10/04/2019 09:14:42 p.m. Se conecto con ip:127.0.0.1MT7014029204398#BFEBFBFF0001067A
10/04/2019 09:14:44 p.m. /INVISIBLE
11/04/2019 11:16:16 a.m. Se conecto con ip:127.0.0.1MT7014029204398#BFEBFBFF0001067A
11/04/2019 11:16:34 a.m. Se conecto con ip:127.0.0.1MT7014029204398#BFEBFBFF0001067A
11/04/2019 11:16:37 a.m. /INVISIBLE
11/04/2019 11:17:30 a.m. Se conecto con ip:127.0.0.1MT7014029204398#BFEBFBFF0001067A
11/04/2019 11:17:32 a.m. /INVISIBLE
11/04/2019 11:20:54 a.m. Se conecto con ip:127.0.0.1MT7014029204398#BFEBFBFF0001067A
11/04/2019 11:20:55 a.m. /INVISIBLE
11/04/2019 11:23:02 a.m. Utilizó un teleport hacia el mapa 168 (50,56)
11/04/2019 11:27:44 a.m. Se conecto con ip:127.0.0.1MT7014029204398#BFEBFBFF0001067A
14/04/2019 05:29:27 p.m. Se conecto con ip:127.0.0.1MT7014029204398#BFEBFBFF0001067A
14/04/2019 05:29:44 p.m. Utilizó un teleport hacia el mapa 1 (24,24)
14/04/2019 05:29:50 p.m. /INVISIBLE
15/04/2019 11:51:31 a.m. Se conecto con ip:127.0.0.1MT7014029204398#BFEBFBFF0001067A
15/04/2019 11:51:32 a.m. /INVISIBLE
16/04/2019 08:26:26 a.m. Se conecto con ip:127.0.0.1MT7014029204398#BFEBFBFF0001067A
16/04/2019 08:26:28 a.m. /INVISIBLE
16/04/2019 08:27:36 a.m. /CI: 402 Cantidad : 1
16/04/2019 08:27:40 a.m. /CI: 1037 Cantidad : 1
16/04/2019 08:27:41 a.m. Agarro:1 Objeto:Espada mata Dragones
16/04/2019 08:41:08 a.m. Se conecto con ip:127.0.0.1MT7014029204398#BFEBFBFF0001067A
16/04/2019 08:43:50 a.m. Se conecto con ip:127.0.0.1MT7014029204398#BFEBFBFF0001067A
16/04/2019 08:45:11 a.m. /CI: 909 Cantidad : 1
16/04/2019 08:45:11 a.m. Agarro:1 Objeto:Libro Mágico
16/04/2019 08:45:12 a.m. /INVISIBLE
16/04/2019 08:45:15 a.m. Tiró cantidad:1 Objeto:Libro Mágico
16/04/2019 08:45:19 a.m. Agarro:1 Objeto:Libro Mágico
16/04/2019 08:45:31 a.m. /MOD ORO 5000000  yo
16/04/2019 10:07:44 p.m. Se conecto con ip:127.0.0.1MT7014029204398#BFEBFBFF0001067A
16/04/2019 10:07:51 p.m. /INVISIBLE
17/04/2019 12:17:30 a.m. Se conecto con ip:127.0.0.1MT7014029204398#BFEBFBFF0001067A
17/04/2019 12:17:34 a.m. /CI: 1042 Cantidad : 1
17/04/2019 12:17:35 a.m. Agarro:1 Objeto:Mascara de Rostro
17/04/2019 12:17:45 a.m. /INVISIBLE
17/04/2019 12:17:49 a.m. /CI: 1042 Cantidad : 1
17/04/2019 12:17:50 a.m. Agarro:1 Objeto:Mascara de Rostro
17/04/2019 12:18:02 a.m. /CI: 1042 Cantidad : 1
17/04/2019 12:18:03 a.m. Agarro:1 Objeto:Mascara de Rostro
17/04/2019 12:18:24 a.m. /CI: 1042 Cantidad : 100
17/04/2019 12:18:24 a.m. Agarro:100 Objeto:Mascara de Rostro
17/04/2019 12:19:27 a.m. /LLUVIA
17/04/2019 12:20:53 a.m. /LLUVIA
17/04/2019 12:32:18 a.m. Se conecto con ip:127.0.0.1MT7014029204398#BFEBFBFF0001067A
17/04/2019 12:32:19 a.m. /INVISIBLE
17/04/2019 12:32:22 a.m. /CI: 1043 Cantidad : 1
17/04/2019 12:32:23 a.m. Agarro:1 Objeto:Ticket de Experiencia
17/04/2019 12:33:18 a.m. Utilizó un teleport hacia el mapa 166 (49,50)
17/04/2019 12:33:24 a.m. Numero enemigos en mapa 166
17/04/2019 12:33:27 a.m. Utilizó un teleport hacia el mapa 24 (79,29)
17/04/2019 12:33:30 a.m. Utilizó un teleport hacia el mapa 166 (49,50)
17/04/2019 12:33:35 a.m. Utilizó un teleport hacia el mapa 24 (79,29)
17/04/2019 12:33:42 a.m. Utilizó un teleport hacia el mapa 115 (45,92)
17/04/2019 12:33:47 a.m. Numero enemigos en mapa 115
17/04/2019 12:33:57 a.m. Sumoneó a Mercader en mapa 115
17/04/2019 12:34:23 a.m. /MATA 
17/04/2019 12:34:30 a.m. Se conecto con ip:127.0.0.1MT7014029204398#BFEBFBFF0001067A
17/04/2019 12:34:32 a.m. /INVISIBLE
17/04/2019 12:34:44 a.m. Sumoneó a Mercader en mapa 115
17/04/2019 12:34:50 a.m. Se conecto con ip:127.0.0.1MT7014029204398#BFEBFBFF0001067A
17/04/2019 12:34:54 a.m. /INVISIBLE
17/04/2019 12:35:05 a.m. Se conecto con ip:127.0.0.1MT7014029204398#BFEBFBFF0001067A
17/04/2019 12:35:06 a.m. /INVISIBLE
17/04/2019 12:35:43 a.m. Se conecto con ip:127.0.0.1MT7014029204398#BFEBFBFF0001067A
17/04/2019 12:35:45 a.m. /INVISIBLE
17/04/2019 12:35:50 a.m. Se conecto con ip:127.0.0.1MT7014029204398#BFEBFBFF0001067A
17/04/2019 12:35:59 a.m. /INVISIBLE
17/04/2019 12:36:09 a.m. Sumoneó a Sacerdote en mapa 49
17/04/2019 12:36:13 a.m. Sumoneó a Mercader en mapa 49
17/04/2019 12:37:05 a.m. Utilizó un teleport hacia el mapa 76 (47,50)
17/04/2019 12:37:12 a.m. /CT 1,50,50,0
17/04/2019 12:37:13 a.m. Utilizó un teleport hacia el mapa 1 (50,50)
17/04/2019 12:37:18 a.m. Tiró cantidad:1 Objeto:Monedas de oro
17/04/2019 12:37:28 a.m. /MOD SKILLS combate+con+armas 100 yo
17/04/2019 12:37:53 a.m. /CI: 1043 Cantidad : 1
17/04/2019 12:37:54 a.m. Agarro:1 Objeto:Ticket de Experiencia
17/04/2019 12:58:32 a.m. Se conecto con ip:127.0.0.1MT7014029204398#BFEBFBFF0001067A
17/04/2019 02:51:16 a.m. Se conecto con ip:127.0.0.1MT7014029204398#BFEBFBFF0001067A
17/04/2019 02:51:18 a.m. /INVISIBLE
17/04/2019 02:54:53 a.m. Se conecto con ip:127.0.0.1MT7014029204398#BFEBFBFF0001067A
17/04/2019 11:25:55 a.m. Se conecto con ip:127.0.0.1MT7014029204398#BFEBFBFF0001067A
17/04/2019 11:25:57 a.m. /INVISIBLE
17/04/2019 11:26:04 a.m. /CI: 1043 Cantidad : 1
17/04/2019 11:26:05 a.m. Agarro:1 Objeto:Ticket de Experiencia
17/04/2019 11:26:34 a.m. /CI: 1044 Cantidad : 1
17/04/2019 11:26:46 a.m. /DEST
17/04/2019 11:27:10 a.m. Utilizó un teleport hacia el mapa 166 (49,50)
17/04/2019 11:27:14 a.m. Numero enemigos en mapa 166
17/04/2019 11:41:06 a.m. Se conecto con ip:127.0.0.1MT7014029204398#BFEBFBFF0001067A
17/04/2019 11:41:07 a.m. /INVISIBLE
17/04/2019 11:41:51 a.m. /CI: 723 Cantidad : 1
17/04/2019 11:42:00 a.m. /CI: 724 Cantidad : 1
17/04/2019 11:42:06 a.m. /CI: 725 Cantidad : 1
17/04/2019 11:42:16 a.m. /CI: 726 Cantidad : 1
17/04/2019 11:42:26 a.m. /CI: 727 Cantidad : 1
17/04/2019 11:42:33 a.m. /DEST
17/04/2019 11:42:38 a.m. /DEST
17/04/2019 11:42:40 a.m. /DEST
17/04/2019 11:42:43 a.m. /DEST
17/04/2019 11:42:50 a.m. /CI: 726 Cantidad : 1
17/04/2019 11:42:55 a.m. /CI: 723 Cantidad : 1
17/04/2019 11:49:23 a.m. Se conecto con ip:127.0.0.1MT7014029204398#BFEBFBFF0001067A
17/04/2019 11:49:30 a.m. /INVISIBLE
17/04/2019 11:52:24 a.m. Se conecto con ip:127.0.0.1MT7014029204398#BFEBFBFF0001067A
17/04/2019 11:53:11 a.m. Se conecto con ip:127.0.0.1MT7014029204398#BFEBFBFF0001067A
17/04/2019 11:53:47 a.m. Se conecto con ip:127.0.0.1MT7014029204398#BFEBFBFF0001067A
17/04/2019 11:57:07 a.m. Se conecto con ip:127.0.0.1MT7014029204398#BFEBFBFF0001067A
17/04/2019 11:57:25 a.m. /INVISIBLE
17/04/2019 11:57:26 a.m. Utilizó un teleport hacia el mapa 113 (22,8)
17/04/2019 11:57:42 a.m. Utilizó un teleport hacia el mapa 113 (20,8)
17/04/2019 12:03:20 p.m. Se conecto con ip:127.0.0.1MT7014029204398#BFEBFBFF0001067A
17/04/2019 12:03:33 p.m. Utilizó un teleport hacia el mapa 2 (55,8)
17/04/2019 12:05:18 p.m. Se conecto con ip:127.0.0.1MT7014029204398#BFEBFBFF0001067A
17/04/2019 12:05:33 p.m. Utilizó un teleport hacia el mapa 113 (18,8)
17/04/2019 12:08:34 p.m. Se conecto con ip:127.0.0.1MT7014029204398#BFEBFBFF0001067A
17/04/2019 12:08:39 p.m. Utilizó un teleport hacia el mapa 112 (22,93)
17/04/2019 12:11:37 p.m. Se conecto con ip:127.0.0.1MT7014029204398#BFEBFBFF0001067A
17/04/2019 12:11:43 p.m. /INVISIBLE
17/04/2019 12:11:44 p.m. Utilizó un teleport hacia el mapa 2 (55,8)
17/04/2019 12:11:52 p.m. Utilizó un teleport hacia el mapa 1 (40,93)
17/04/2019 12:12:09 p.m. Utilizó un teleport hacia el mapa 98 (31,67)
17/04/2019 12:13:45 p.m. Se conecto con ip:127.0.0.1MT7014029204398#BFEBFBFF0001067A
17/04/2019 12:14:21 p.m. Utilizó un teleport hacia el mapa 113 (22,8)
17/04/2019 12:14:22 p.m. Utilizó un teleport hacia el mapa 112 (22,93)
17/04/2019 12:14:23 p.m. Utilizó un teleport hacia el mapa 113 (22,8)
17/04/2019 12:14:25 p.m. Utilizó un teleport hacia el mapa 112 (22,93)
17/04/2019 12:14:51 p.m. Utilizó un teleport hacia el mapa 98 (31,67)
17/04/2019 12:14:56 p.m. Utilizó un teleport hacia el mapa 140 (52,93)
17/04/2019 12:19:34 p.m. Se conecto con ip:127.0.0.1MT7014029204398#BFEBFBFF0001067A
17/04/2019 12:23:34 p.m. Se conecto con ip:127.0.0.1MT7014029204398#BFEBFBFF0001067A
17/04/2019 12:23:37 p.m. /INVISIBLE
17/04/2019 12:23:44 p.m. Utilizó un teleport hacia el mapa 2 (55,8)
17/04/2019 01:05:41 p.m. Se conecto con ip:127.0.0.1MT7014029204398#BFEBFBFF0001067A
17/04/2019 01:05:53 p.m. /INVISIBLE
17/04/2019 01:05:53 p.m. Utilizó un teleport hacia el mapa 115 (45,92)
17/04/2019 01:05:57 p.m. Numero enemigos en mapa 116
17/04/2019 01:06:02 p.m. Numero enemigos en mapa 115
17/04/2019 05:36:10 p.m. Se conecto con ip:127.0.0.1MT7014029204398#BFEBFBFF0001067A
17/04/2019 05:36:30 p.m. /INVISIBLE
17/04/2019 05:37:09 p.m. Utilizó un teleport hacia el mapa 76 (47,50)
17/04/2019 05:37:45 p.m. Utilizó un teleport hacia el mapa 28 (50,12)
17/04/2019 05:37:53 p.m. Utilizó un teleport hacia el mapa 23 (51,93)
17/04/2019 05:37:54 p.m. Utilizó un teleport hacia el mapa 28 (51,8)
17/04/2019 05:38:31 p.m. Utilizó un teleport hacia el mapa 185 (54,82)
17/04/2019 05:38:44 p.m. Numero enemigos en mapa 47
17/04/2019 05:44:48 p.m. Se conecto con ip:127.0.0.1MT7014029204398#BFEBFBFF0001067A
17/04/2019 05:44:50 p.m. /INVISIBLE
17/04/2019 05:45:48 p.m. Utilizó un teleport hacia el mapa 23 (55,93)
17/04/2019 05:45:48 p.m. Utilizó un teleport hacia el mapa 28 (56,8)
17/04/2019 05:46:35 p.m. Se conecto con ip:127.0.0.1MT7014029204398#BFEBFBFF0001067A
17/04/2019 05:46:48 p.m. /INVISIBLE
17/04/2019 05:48:22 p.m. Utilizó un teleport hacia el mapa 76 (46,52)
17/04/2019 05:56:11 p.m. Se conecto con ip:127.0.0.1MT7014029204398#BFEBFBFF0001067A
17/04/2019 05:56:12 p.m. /INVISIBLE
17/04/2019 05:56:19 p.m. Utilizó un teleport hacia el mapa 208 (31,59)
17/04/2019 05:56:26 p.m. Utilizó un teleport hacia el mapa 24 (50,50)
17/04/2019 06:01:44 p.m. Se conecto con ip:127.0.0.1MT7014029204398#BFEBFBFF0001067A
17/04/2019 06:01:45 p.m. /INVISIBLE
17/04/2019 06:01:50 p.m. Numero enemigos en mapa 24
17/04/2019 06:02:23 p.m. Numero enemigos en mapa 24
17/04/2019 06:02:42 p.m. Numero enemigos en mapa 24
17/04/2019 06:03:17 p.m. Numero enemigos en mapa 113
17/04/2019 06:03:28 p.m. Numero enemigos en mapa 113
17/04/2019 06:03:45 p.m. Numero enemigos en mapa 113
17/04/2019 06:04:11 p.m. Numero enemigos en mapa 113
17/04/2019 06:23:32 p.m. Se conecto con ip:127.0.0.1MT7014029204398#BFEBFBFF0001067A
17/04/2019 06:23:34 p.m. /INVISIBLE
17/04/2019 06:23:47 p.m. Utilizó un teleport hacia el mapa 208 (62,68)
17/04/2019 06:28:14 p.m. Se conecto con ip:127.0.0.1MT7014029204398#BFEBFBFF0001067A
17/04/2019 06:28:29 p.m. /INVISIBLE
17/04/2019 06:31:07 p.m. Se conecto con ip:127.0.0.1MT7014029204398#BFEBFBFF0001067A
17/04/2019 06:31:34 p.m. /INVISIBLE
17/04/2019 06:32:45 p.m. Sumoneo Cofre JDH
17/04/2019 06:53:31 p.m. Se conecto con ip:127.0.0.1MT7014029204398#BFEBFBFF0001067A
17/04/2019 06:58:13 p.m. Se conecto con ip:127.0.0.1MT7014029204398#BFEBFBFF0001067A
17/04/2019 06:58:29 p.m. /INVISIBLE
17/04/2019 06:59:37 p.m. Se conecto con ip:127.0.0.1MT7014029204398#BFEBFBFF0001067A
17/04/2019 06:59:59 p.m. Utilizó un teleport hacia el mapa 59 (54,8)
17/04/2019 07:00:06 p.m. /INVISIBLE
17/04/2019 07:02:04 p.m. Utilizó un teleport hacia el mapa 23 (50,93)
17/04/2019 07:02:06 p.m. Utilizó un teleport hacia el mapa 28 (54,8)
17/04/2019 07:07:34 p.m. Se conecto con ip:127.0.0.1MT7014029204398#BFEBFBFF0001067A
17/04/2019 07:07:38 p.m. /INVISIBLE
17/04/2019 07:08:00 p.m. /CI: 857 Cantidad : 1
17/04/2019 07:08:07 p.m. /CI: 858 Cantidad : 1
17/04/2019 07:08:30 p.m. /CI: 835 Cantidad : 1
17/04/2019 07:08:34 p.m. /DEST
17/04/2019 07:08:42 p.m. /CI: 836 Cantidad : 1
17/04/2019 07:08:54 p.m. Agarro:1 Objeto:Montura de dragon esclavo
17/04/2019 07:10:08 p.m. Se conecto con ip:127.0.0.1MT7014029204398#BFEBFBFF0001067A
17/04/2019 07:10:43 p.m. /INVISIBLE
17/04/2019 07:11:41 p.m. Utilizó un teleport hacia el mapa 128 (91,55)
17/04/2019 07:11:56 p.m. Utilizó un teleport hacia el mapa 127 (86,8)
17/04/2019 07:11:56 p.m. Utilizó un teleport hacia el mapa 128 (91,93)
17/04/2019 07:22:24 p.m. Se conecto con ip:127.0.0.1MT7014029204398#BFEBFBFF0001067A
17/04/2019 07:22:25 p.m. /INVISIBLE
17/04/2019 07:22:28 p.m. /CI: 835 Cantidad : 1
17/04/2019 07:22:29 p.m. Agarro:1 Objeto:Montura Galeza
17/04/2019 07:22:34 p.m. /CI: 836 Cantidad : 1
17/04/2019 07:22:35 p.m. Agarro:1 Objeto:Montura de dragon esclavo
17/04/2019 07:22:43 p.m. /CI: 837 Cantidad : 1
17/04/2019 07:23:05 p.m. /CI: 881 Cantidad : 1
17/04/2019 07:23:09 p.m. Agarro:1 Objeto:Montura Romana
17/04/2019 07:30:46 p.m. Se conecto con ip:127.0.0.1MT7014029204398#BFEBFBFF0001067A
17/04/2019 07:31:08 p.m. /INVISIBLE
17/04/2019 07:31:12 p.m. Tiró cantidad:1 Objeto:Daga
17/04/2019 07:31:13 p.m. Agarro:1 Objeto:Daga
17/04/2019 07:31:14 p.m. Tiró cantidad:1 Objeto:Montura de dragon esclavo
17/04/2019 07:31:14 p.m. Agarro:1 Objeto:Montura de dragon esclavo
17/04/2019 07:31:26 p.m. Numero enemigos en mapa 24
17/04/2019 07:31:38 p.m. Tiró cantidad:1 Objeto:Montura Romana
17/04/2019 07:31:40 p.m. /DEST
17/04/2019 07:32:04 p.m. Utilizó un teleport hacia el mapa 96 (10,61)
17/04/2019 07:32:23 p.m. Tiró cantidad:1 Objeto:Montura Galeza
17/04/2019 07:32:25 p.m. Agarro:1 Objeto:Montura Galeza
17/04/2019 07:32:31 p.m. Tiró cantidad:1 Objeto:Montura Galeza
17/04/2019 07:32:36 p.m. Tiró cantidad:1 Objeto:Montura de dragon esclavo
17/04/2019 07:32:42 p.m. Agarro:1 Objeto:Montura de dragon esclavo
17/04/2019 07:32:48 p.m. Agarro:1 Objeto:Montura Galeza
17/04/2019 10:47:07 p.m. Se conecto con ip:127.0.0.1MT7014029204398#BFEBFBFF0001067A
17/04/2019 10:47:22 p.m. /INVISIBLE
17/04/2019 10:47:33 p.m. Utilizó un teleport hacia el mapa 59 (47,44)
17/04/2019 10:47:41 p.m. Utilizó un teleport hacia el mapa 60 (91,93)
17/04/2019 10:47:42 p.m. Utilizó un teleport hacia el mapa 187 (10,85)
17/04/2019 10:47:42 p.m. Utilizó un teleport hacia el mapa 60 (91,83)
17/04/2019 10:47:43 p.m. Utilizó un teleport hacia el mapa 187 (10,81)
17/04/2019 11:59:21 p.m. Se conecto con ip:127.0.0.1MT7014029204398#BFEBFBFF0001067A
17/04/2019 11:59:24 p.m. Utilizó un teleport hacia el mapa 187 (53,73)
17/04/2019 11:59:34 p.m. Tiró cantidad:1 Objeto:Montura Galeza
17/04/2019 11:59:37 p.m. /DEST
17/04/2019 11:59:37 p.m. Tiró cantidad:1 Objeto:Montura de dragon esclavo
17/04/2019 11:59:38 p.m. Agarro:1 Objeto:Montura de dragon esclavo
17/04/2019 11:59:48 p.m. Utilizó un teleport hacia el mapa 1 (50,50)
18/04/2019 12:00:00 a.m. /CI: 880 Cantidad : 1
18/04/2019 12:00:01 a.m. Agarro:1 Objeto:Runas
18/04/2019 12:10:25 a.m. Se conecto con ip:127.0.0.1MT7014029204398#BFEBFBFF0001067A
18/04/2019 12:10:26 a.m. /INVISIBLE
18/04/2019 12:10:28 a.m. Utilizó un teleport hacia el mapa 168 (50,56)
18/04/2019 12:15:09 a.m. Se conecto con ip:127.0.0.1MT7014029204398#BFEBFBFF0001067A
18/04/2019 12:15:10 a.m. /INVISIBLE
18/04/2019 12:15:13 a.m. Sumoneó a Gobernador en mapa 168
18/04/2019 12:16:13 a.m. Numero enemigos en mapa 160
18/04/2019 12:16:18 a.m. Numero enemigos en mapa 168
18/04/2019 12:16:55 a.m. Utilizó un teleport hacia el mapa 37 (13,48)
18/04/2019 12:17:30 a.m. Utilizó un teleport hacia el mapa 168 (50,56)
18/04/2019 12:17:52 a.m. Tiró cantidad:1 Objeto:Monedas de oro
18/04/2019 09:41:49 a.m. Se conecto con ip:127.0.0.1MT7014029204398#BFEBFBFF0001067A
18/04/2019 09:41:59 a.m. Utilizó un teleport hacia el mapa 1 (50,50)
18/04/2019 09:42:09 a.m. /INVISIBLE
18/04/2019 09:42:11 a.m. Utilizó un teleport hacia el mapa 1 (50,50)
18/04/2019 09:42:17 a.m. /CT 208,31,59,0
18/04/2019 09:45:49 a.m. Se conecto con ip:127.0.0.1MT7014029204398#BFEBFBFF0001067A
18/04/2019 09:45:50 a.m. /INVISIBLE
18/04/2019 09:45:51 a.m. Utilizó un teleport hacia el mapa 208 (31,59)
18/04/2019 09:45:58 a.m. Utilizó un teleport hacia el mapa 28 (53,9)
18/04/2019 09:49:54 a.m. Utilizó un teleport hacia el mapa 208 (31,59)
18/04/2019 09:50:00 a.m. Utilizó un teleport hacia el mapa 76 (47,52)
18/04/2019 09:50:01 a.m. Utilizó un teleport hacia el mapa 115 (46,92)
18/04/2019 09:50:59 a.m. Numero enemigos en mapa 115
18/04/2019 09:58:30 a.m. Numero enemigos en mapa 115
18/04/2019 09:58:40 a.m. Utilizó un teleport hacia el mapa 116 (33,93)
18/04/2019 09:58:43 a.m. Numero enemigos en mapa 116
18/04/2019 10:04:18 a.m. Numero enemigos en mapa 116
18/04/2019 10:04:25 a.m. Utilizó un teleport hacia el mapa 208 (31,59)
18/04/2019 10:05:06 a.m. Utilizó un teleport hacia el mapa 24 (85,33)
18/04/2019 10:05:51 a.m. Utilizó un teleport hacia el mapa 94 (70,8)
18/04/2019 10:06:02 a.m. Utilizó un teleport hacia el mapa 166 (49,50)
18/04/2019 10:11:13 a.m. Numero enemigos en mapa 166
18/04/2019 12:57:30 p.m. Se conecto con ip:127.0.0.1MT7014029204398#BFEBFBFF0001067A
18/04/2019 12:57:32 p.m. /INVISIBLE
18/04/2019 01:00:41 p.m. Numero enemigos en mapa 166
18/04/2019 01:00:55 p.m. /CI: 38 Cantidad : 100
18/04/2019 01:00:56 p.m. Agarro:100 Objeto:Poción roja
18/04/2019 01:00:58 p.m. Tiró cantidad:1 Objeto:Poción roja
18/04/2019 01:01:02 p.m. Tiró cantidad:1 Objeto:Poción roja
18/04/2019 01:01:07 p.m. Tiró cantidad:1 Objeto:Poción roja
18/04/2019 01:01:11 p.m. Tiró cantidad:1 Objeto:Poción roja
18/04/2019 01:01:16 p.m. Tiró cantidad:1 Objeto:Poción roja
18/04/2019 01:01:31 p.m. Utilizó un teleport hacia el mapa 183 (33,66)
18/04/2019 01:01:35 p.m. Utilizó un teleport hacia el mapa 77 (47,92)
18/04/2019 01:04:17 p.m. Tiró cantidad:1 Objeto:Poción roja
18/04/2019 01:04:21 p.m. Utilizó un teleport hacia el mapa 112 (91,81)
18/04/2019 01:04:22 p.m. Utilizó un teleport hacia el mapa 113 (75,8)
18/04/2019 01:04:24 p.m. Utilizó un teleport hacia el mapa 112 (75,93)
18/04/2019 01:04:36 p.m. Utilizó un teleport hacia el mapa 208 (62,68)
18/04/2019 01:04:39 p.m. Utilizó un teleport hacia el mapa 112 (91,81)
18/04/2019 01:04:44 p.m. Utilizó un teleport hacia el mapa 113 (48,8)
18/04/2019 01:10:32 p.m. Utilizó un teleport hacia el mapa 112 (19,93)
18/04/2019 01:10:33 p.m. Utilizó un teleport hacia el mapa 113 (12,8)
18/04/2019 01:10:35 p.m. Utilizó un teleport hacia el mapa 114 (91,9)
18/04/2019 01:10:43 p.m. Utilizó un teleport hacia el mapa 111 (39,93)
18/04/2019 01:12:36 p.m. Numero enemigos en mapa 121
18/04/2019 01:15:22 p.m. /CT 208,50,50,0
18/04/2019 01:15:22 p.m. Utilizó un teleport hacia el mapa 208 (50,50)
18/04/2019 01:15:35 p.m. Utilizó un teleport hacia el mapa 128 (85,70)
18/04/2019 01:15:36 p.m. Utilizó un teleport hacia el mapa 169 (10,72)
18/04/2019 01:16:49 p.m. Numero enemigos en mapa 169
18/04/2019 01:16:55 p.m. Utilizó un teleport hacia el mapa 170 (10,15)
18/04/2019 01:16:56 p.m. Utilizó un teleport hacia el mapa 169 (91,16)
18/04/2019 01:20:13 p.m. Utilizó un teleport hacia el mapa 170 (10,16)
18/04/2019 01:33:26 p.m. Se conecto con ip:127.0.0.1MT7014029204398#BFEBFBFF0001067A
18/04/2019 01:33:30 p.m. /INVISIBLE
18/04/2019 01:33:38 p.m. /SUM xania Map:1 X:63 Y:56
18/04/2019 01:34:38 p.m. /MOD EXP 500000  xania
18/04/2019 01:34:49 p.m. /MOD EXP 20000000  xania
18/04/2019 01:35:13 p.m. /MOD EXP 20000000  xania
18/04/2019 01:35:24 p.m. /MOD EXP 20000000  xania
18/04/2019 01:35:53 p.m. /CI: 250 Cantidad : 1000
18/04/2019 01:35:55 p.m. /DEST
18/04/2019 01:36:01 p.m. /CI: 38 Cantidad : 10000
18/04/2019 01:36:21 p.m. /LLUVIA
18/04/2019 01:36:26 p.m. Tiró cantidad:1 Objeto:Runas
18/04/2019 01:36:54 p.m. /MOD ORO 600000  yo
18/04/2019 01:38:26 p.m. Se conecto con ip:127.0.0.1MT7014029204398#BFEBFBFF0001067A
18/04/2019 01:38:31 p.m. Utilizó un teleport hacia el mapa 208 (50,50)
18/04/2019 01:38:36 p.m. /INVISIBLE
18/04/2019 01:42:33 p.m. Se conecto con ip:127.0.0.1MT7014029204398#BFEBFBFF0001067A
18/04/2019 01:42:36 p.m. /INVISIBLE
18/04/2019 01:45:20 p.m. Nywusha arrancado un torneo.
18/04/2019 02:21:14 p.m. Se conecto con ip:127.0.0.1MT7014029204398#BFEBFBFF0001067A
18/04/2019 02:21:15 p.m. /INVISIBLE
18/04/2019 02:24:51 p.m. Se conecto con ip:127.0.0.1MT7014029204398#BFEBFBFF0001067A
18/04/2019 02:24:53 p.m. /INVISIBLE
18/04/2019 02:25:11 p.m. Tiró cantidad:1 Objeto:Mascara Magica
18/04/2019 02:25:14 p.m. Agarro:1 Objeto:Mascara Magica
18/04/2019 02:35:32 p.m. Se conecto con ip:127.0.0.1MT7014029204398#BFEBFBFF0001067A
18/04/2019 02:37:19 p.m. Se conecto con ip:127.0.0.1MT7014029204398#BFEBFBFF0001067A
18/04/2019 02:37:58 p.m. Se conecto con ip:127.0.0.1MT7014029204398#BFEBFBFF0001067A
18/04/2019 02:39:19 p.m. Se conecto con ip:127.0.0.1MT7014029204398#BFEBFBFF0001067A
18/04/2019 02:39:20 p.m. /INVISIBLE
18/04/2019 02:39:22 p.m. /LLUVIA
18/04/2019 08:30:57 p.m. Se conecto con ip:127.0.0.1MT7014029204398#BFEBFBFF0001067A
18/04/2019 08:30:58 p.m. /INVISIBLE
18/04/2019 08:33:35 p.m. Se conecto con ip:127.0.0.1MT7014029204398#BFEBFBFF0001067A
18/04/2019 08:33:37 p.m. /INVISIBLE
18/04/2019 08:34:53 p.m. Se conecto con ip:127.0.0.1MT7014029204398#BFEBFBFF0001067A
18/04/2019 08:34:55 p.m. /INVISIBLE
19/04/2019 01:17:02 a.m. Se conecto con ip:127.0.0.1MT7014029204398#BFEBFBFF0001067A
19/04/2019 01:17:04 a.m. /INVISIBLE
19/04/2019 01:24:13 a.m. Se conecto con ip:127.0.0.1MT7014029204398#BFEBFBFF0001067A
19/04/2019 01:24:25 a.m. /INVISIBLE
19/04/2019 01:40:05 a.m. Se conecto con ip:127.0.0.1MT7014029204398#BFEBFBFF0001067A
19/04/2019 01:40:06 a.m. /INVISIBLE
19/04/2019 01:48:03 a.m. Se conecto con ip:127.0.0.1MT7014029204398#BFEBFBFF0001067A
19/04/2019 01:48:05 a.m. /INVISIBLE
19/04/2019 11:06:14 a.m. Se conecto con ip:127.0.0.1MT7014029204398#BFEBFBFF0001067A
19/04/2019 11:06:20 a.m. /INVISIBLE
19/04/2019 11:10:53 a.m. Se conecto con ip:127.0.0.1MT7014029204398#BFEBFBFF0001067A
19/04/2019 11:14:39 a.m. Se conecto con ip:127.0.0.1MT7014029204398#BFEBFBFF0001067A
19/04/2019 11:14:40 a.m. /INVISIBLE
19/04/2019 11:23:30 a.m. Se conecto con ip:127.0.0.1MT7014029204398#BFEBFBFF0001067A
19/04/2019 11:23:32 a.m. /INVISIBLE
19/04/2019 11:23:40 a.m. Utilizó un teleport hacia el mapa 209 (74,70)
19/04/2019 11:23:44 a.m. Utilizó un teleport hacia el mapa 209 (52,92)
19/04/2019 11:23:48 a.m. Utilizó un teleport hacia el mapa 209 (52,92)
19/04/2019 11:24:00 a.m. Utilizó un teleport hacia el mapa 209 (74,70)
19/04/2019 12:36:27 p.m. Se conecto con ip:127.0.0.1MT7014029204398#BFEBFBFF0001067A
19/04/2019 12:41:16 p.m. Se conecto con ip:127.0.0.1MT7014029204398#BFEBFBFF0001067A
19/04/2019 12:41:17 p.m. /INVISIBLE
19/04/2019 12:44:49 p.m. Se conecto con ip:127.0.0.1MT7014029204398#BFEBFBFF0001067A
19/04/2019 01:02:09 p.m. Se conecto con ip:127.0.0.1MT7014029204398#BFEBFBFF0001067A
19/04/2019 01:07:22 p.m. Se conecto con ip:127.0.0.1MT7014029204398#BFEBFBFF0001067A
19/04/2019 01:21:33 p.m. Se conecto con ip:127.0.0.1MT7014029204398#BFEBFBFF0001067A
19/04/2019 01:34:49 p.m. Se conecto con ip:127.0.0.1MT7014029204398#BFEBFBFF0001067A
19/04/2019 01:35:10 p.m. Se conecto con ip:127.0.0.1MT7014029204398#BFEBFBFF0001067A
19/04/2019 02:27:51 p.m. Se conecto con ip:127.0.0.1MT7014029204398#BFEBFBFF0001067A
19/04/2019 02:31:56 p.m. Se conecto con ip:127.0.0.1MT7014029204398#BFEBFBFF0001067A
19/04/2019 02:38:33 p.m. Se conecto con ip:127.0.0.1MT7014029204398#BFEBFBFF0001067A
19/04/2019 02:38:33 p.m. /INVISIBLE
19/04/2019 02:38:41 p.m. Utilizó un teleport hacia el mapa 168 (50,56)
19/04/2019 02:39:02 p.m. Utilizó un teleport hacia el mapa 1 (24,24)
19/04/2019 02:39:16 p.m. Sumoneó a Dragón Rojo en mapa 1
19/04/2019 02:39:42 p.m. /CI: 37 Cantidad : 10000
19/04/2019 02:39:42 p.m. Agarro:10000 Objeto:Poción azul
19/04/2019 02:45:19 p.m. Se conecto con ip:127.0.0.1MT7014029204398#BFEBFBFF0001067A
19/04/2019 02:46:02 p.m. Se conecto con ip:127.0.0.1MT7014029204398#BFEBFBFF0001067A
19/04/2019 02:46:07 p.m. /INVISIBLE
19/04/2019 02:49:30 p.m. Se conecto con ip:127.0.0.1MT7014029204398#BFEBFBFF0001067A
19/04/2019 03:01:09 p.m. Se conecto con ip:127.0.0.1MT7014029204398#BFEBFBFF0001067A
19/04/2019 03:01:24 p.m. /INVISIBLE
19/04/2019 03:01:55 p.m. Sumoneó a Banquero en mapa 205
19/04/2019 03:33:58 p.m. Se conecto con ip:127.0.0.1MT7014029204398#BFEBFBFF0001067A
19/04/2019 03:33:59 p.m. /INVISIBLE
19/04/2019 03:35:26 p.m. Se conecto con ip:127.0.0.1MT7014029204398#BFEBFBFF0001067A
19/04/2019 03:49:00 p.m. /INVISIBLE
19/04/2019 03:49:06 p.m. /CI: 723 Cantidad : 1
19/04/2019 03:49:11 p.m. /DEST
19/04/2019 03:50:05 p.m. /CI: 722 Cantidad : 1
19/04/2019 03:51:21 p.m. /CI: 724 Cantidad : 1
19/04/2019 03:51:25 p.m. /CI: 725 Cantidad : 1
19/04/2019 03:51:29 p.m. /CI: 726 Cantidad : 1
19/04/2019 03:55:55 p.m. /CI: 720 Cantidad : 1
19/04/2019 03:58:09 p.m. /CI: 717 Cantidad : 1
19/04/2019 04:03:13 p.m. /CI: 157 Cantidad : 1
19/04/2019 04:03:15 p.m. /DEST
19/04/2019 04:04:30 p.m. /CI: 783 Cantidad : 1
19/04/2019 04:08:56 p.m. /CI: 727 Cantidad : 1
19/04/2019 04:09:44 p.m. /CI: 728 Cantidad : 1
19/04/2019 04:14:57 p.m. Se conecto con ip:127.0.0.1MT7014029204398#BFEBFBFF0001067A
19/04/2019 04:14:59 p.m. /INVISIBLE
19/04/2019 04:15:07 p.m. Utilizó un teleport hacia el mapa 208 (31,59)
19/04/2019 04:17:04 p.m. Sumoneó a Dragón Rojo en mapa 205
19/04/2019 04:17:16 p.m. /MATA 
19/04/2019 04:31:48 p.m. Se conecto con ip:127.0.0.1MT7014029204398#BFEBFBFF0001067A
19/04/2019 04:31:49 p.m. /INVISIBLE
19/04/2019 04:36:24 p.m. Se conecto con ip:127.0.0.1MT7014029204398#BFEBFBFF0001067A
19/04/2019 04:37:11 p.m. /INVISIBLE
19/04/2019 08:53:27 p.m. Se conecto con ip:127.0.0.1MT7014029204398#BFEBFBFF0001067A
19/04/2019 08:53:28 p.m. /INVISIBLE
19/04/2019 08:58:15 p.m. Se conecto con ip:127.0.0.1MT7014029204398#BFEBFBFF0001067A
19/04/2019 08:58:31 p.m. /INVISIBLE
19/04/2019 09:02:33 p.m. Se conecto con ip:127.0.0.1MT7014029204398#BFEBFBFF0001067A
19/04/2019 09:02:35 p.m. /INVISIBLE
19/04/2019 09:05:12 p.m. Se conecto con ip:127.0.0.1MT7014029204398#BFEBFBFF0001067A
19/04/2019 09:05:14 p.m. /INVISIBLE
19/04/2019 09:21:08 p.m. Se conecto con ip:127.0.0.1MT7014029204398#BFEBFBFF0001067A
19/04/2019 09:21:08 p.m. /INVISIBLE
19/04/2019 09:21:12 p.m. Utilizó un teleport hacia el mapa 209 (51,90)
19/04/2019 09:21:18 p.m. Utilizó un teleport hacia el mapa 210 (47,50)
19/04/2019 09:21:21 p.m. Utilizó un teleport hacia el mapa 208 (31,59)
19/04/2019 09:21:43 p.m. Sumoneó a Rey Ixtab en mapa 208
19/04/2019 09:21:48 p.m. Sumoneó a Yum Cimil en mapa 208
19/04/2019 09:21:52 p.m. Sumoneó a Xaman Ek en mapa 208
19/04/2019 09:21:56 p.m. Sumoneó a Kauil en mapa 208
19/04/2019 09:21:59 p.m. Sumoneó a Itzamná en mapa 208
19/04/2019 09:28:10 p.m. Se conecto con ip:127.0.0.1MT7014029204398#BFEBFBFF0001067A
19/04/2019 09:28:11 p.m. /INVISIBLE
19/04/2019 09:28:14 p.m. Sumoneó a Rey Ixtab en mapa 208
19/04/2019 09:28:35 p.m. Se conecto con ip:127.0.0.1MT7014029204398#BFEBFBFF0001067A
19/04/2019 09:28:39 p.m. Sumoneó a Rey Ixtab en mapa 205
19/04/2019 09:28:44 p.m. Sumoneó a Yum Cimil en mapa 205
19/04/2019 09:28:49 p.m. Sumoneó a Xaman Ek en mapa 205
19/04/2019 09:28:52 p.m. /MATA 
19/04/2019 09:28:54 p.m. Sumoneó a Xaman Ek en mapa 205
19/04/2019 09:29:00 p.m. Sumoneó a Kauil en mapa 205
19/04/2019 09:29:06 p.m. Sumoneó a Itzamná en mapa 205
19/04/2019 09:29:39 p.m. /INVISIBLE
19/04/2019 09:33:57 p.m. /MASSKILL
19/04/2019 09:36:25 p.m. Tiró cantidad:1 Objeto:Túnica de dioses
19/04/2019 09:38:16 p.m. Se conecto con ip:127.0.0.1MT7014029204398#BFEBFBFF0001067A
19/04/2019 09:38:33 p.m. /CI: 632 Cantidad : 2
19/04/2019 09:38:33 p.m. Agarro:2 Objeto:Túnica de dioses
19/04/2019 09:38:35 p.m. /INVISIBLE
19/04/2019 09:38:38 p.m. /INVISIBLE
19/04/2019 09:38:38 p.m. /INVISIBLE
19/04/2019 09:38:40 p.m. Tiró cantidad:1 Objeto:Túnica de dioses
19/04/2019 09:44:49 p.m. Se conecto con ip:127.0.0.1MT7014029204398#BFEBFBFF0001067A
19/04/2019 09:44:49 p.m. /INVISIBLE
19/04/2019 09:51:02 p.m. Se conecto con ip:127.0.0.1MT7014029204398#BFEBFBFF0001067A
19/04/2019 09:51:02 p.m. Utilizó un teleport hacia el mapa 204 (86,18)
19/04/2019 09:51:05 p.m. Utilizó un teleport hacia el mapa 204 (32,80)
19/04/2019 09:51:06 p.m. /INVISIBLE
19/04/2019 09:51:57 p.m. Utilizó un teleport hacia el mapa 196 (36,66)
19/04/2019 09:51:59 p.m. Utilizó un teleport hacia el mapa 196 (36,66)
19/04/2019 09:52:01 p.m. Utilizó un teleport hacia el mapa 196 (36,66)
19/04/2019 09:52:02 p.m. Utilizó un teleport hacia el mapa 196 (36,66)
19/04/2019 09:52:28 p.m. Agarro:1 Objeto:Espada de plata
19/04/2019 09:52:32 p.m. Agarro:1 Objeto:Corona de Rey Pretoriano
19/04/2019 09:52:37 p.m. Agarro:1 Objeto:Túnica de Rey Pretoriano
19/04/2019 09:52:52 p.m. Nywus ha hecho un backup.
19/04/2019 09:53:13 p.m. /INVISIBLE
19/04/2019 09:53:14 p.m. /INVISIBLE
19/04/2019 09:57:48 p.m. Se conecto con ip:127.0.0.1MT7014029204398#BFEBFBFF0001067A
19/04/2019 09:57:59 p.m. /INVISIBLE
19/04/2019 09:59:21 p.m. Se conecto con ip:127.0.0.1MT7014029204398#BFEBFBFF0001067A
19/04/2019 09:59:36 p.m. /INVISIBLE
22/04/2019 08:23:25 a.m. Se conecto con ip:127.0.0.1MT7014029204398#BFEBFBFF0001067A
22/04/2019 08:23:33 a.m. /INVISIBLE
22/04/2019 08:23:46 a.m. /CI: 1046 Cantidad : 1
22/04/2019 08:26:33 a.m. Se conecto con ip:127.0.0.1MT7014029204398#BFEBFBFF0001067A
22/04/2019 08:26:35 a.m. /INVISIBLE
22/04/2019 08:26:52 a.m. /CI: 1046 Cantidad : 1
22/04/2019 08:29:02 a.m. Se conecto con ip:127.0.0.1MT7014029204398#BFEBFBFF0001067A
22/04/2019 08:29:08 a.m. /INVISIBLE
22/04/2019 08:32:09 a.m. Se conecto con ip:127.0.0.1MT7014029204398#BFEBFBFF0001067A
22/04/2019 08:32:13 a.m. Se conecto con ip:127.0.0.1MT7014029204398#BFEBFBFF0001067A
22/04/2019 08:32:14 a.m. /INVISIBLE
22/04/2019 08:32:43 a.m. /CI: 885 Cantidad : 1
22/04/2019 09:02:25 a.m. Se conecto con ip:127.0.0.1MT7014029204398#BFEBFBFF0001067A
22/04/2019 09:03:01 a.m. Se conecto con ip:127.0.0.1MT7014029204398#BFEBFBFF0001067A
22/04/2019 09:03:03 a.m. /INVISIBLE
22/04/2019 09:04:06 a.m. Agarro:1 Objeto:Sillón
22/04/2019 09:04:07 a.m. Tiró cantidad:1 Objeto:Sillón
22/04/2019 09:04:35 a.m. Agarro:1 Objeto:En Honor a Vince
22/04/2019 09:04:39 a.m. Tiró cantidad:1 Objeto:En Honor a Vince
22/04/2019 09:05:00 a.m. Utilizó un teleport hacia el mapa 209 (51,90)
22/04/2019 09:07:09 a.m. Sumoneó a Herrero en mapa 1
22/04/2019 09:07:33 a.m. Sumoneó a Herrero en mapa 1
22/04/2019 09:11:56 a.m. /CI: 478 Cantidad : 1
22/04/2019 09:11:58 a.m. /DEST
22/04/2019 09:12:02 a.m. /CI: 378 Cantidad : 1
22/04/2019 09:12:04 a.m. /DEST
22/04/2019 09:13:08 a.m. Se conecto con ip:127.0.0.1MT7014029204398#BFEBFBFF0001067A
22/04/2019 09:13:11 a.m. Sumoneó a Herrero en mapa 1
22/04/2019 09:13:29 a.m. /MATA 
22/04/2019 09:13:30 a.m. /INVISIBLE
22/04/2019 09:13:53 a.m. /MOD SKILLS comercio 100 yo
